#
# A fatal error has been detected by the Java Runtime Environment:
#
#  EXCEPTION_ACCESS_VIOLATION (0xc0000005) at pc=0x00007ffe5b8ac4be, pid=716, tid=15348
#
# JRE version: OpenJDK Runtime Environment (11.0+28) (build 11+28)
# Java VM: OpenJDK 64-Bit Server VM (11+28, mixed mode, tiered, compressed oops, g1 gc, windows-amd64)
# Problematic frame:
# C  [native-platform-file-events.dll+0x1c4be]
#
# No core dump will be written. Minidumps are not enabled by default on client versions of Windows
#
# If you would like to submit a bug report, please visit:
#   http://bugreport.java.com/bugreport/crash.jsp
# The crash happened outside the Java Virtual Machine in native code.
# See problematic frame for where to report the bug.
#

---------------  S U M M A R Y ------------

Command Line: --add-opens=java.base/java.util=ALL-UNNAMED --add-opens=java.base/java.lang=ALL-UNNAMED --add-opens=java.base/java.lang.invoke=ALL-UNNAMED --add-opens=java.base/java.util=ALL-UNNAMED --add-opens=java.prefs/java.util.prefs=ALL-UNNAMED --add-opens=java.prefs/java.util.prefs=ALL-UNNAMED --add-opens=java.base/java.nio.charset=ALL-UNNAMED --add-opens=java.base/java.net=ALL-UNNAMED --add-opens=java.base/java.util.concurrent.atomic=ALL-UNNAMED -XX:MaxMetaspaceSize=256m -XX:+HeapDumpOnOutOfMemoryError -Xms256m -Xmx512m -Dfile.encoding=x-windows-949 -Duser.country=KR -Duser.language=ko -Duser.variant org.gradle.launcher.daemon.bootstrap.GradleDaemon 7.1.1

Host: Intel(R) Xeon(R) Gold 6240R CPU @ 2.40GHz, 4 cores, 15G,  Windows 10 , 64 bit Build 18362 (10.0.18362.2037)
Time: Fri May  6 12:19:43 2022 ¢¥eCN©öI¡¾©ö C¡ÍA¨ª¨öA elapsed time: 63 seconds (0d 0h 1m 3s)

---------------  T H R E A D  ---------------

Current thread (0x000001e4eeca4800):  JavaThread "File watcher server" daemon [_thread_in_native, id=15348, stack(0x0000006a96b00000,0x0000006a96c00000)]

Stack: [0x0000006a96b00000,0x0000006a96c00000],  sp=0x0000006a96bfeae0,  free space=1018k
Native frames: (J=compiled Java code, j=interpreted, Vv=VM code, C=native code)
C  [native-platform-file-events.dll+0x1c4be]

Java frames: (J=compiled Java code, j=interpreted, Vv=VM code)
j  net.rubygrapefruit.platform.internal.jni.AbstractFileEventFunctions$NativeFileWatcher.executeRunLoop0(Ljava/lang/Object;)V+0
j  net.rubygrapefruit.platform.internal.jni.AbstractFileEventFunctions$NativeFileWatcher.access$100(Lnet/rubygrapefruit/platform/internal/jni/AbstractFileEventFunctions$NativeFileWatcher;Ljava/lang/Object;)V+2
j  net.rubygrapefruit.platform.internal.jni.AbstractFileEventFunctions$NativeFileWatcher$1.run()V+26
v  ~StubRoutines::call_stub

siginfo: EXCEPTION_ACCESS_VIOLATION (0xc0000005), reading address 0xffffffffffffffff


Register to memory mapping:

RIP=0x00007ffe5b8ac4be native-platform-file-events.dll
RAX=0x2473636974736974 is an unknown value
RBX=0x0000000000000001 is an unknown value
RCX=0x2473636974736974 is an unknown value
RDX=0x0000006a96bfeb38 is pointing into the stack for thread: 0x000001e4eeca4800
RSP=0x0000006a96bfeae0 is pointing into the stack for thread: 0x000001e4eeca4800
RBP=0x0000006a96bff498 is pointing into the stack for thread: 0x000001e4eeca4800
RSI=0x0 is NULL
RDI=
[error occurred during error reporting (printing register info), id 0xc0000005, EXCEPTION_ACCESS_VIOLATION (0xc0000005) at pc=0x00007ffe50573836]

Registers:
RAX=0x2473636974736974, RBX=0x0000000000000001, RCX=0x2473636974736974, RDX=0x0000006a96bfeb38
RSP=0x0000006a96bfeae0, RBP=0x0000006a96bff498, RSI=0x0000000000000000, RDI=0x00000000ffffffff
R8 =0x0000006a96bfeb40, R9 =0x000000007ffe5000, R10=0x0000000000000001, R11=0xfffffffffd137e60
R12=0x0000000000000000, R13=0x000001e4f2808820, R14=0x0000006a96bff4c0, R15=0x000001e4eeca4800
RIP=0x00007ffe5b8ac4be, EFLAGS=0x0000000000010202

Top of Stack: (sp=0x0000006a96bfeae0)
0x0000006a96bfeae0:   000091845877d8dc 0000918457f96d94
0x0000006a96bfeaf0:   000091845877d8dc 00007ffe5b8c7be5
0x0000006a96bfeb00:   0000006a96bfebb8 0000006a96bfeb38
0x0000006a96bfeb10:   0000006a00000000 0000006a96bfeb48
0x0000006a96bfeb20:   0000006a96bf0001 00000174860132cf
0x0000006a96bfeb30:   0000006a96bfeb40 0000000000000008
0x0000006a96bfeb40:   0000918457f96d94 000091845877d8dc
0x0000006a96bfeb50:   0000006a96bff4c0 00007ffe5b8c7777
0x0000006a96bfeb60:   0000006a96bfebb8 0000006a96bfebb0
0x0000006a96bfeb70:   000001e4ee35ba90 00000000ed265848
0x0000006a96bfeb80:   0000000000000000 00007ffe5b8b8bee
0x0000006a96bfeb90:   000091845877d8dc 0000000000000008
0x0000006a96bfeba0:   0000006a963fc300 0000006a96bfec20
0x0000006a96bfebb0:   00009baae0946a5e 0000000000000008
0x0000006a96bfebc0:   000001e4da5f9910 00007ffe5b8ac6ec
0x0000006a96bfebd0:   2473636974736974 0000006a00000003 

Instructions: (pc=0x00007ffe5b8ac4be)
0x00007ffe5b8ac49e:   05 a5 7d 10 00 48 33 c4 48 89 84 24 d0 00 00 00
0x00007ffe5b8ac4ae:   c7 44 24 30 00 00 00 00 48 8b 84 24 f0 00 00 00
0x00007ffe5b8ac4be:   83 78 68 03 0f 84 02 01 00 00 48 8b 84 24 f0 00
0x00007ffe5b8ac4ce:   00 00 48 8b 48 28 ff 15 36 ab 11 00 89 44 24 38 



---------------  P R O C E S S  ---------------

Threads class SMR info:
_java_thread_list=0x000001e4ef9f6940, length=82, elements={
0x000001e4d2334000, 0x000001e4ed670000, 0x000001e4ed671800, 0x000001e4ed6e1000,
0x000001e4ed6e3000, 0x000001e4ed6e6000, 0x000001e4ed751000, 0x000001e4ed754000,
0x000001e4ed7ba000, 0x000001e4ed7de000, 0x000001e4efe4d800, 0x000001e4eef9e000,
0x000001e4ee878800, 0x000001e4ee836800, 0x000001e4eedb9800, 0x000001e4eecab800,
0x000001e4efd10800, 0x000001e4edc1f000, 0x000001e4ef806800, 0x000001e4ee436000,
0x000001e4eeca5000, 0x000001e4eeca3000, 0x000001e4eeca3800, 0x000001e4eeca0800,
0x000001e4eeca4800, 0x000001e4eeca1000, 0x000001e4eec9f800, 0x000001e4f0244000,
0x000001e4f0241000, 0x000001e4f023f000, 0x000001e4f0242800, 0x000001e4f0243800,
0x000001e4f0241800, 0x000001e4eeca2000, 0x000001e4edab4800, 0x000001e4edab3800,
0x000001e4edab6000, 0x000001e4edab0000, 0x000001e4edab7000, 0x000001e4edab5000,
0x000001e4edab1000, 0x000001e4edab7800, 0x000001e4edab2000, 0x000001e4edab8800,
0x000001e4edab2800, 0x000001e4edaba000, 0x000001e4edabd800, 0x000001e4edabb800,
0x000001e4edabb000, 0x000001e4edabc800, 0x000001e4edabe000, 0x000001e4edab9000,
0x000001e4edabf000, 0x000001e4f135a800, 0x000001e4f135b800, 0x000001e4f135c800,
0x000001e4f135d000, 0x000001e4f1357800, 0x000001e4f135e000, 0x000001e4f1358000,
0x000001e4f135e800, 0x000001e4f135f800, 0x000001e4f135a000, 0x000001e4f1363000,
0x000001e4f1363800, 0x000001e4f1365800, 0x000001e4f1362000, 0x000001e4f1364800,
0x000001e4f1360800, 0x000001e4f1361000, 0x000001e4f1366000, 0x000001e4f023e800,
0x000001e4f2d3a800, 0x000001e4f2d3b000, 0x000001e4f2d3d800, 0x000001e4f2d3e800,
0x000001e4f2d3c000, 0x000001e4f33f9000, 0x000001e4f33f8000, 0x000001e4f33f3000,
0x000001e4f33f5800, 0x000001e4f33f9800
}

Java Threads: ( => current thread )
  0x000001e4d2334000 JavaThread "main" [_thread_blocked, id=9280, stack(0x0000006a94800000,0x0000006a94900000)]
  0x000001e4ed670000 JavaThread "Reference Handler" daemon [_thread_blocked, id=5472, stack(0x0000006a94f00000,0x0000006a95000000)]
  0x000001e4ed671800 JavaThread "Finalizer" daemon [_thread_blocked, id=7004, stack(0x0000006a95000000,0x0000006a95100000)]
  0x000001e4ed6e1000 JavaThread "Signal Dispatcher" daemon [_thread_blocked, id=14224, stack(0x0000006a95100000,0x0000006a95200000)]
  0x000001e4ed6e3000 JavaThread "Attach Listener" daemon [_thread_blocked, id=2336, stack(0x0000006a95200000,0x0000006a95300000)]
  0x000001e4ed6e6000 JavaThread "C2 CompilerThread0" daemon [_thread_blocked, id=10748, stack(0x0000006a95300000,0x0000006a95400000)]
  0x000001e4ed751000 JavaThread "C1 CompilerThread0" daemon [_thread_blocked, id=10764, stack(0x0000006a95400000,0x0000006a95500000)]
  0x000001e4ed754000 JavaThread "Sweeper thread" daemon [_thread_blocked, id=12672, stack(0x0000006a95500000,0x0000006a95600000)]
  0x000001e4ed7ba000 JavaThread "Common-Cleaner" daemon [_thread_blocked, id=14920, stack(0x0000006a95600000,0x0000006a95700000)]
  0x000001e4ed7de000 JavaThread "Service Thread" daemon [_thread_blocked, id=5288, stack(0x0000006a95700000,0x0000006a95800000)]
  0x000001e4efe4d800 JavaThread "Daemon health stats" [_thread_blocked, id=9080, stack(0x0000006a95d00000,0x0000006a95e00000)]
  0x000001e4eef9e000 JavaThread "Incoming local TCP Connector on port 61033" [_thread_in_native, id=6336, stack(0x0000006a95e00000,0x0000006a95f00000)]
  0x000001e4ee878800 JavaThread "Daemon periodic checks" [_thread_blocked, id=16184, stack(0x0000006a95f00000,0x0000006a96000000)]
  0x000001e4ee836800 JavaThread "Daemon" [_thread_blocked, id=11964, stack(0x0000006a96000000,0x0000006a96100000)]
  0x000001e4eedb9800 JavaThread "Handler for socket connection from /127.0.0.1:61033 to /127.0.0.1:61034" [_thread_in_native, id=7208, stack(0x0000006a96100000,0x0000006a96200000)]
  0x000001e4eecab800 JavaThread "Cancel handler" [_thread_blocked, id=8664, stack(0x0000006a96200000,0x0000006a96300000)]
  0x000001e4efd10800 JavaThread "Daemon worker" [_thread_in_native, id=15976, stack(0x0000006a96300000,0x0000006a96400000)]
  0x000001e4edc1f000 JavaThread "Asynchronous log dispatcher for DefaultDaemonConnection: socket connection from /127.0.0.1:61033 to /127.0.0.1:61034" [_thread_blocked, id=648, stack(0x0000006a96400000,0x0000006a96500000)]
  0x000001e4ef806800 JavaThread "Stdin handler" [_thread_blocked, id=12632, stack(0x0000006a96500000,0x0000006a96600000)]
  0x000001e4ee436000 JavaThread "Daemon client event forwarder" [_thread_blocked, id=4160, stack(0x0000006a96600000,0x0000006a96700000)]
  0x000001e4eeca5000 JavaThread "Cache worker for journal cache (C:\Users\83868\.gradle\caches\journal-1)" [_thread_blocked, id=8480, stack(0x0000006a96700000,0x0000006a96800000)]
  0x000001e4eeca3000 JavaThread "File lock request listener" [_thread_in_native, id=6356, stack(0x0000006a96800000,0x0000006a96900000)]
  0x000001e4eeca3800 JavaThread "Cache worker for file hash cache (C:\Users\83868\.gradle\caches\7.1.1\fileHashes)" [_thread_blocked, id=16304, stack(0x0000006a96900000,0x0000006a96a00000)]
  0x000001e4eeca0800 JavaThread "Cache worker for file hash cache (D:\Work\Subscription\Backend\.gradle\7.1.1\fileHashes)" [_thread_blocked, id=9156, stack(0x0000006a96a00000,0x0000006a96b00000)]
=>0x000001e4eeca4800 JavaThread "File watcher server" daemon [_thread_in_native, id=15348, stack(0x0000006a96b00000,0x0000006a96c00000)]
  0x000001e4eeca1000 JavaThread "File watcher consumer" daemon [_thread_blocked, id=13580, stack(0x0000006a96c00000,0x0000006a96d00000)]
  0x000001e4eec9f800 JavaThread "Cache worker for checksums cache (D:\Work\Subscription\Backend\.gradle\checksums)" [_thread_blocked, id=7236, stack(0x0000006a96d00000,0x0000006a96e00000)]
  0x000001e4f0244000 JavaThread "Cache worker for cache directory md-rule (C:\Users\83868\.gradle\caches\7.1.1\md-rule)" [_thread_blocked, id=860, stack(0x0000006a96f00000,0x0000006a97000000)]
  0x000001e4f0241000 JavaThread "Cache worker for execution history cache (C:\Users\83868\.gradle\caches\7.1.1\executionHistory)" [_thread_blocked, id=11908, stack(0x0000006a97000000,0x0000006a97100000)]
  0x000001e4f023f000 JavaThread "jar transforms" [_thread_blocked, id=2160, stack(0x0000006a97100000,0x0000006a97200000)]
  0x000001e4f0242800 JavaThread "jar transforms Thread 2" [_thread_blocked, id=9452, stack(0x0000006a97200000,0x0000006a97300000)]
  0x000001e4f0243800 JavaThread "Cache worker for file content cache (C:\Users\83868\.gradle\caches\7.1.1\fileContent)" [_thread_blocked, id=10448, stack(0x0000006a97300000,0x0000006a97400000)]
  0x000001e4f0241800 JavaThread "jar transforms Thread 3" [_thread_blocked, id=1612, stack(0x0000006a97400000,0x0000006a97500000)]
  0x000001e4eeca2000 JavaThread "jar transforms Thread 4" [_thread_blocked, id=11224, stack(0x0000006a97500000,0x0000006a97600000)]
  0x000001e4edab4800 JavaThread "Cache worker for dependencies-accessors (D:\Work\Subscription\Backend\.gradle\7.1.1\dependencies-accessors)" [_thread_blocked, id=8400, stack(0x0000006a97600000,0x0000006a97700000)]
  0x000001e4edab3800 JavaThread "Cache worker for Build Output Cleanup Cache (D:\Work\Subscription\Backend\.gradle\buildOutputCleanup)" [_thread_blocked, id=2776, stack(0x0000006a97700000,0x0000006a97800000)]
  0x000001e4edab6000 JavaThread "Unconstrained build operations" [_thread_blocked, id=10024, stack(0x0000006a97800000,0x0000006a97900000)]
  0x000001e4edab0000 JavaThread "Unconstrained build operations Thread 2" [_thread_blocked, id=588, stack(0x0000006a97900000,0x0000006a97a00000)]
  0x000001e4edab7000 JavaThread "Unconstrained build operations Thread 3" [_thread_blocked, id=2804, stack(0x0000006a97a00000,0x0000006a97b00000)]
  0x000001e4edab5000 JavaThread "Unconstrained build operations Thread 4" [_thread_blocked, id=10680, stack(0x0000006a97b00000,0x0000006a97c00000)]
  0x000001e4edab1000 JavaThread "Unconstrained build operations Thread 5" [_thread_blocked, id=1572, stack(0x0000006a97c00000,0x0000006a97d00000)]
  0x000001e4edab7800 JavaThread "Unconstrained build operations Thread 6" [_thread_blocked, id=8, stack(0x0000006a97d00000,0x0000006a97e00000)]
  0x000001e4edab2000 JavaThread "Unconstrained build operations Thread 7" [_thread_blocked, id=3004, stack(0x0000006a97e00000,0x0000006a97f00000)]
  0x000001e4edab8800 JavaThread "Unconstrained build operations Thread 8" [_thread_blocked, id=5000, stack(0x0000006a97f00000,0x0000006a98000000)]
  0x000001e4edab2800 JavaThread "Unconstrained build operations Thread 9" [_thread_blocked, id=3364, stack(0x0000006a98000000,0x0000006a98100000)]
  0x000001e4edaba000 JavaThread "Unconstrained build operations Thread 10" [_thread_blocked, id=84, stack(0x0000006a98100000,0x0000006a98200000)]
  0x000001e4edabd800 JavaThread "Unconstrained build operations Thread 11" [_thread_blocked, id=14532, stack(0x0000006a98200000,0x0000006a98300000)]
  0x000001e4edabb800 JavaThread "Unconstrained build operations Thread 12" [_thread_blocked, id=15660, stack(0x0000006a98300000,0x0000006a98400000)]
  0x000001e4edabb000 JavaThread "Unconstrained build operations Thread 13" [_thread_blocked, id=8796, stack(0x0000006a98400000,0x0000006a98500000)]
  0x000001e4edabc800 JavaThread "Unconstrained build operations Thread 14" [_thread_blocked, id=112, stack(0x0000006a98500000,0x0000006a98600000)]
  0x000001e4edabe000 JavaThread "Unconstrained build operations Thread 15" [_thread_blocked, id=13040, stack(0x0000006a98600000,0x0000006a98700000)]
  0x000001e4edab9000 JavaThread "Unconstrained build operations Thread 16" [_thread_blocked, id=15392, stack(0x0000006a98700000,0x0000006a98800000)]
  0x000001e4edabf000 JavaThread "Unconstrained build operations Thread 17" [_thread_blocked, id=7652, stack(0x0000006a98800000,0x0000006a98900000)]
  0x000001e4f135a800 JavaThread "Unconstrained build operations Thread 18" [_thread_blocked, id=11644, stack(0x0000006a98900000,0x0000006a98a00000)]
  0x000001e4f135b800 JavaThread "Unconstrained build operations Thread 19" [_thread_blocked, id=15584, stack(0x0000006a98a00000,0x0000006a98b00000)]
  0x000001e4f135c800 JavaThread "Unconstrained build operations Thread 20" [_thread_blocked, id=8316, stack(0x0000006a98b00000,0x0000006a98c00000)]
  0x000001e4f135d000 JavaThread "Memory manager" [_thread_blocked, id=13412, stack(0x0000006a98c00000,0x0000006a98d00000)]
  0x000001e4f1357800 JavaThread "Unconstrained build operations Thread 21" [_thread_blocked, id=10720, stack(0x0000006a98d00000,0x0000006a98e00000)]
  0x000001e4f135e000 JavaThread "Unconstrained build operations Thread 22" [_thread_blocked, id=668, stack(0x0000006a98e00000,0x0000006a98f00000)]
  0x000001e4f1358000 JavaThread "Unconstrained build operations Thread 23" [_thread_blocked, id=15376, stack(0x0000006a98f00000,0x0000006a99000000)]
  0x000001e4f135e800 JavaThread "Unconstrained build operations Thread 24" [_thread_blocked, id=12668, stack(0x0000006a99000000,0x0000006a99100000)]
  0x000001e4f135f800 JavaThread "Unconstrained build operations Thread 25" [_thread_blocked, id=12136, stack(0x0000006a99100000,0x0000006a99200000)]
  0x000001e4f135a000 JavaThread "Unconstrained build operations Thread 26" [_thread_blocked, id=15424, stack(0x0000006a99200000,0x0000006a99300000)]
  0x000001e4f1363000 JavaThread "Unconstrained build operations Thread 27" [_thread_blocked, id=16180, stack(0x0000006a99300000,0x0000006a99400000)]
  0x000001e4f1363800 JavaThread "Unconstrained build operations Thread 28" [_thread_blocked, id=2784, stack(0x0000006a99400000,0x0000006a99500000)]
  0x000001e4f1365800 JavaThread "Unconstrained build operations Thread 29" [_thread_blocked, id=14988, stack(0x0000006a99500000,0x0000006a99600000)]
  0x000001e4f1362000 JavaThread "Unconstrained build operations Thread 30" [_thread_blocked, id=15676, stack(0x0000006a99600000,0x0000006a99700000)]
  0x000001e4f1364800 JavaThread "Unconstrained build operations Thread 31" [_thread_blocked, id=15532, stack(0x0000006a99700000,0x0000006a99800000)]
  0x000001e4f1360800 JavaThread "Unconstrained build operations Thread 32" [_thread_blocked, id=16152, stack(0x0000006a99800000,0x0000006a99900000)]
  0x000001e4f1361000 JavaThread "Unconstrained build operations Thread 33" [_thread_blocked, id=9856, stack(0x0000006a99900000,0x0000006a99a00000)]
  0x000001e4f1366000 JavaThread "Unconstrained build operations Thread 34" [_thread_blocked, id=8476, stack(0x0000006a99a00000,0x0000006a99b00000)]
  0x000001e4f023e800 JavaThread "Unconstrained build operations Thread 35" [_thread_blocked, id=16356, stack(0x0000006a99b00000,0x0000006a99c00000)]
  0x000001e4f2d3a800 JavaThread "Unconstrained build operations Thread 36" [_thread_blocked, id=16108, stack(0x0000006a99c00000,0x0000006a99d00000)]
  0x000001e4f2d3b000 JavaThread "Unconstrained build operations Thread 37" [_thread_blocked, id=16380, stack(0x0000006a99d00000,0x0000006a99e00000)]
  0x000001e4f2d3d800 JavaThread "Unconstrained build operations Thread 38" [_thread_blocked, id=4524, stack(0x0000006a99e00000,0x0000006a99f00000)]
  0x000001e4f2d3e800 JavaThread "Unconstrained build operations Thread 39" [_thread_blocked, id=15904, stack(0x0000006a99f00000,0x0000006a9a000000)]
  0x000001e4f2d3c000 JavaThread "Unconstrained build operations Thread 40" [_thread_blocked, id=15688, stack(0x0000006a9a000000,0x0000006a9a100000)]
  0x000001e4f33f9000 JavaThread "Cache worker for Java compile cache (C:\Users\83868\.gradle\caches\7.1.1\javaCompile)" [_thread_blocked, id=8000, stack(0x0000006a95c00000,0x0000006a95d00000)]
  0x000001e4f33f8000 JavaThread "Build operations" [_thread_blocked, id=988, stack(0x0000006a9a500000,0x0000006a9a600000)]
  0x000001e4f33f3000 JavaThread "Build operations Thread 2" [_thread_blocked, id=8840, stack(0x0000006a9a600000,0x0000006a9a700000)]
  0x000001e4f33f5800 JavaThread "Build operations Thread 3" [_thread_blocked, id=7144, stack(0x0000006a9a700000,0x0000006a9a800000)]
  0x000001e4f33f9800 JavaThread "Build operations Thread 4" [_thread_blocked, id=15508, stack(0x0000006a9a800000,0x0000006a9a900000)]

Other Threads:
  0x000001e4ed66f000 VMThread "VM Thread" [stack: 0x0000006a94e00000,0x0000006a94f00000] [id=15504]
  0x000001e4ed87a800 WatcherThread [stack: 0x0000006a95800000,0x0000006a95900000] [id=16060]
  0x000001e4d234d800 GCTaskThread "GC Thread#0" [stack: 0x0000006a94900000,0x0000006a94a00000] [id=3056]
  0x000001e4edf6e800 GCTaskThread "GC Thread#1" [stack: 0x0000006a95900000,0x0000006a95a00000] [id=12912]
  0x000001e4edc74800 GCTaskThread "GC Thread#2" [stack: 0x0000006a95a00000,0x0000006a95b00000] [id=12952]
  0x000001e4edc53800 GCTaskThread "GC Thread#3" [stack: 0x0000006a95b00000,0x0000006a95c00000] [id=11860]
  0x000001e4d2371000 ConcurrentGCThread "G1 Main Marker" [stack: 0x0000006a94a00000,0x0000006a94b00000] [id=820]
  0x000001e4d2374000 ConcurrentGCThread "G1 Conc#0" [stack: 0x0000006a94b00000,0x0000006a94c00000] [id=5304]
  0x000001e4ecd04000 ConcurrentGCThread "G1 Refine#0" [stack: 0x0000006a94c00000,0x0000006a94d00000] [id=4900]
  0x000001e4ef074800 ConcurrentGCThread "G1 Refine#1" [stack: 0x0000006a9a900000,0x0000006a9aa00000] [id=11900]
  0x000001e4f34b1800 ConcurrentGCThread "G1 Refine#2" [stack: 0x0000006a9aa00000,0x0000006a9ab00000] [id=788]
  0x000001e4f34b2000 ConcurrentGCThread "G1 Refine#3" [stack: 0x0000006a9ab00000,0x0000006a9ac00000] [id=8108]
  0x000001e4ecd05000 ConcurrentGCThread "G1 Young RemSet Sampling" [stack: 0x0000006a94d00000,0x0000006a94e00000] [id=11704]

Threads with active compile tasks:

VM state:not at safepoint (normal execution)

VM Mutex/Monitor currently owned by a thread: None

Heap address: 0x00000000e0000000, size: 512 MB, Compressed Oops mode: 32-bit
Narrow klass base: 0x0000000000000000, Narrow klass shift: 3
Compressed class space size: 260046848 Address: 0x0000000100000000

Heap:
 garbage-first heap   total 262144K, used 164539K [0x00000000e0000000, 0x0000000100000000)
  region size 1024K, 19 young (19456K), 9 survivors (9216K)
 Metaspace       used 75760K, capacity 78016K, committed 78336K, reserved 323584K
  class space    used 9272K, capacity 10141K, committed 10240K, reserved 253952K
Heap Regions: E=young(eden), S=young(survivor), O=old, HS=humongous(starts), HC=humongous(continues), CS=collection set, F=free, A=archive, TAMS=top-at-mark-start (previous, next)
|   0|0x00000000e0000000, 0x00000000e0100000, 0x00000000e0100000|100%|HS|  |TAMS 0x00000000e0100000, 0x00000000e0000000| Complete 
|   1|0x00000000e0100000, 0x00000000e0200000, 0x00000000e0200000|100%|HC|  |TAMS 0x00000000e0200000, 0x00000000e0100000| Complete 
|   2|0x00000000e0200000, 0x00000000e0300000, 0x00000000e0300000|100%|HC|  |TAMS 0x00000000e0300000, 0x00000000e0200000| Complete 
|   3|0x00000000e0300000, 0x00000000e0400000, 0x00000000e0400000|100%| O|  |TAMS 0x00000000e0400000, 0x00000000e0300000| Untracked 
|   4|0x00000000e0400000, 0x00000000e0500000, 0x00000000e0500000|100%| O|  |TAMS 0x00000000e0500000, 0x00000000e0400000| Untracked 
|   5|0x00000000e0500000, 0x00000000e0600000, 0x00000000e0600000|100%| O|  |TAMS 0x00000000e0600000, 0x00000000e0500000| Untracked 
|   6|0x00000000e0600000, 0x00000000e0700000, 0x00000000e0700000|100%| O|  |TAMS 0x00000000e0700000, 0x00000000e0600000| Untracked 
|   7|0x00000000e0700000, 0x00000000e0800000, 0x00000000e0800000|100%| O|  |TAMS 0x00000000e0800000, 0x00000000e0700000| Untracked 
|   8|0x00000000e0800000, 0x00000000e0900000, 0x00000000e0900000|100%| O|  |TAMS 0x00000000e0900000, 0x00000000e0800000| Untracked 
|   9|0x00000000e0900000, 0x00000000e0a00000, 0x00000000e0a00000|100%| O|  |TAMS 0x00000000e0a00000, 0x00000000e0900000| Untracked 
|  10|0x00000000e0a00000, 0x00000000e0b00000, 0x00000000e0b00000|100%| O|  |TAMS 0x00000000e0b00000, 0x00000000e0a00000| Untracked 
|  11|0x00000000e0b00000, 0x00000000e0c00000, 0x00000000e0c00000|100%| O|  |TAMS 0x00000000e0c00000, 0x00000000e0b00000| Untracked 
|  12|0x00000000e0c00000, 0x00000000e0d00000, 0x00000000e0d00000|100%| O|  |TAMS 0x00000000e0d00000, 0x00000000e0c00000| Untracked 
|  13|0x00000000e0d00000, 0x00000000e0e00000, 0x00000000e0e00000|100%| O|  |TAMS 0x00000000e0e00000, 0x00000000e0d00000| Untracked 
|  14|0x00000000e0e00000, 0x00000000e0f00000, 0x00000000e0f00000|100%| O|  |TAMS 0x00000000e0f00000, 0x00000000e0e00000| Untracked 
|  15|0x00000000e0f00000, 0x00000000e1000000, 0x00000000e1000000|100%| O|  |TAMS 0x00000000e1000000, 0x00000000e0f00000| Untracked 
|  16|0x00000000e1000000, 0x00000000e1100000, 0x00000000e1100000|100%| O|  |TAMS 0x00000000e1100000, 0x00000000e1000000| Untracked 
|  17|0x00000000e1100000, 0x00000000e1200000, 0x00000000e1200000|100%| O|  |TAMS 0x00000000e1200000, 0x00000000e1100000| Untracked 
|  18|0x00000000e1200000, 0x00000000e1300000, 0x00000000e1300000|100%| O|  |TAMS 0x00000000e1300000, 0x00000000e1200000| Untracked 
|  19|0x00000000e1300000, 0x00000000e1400000, 0x00000000e1400000|100%| O|  |TAMS 0x00000000e1400000, 0x00000000e1300000| Untracked 
|  20|0x00000000e1400000, 0x00000000e1500000, 0x00000000e1500000|100%| O|  |TAMS 0x00000000e1500000, 0x00000000e1400000| Untracked 
|  21|0x00000000e1500000, 0x00000000e1600000, 0x00000000e1600000|100%| O|  |TAMS 0x00000000e1600000, 0x00000000e1500000| Untracked 
|  22|0x00000000e1600000, 0x00000000e1700000, 0x00000000e1700000|100%| O|  |TAMS 0x00000000e1700000, 0x00000000e1600000| Untracked 
|  23|0x00000000e1700000, 0x00000000e1800000, 0x00000000e1800000|100%| O|  |TAMS 0x00000000e1800000, 0x00000000e1700000| Untracked 
|  24|0x00000000e1800000, 0x00000000e1900000, 0x00000000e1900000|100%| O|  |TAMS 0x00000000e1900000, 0x00000000e1800000| Untracked 
|  25|0x00000000e1900000, 0x00000000e1a00000, 0x00000000e1a00000|100%| O|  |TAMS 0x00000000e1a00000, 0x00000000e1900000| Untracked 
|  26|0x00000000e1a00000, 0x00000000e1b00000, 0x00000000e1b00000|100%| O|  |TAMS 0x00000000e1b00000, 0x00000000e1a00000| Untracked 
|  27|0x00000000e1b00000, 0x00000000e1c00000, 0x00000000e1c00000|100%| O|  |TAMS 0x00000000e1c00000, 0x00000000e1b00000| Untracked 
|  28|0x00000000e1c00000, 0x00000000e1d00000, 0x00000000e1d00000|100%| O|  |TAMS 0x00000000e1d00000, 0x00000000e1c00000| Untracked 
|  29|0x00000000e1d00000, 0x00000000e1e00000, 0x00000000e1e00000|100%| O|  |TAMS 0x00000000e1e00000, 0x00000000e1d00000| Untracked 
|  30|0x00000000e1e00000, 0x00000000e1f00000, 0x00000000e1f00000|100%| O|  |TAMS 0x00000000e1f00000, 0x00000000e1e00000| Untracked 
|  31|0x00000000e1f00000, 0x00000000e2000000, 0x00000000e2000000|100%| O|  |TAMS 0x00000000e2000000, 0x00000000e1f00000| Untracked 
|  32|0x00000000e2000000, 0x00000000e2100000, 0x00000000e2100000|100%| O|  |TAMS 0x00000000e2100000, 0x00000000e2000000| Untracked 
|  33|0x00000000e2100000, 0x00000000e2200000, 0x00000000e2200000|100%| O|  |TAMS 0x00000000e2200000, 0x00000000e2100000| Untracked 
|  34|0x00000000e2200000, 0x00000000e2300000, 0x00000000e2300000|100%| O|  |TAMS 0x00000000e2300000, 0x00000000e2200000| Untracked 
|  35|0x00000000e2300000, 0x00000000e2400000, 0x00000000e2400000|100%| O|  |TAMS 0x00000000e2400000, 0x00000000e2300000| Untracked 
|  36|0x00000000e2400000, 0x00000000e2500000, 0x00000000e2500000|100%| O|  |TAMS 0x00000000e2500000, 0x00000000e2400000| Untracked 
|  37|0x00000000e2500000, 0x00000000e2600000, 0x00000000e2600000|100%| O|  |TAMS 0x00000000e2600000, 0x00000000e2500000| Untracked 
|  38|0x00000000e2600000, 0x00000000e2700000, 0x00000000e2700000|100%|HS|  |TAMS 0x00000000e2700000, 0x00000000e2600000| Complete 
|  39|0x00000000e2700000, 0x00000000e2800000, 0x00000000e2800000|100%| O|  |TAMS 0x00000000e2800000, 0x00000000e2700000| Untracked 
|  40|0x00000000e2800000, 0x00000000e2900000, 0x00000000e2900000|100%| O|  |TAMS 0x00000000e2900000, 0x00000000e2800000| Untracked 
|  41|0x00000000e2900000, 0x00000000e2a00000, 0x00000000e2a00000|100%| O|  |TAMS 0x00000000e2a00000, 0x00000000e2900000| Untracked 
|  42|0x00000000e2a00000, 0x00000000e2b00000, 0x00000000e2b00000|100%| O|  |TAMS 0x00000000e2b00000, 0x00000000e2a00000| Untracked 
|  43|0x00000000e2b00000, 0x00000000e2c00000, 0x00000000e2c00000|100%| O|  |TAMS 0x00000000e2c00000, 0x00000000e2b00000| Untracked 
|  44|0x00000000e2c00000, 0x00000000e2d00000, 0x00000000e2d00000|100%| O|  |TAMS 0x00000000e2d00000, 0x00000000e2c00000| Untracked 
|  45|0x00000000e2d00000, 0x00000000e2e00000, 0x00000000e2e00000|100%| O|  |TAMS 0x00000000e2e00000, 0x00000000e2d00000| Untracked 
|  46|0x00000000e2e00000, 0x00000000e2f00000, 0x00000000e2f00000|100%| O|  |TAMS 0x00000000e2f00000, 0x00000000e2e00000| Untracked 
|  47|0x00000000e2f00000, 0x00000000e3000000, 0x00000000e3000000|100%| O|  |TAMS 0x00000000e3000000, 0x00000000e2f00000| Untracked 
|  48|0x00000000e3000000, 0x00000000e3100000, 0x00000000e3100000|100%| O|  |TAMS 0x00000000e3100000, 0x00000000e3000000| Untracked 
|  49|0x00000000e3100000, 0x00000000e3200000, 0x00000000e3200000|100%| O|  |TAMS 0x00000000e3200000, 0x00000000e3100000| Untracked 
|  50|0x00000000e3200000, 0x00000000e3300000, 0x00000000e3300000|100%| O|  |TAMS 0x00000000e3300000, 0x00000000e3200000| Untracked 
|  51|0x00000000e3300000, 0x00000000e3400000, 0x00000000e3400000|100%| O|  |TAMS 0x00000000e3400000, 0x00000000e3300000| Untracked 
|  52|0x00000000e3400000, 0x00000000e3500000, 0x00000000e3500000|100%| O|  |TAMS 0x00000000e3500000, 0x00000000e3400000| Untracked 
|  53|0x00000000e3500000, 0x00000000e3600000, 0x00000000e3600000|100%| O|  |TAMS 0x00000000e3600000, 0x00000000e3500000| Untracked 
|  54|0x00000000e3600000, 0x00000000e3700000, 0x00000000e3700000|100%| O|  |TAMS 0x00000000e3700000, 0x00000000e3600000| Untracked 
|  55|0x00000000e3700000, 0x00000000e3800000, 0x00000000e3800000|100%| O|  |TAMS 0x00000000e3800000, 0x00000000e3700000| Untracked 
|  56|0x00000000e3800000, 0x00000000e3900000, 0x00000000e3900000|100%| O|  |TAMS 0x00000000e3900000, 0x00000000e3800000| Untracked 
|  57|0x00000000e3900000, 0x00000000e3a00000, 0x00000000e3a00000|100%| O|  |TAMS 0x00000000e3a00000, 0x00000000e3900000| Untracked 
|  58|0x00000000e3a00000, 0x00000000e3b00000, 0x00000000e3b00000|100%| O|  |TAMS 0x00000000e3b00000, 0x00000000e3a00000| Untracked 
|  59|0x00000000e3b00000, 0x00000000e3c00000, 0x00000000e3c00000|100%| O|  |TAMS 0x00000000e3c00000, 0x00000000e3b00000| Untracked 
|  60|0x00000000e3c00000, 0x00000000e3d00000, 0x00000000e3d00000|100%| O|  |TAMS 0x00000000e3d00000, 0x00000000e3c00000| Untracked 
|  61|0x00000000e3d00000, 0x00000000e3e00000, 0x00000000e3e00000|100%| O|  |TAMS 0x00000000e3e00000, 0x00000000e3d00000| Untracked 
|  62|0x00000000e3e00000, 0x00000000e3f00000, 0x00000000e3f00000|100%| O|  |TAMS 0x00000000e3f00000, 0x00000000e3e00000| Untracked 
|  63|0x00000000e3f00000, 0x00000000e4000000, 0x00000000e4000000|100%| O|  |TAMS 0x00000000e4000000, 0x00000000e3f00000| Untracked 
|  64|0x00000000e4000000, 0x00000000e4100000, 0x00000000e4100000|100%| O|  |TAMS 0x00000000e4100000, 0x00000000e4000000| Untracked 
|  65|0x00000000e4100000, 0x00000000e4200000, 0x00000000e4200000|100%| O|  |TAMS 0x00000000e4200000, 0x00000000e4100000| Untracked 
|  66|0x00000000e4200000, 0x00000000e4300000, 0x00000000e4300000|100%| O|  |TAMS 0x00000000e4300000, 0x00000000e4200000| Untracked 
|  67|0x00000000e4300000, 0x00000000e4400000, 0x00000000e4400000|100%| O|  |TAMS 0x00000000e4400000, 0x00000000e4300000| Untracked 
|  68|0x00000000e4400000, 0x00000000e4500000, 0x00000000e4500000|100%| O|  |TAMS 0x00000000e4500000, 0x00000000e4400000| Untracked 
|  69|0x00000000e4500000, 0x00000000e4600000, 0x00000000e4600000|100%| O|  |TAMS 0x00000000e4600000, 0x00000000e4500000| Untracked 
|  70|0x00000000e4600000, 0x00000000e4700000, 0x00000000e4700000|100%| O|  |TAMS 0x00000000e4700000, 0x00000000e4600000| Untracked 
|  71|0x00000000e4700000, 0x00000000e4800000, 0x00000000e4800000|100%| O|  |TAMS 0x00000000e4800000, 0x00000000e4700000| Untracked 
|  72|0x00000000e4800000, 0x00000000e4900000, 0x00000000e4900000|100%| O|  |TAMS 0x00000000e4900000, 0x00000000e4800000| Untracked 
|  73|0x00000000e4900000, 0x00000000e4a00000, 0x00000000e4a00000|100%| O|  |TAMS 0x00000000e4a00000, 0x00000000e4900000| Untracked 
|  74|0x00000000e4a00000, 0x00000000e4b00000, 0x00000000e4b00000|100%|HS|  |TAMS 0x00000000e4b00000, 0x00000000e4a00000| Complete 
|  75|0x00000000e4b00000, 0x00000000e4c00000, 0x00000000e4c00000|100%| O|  |TAMS 0x00000000e4c00000, 0x00000000e4b00000| Untracked 
|  76|0x00000000e4c00000, 0x00000000e4d00000, 0x00000000e4d00000|100%| O|  |TAMS 0x00000000e4d00000, 0x00000000e4c00000| Untracked 
|  77|0x00000000e4d00000, 0x00000000e4e00000, 0x00000000e4e00000|100%|HS|  |TAMS 0x00000000e4e00000, 0x00000000e4d00000| Complete 
|  78|0x00000000e4e00000, 0x00000000e4f00000, 0x00000000e4f00000|100%| O|  |TAMS 0x00000000e4f00000, 0x00000000e4e00000| Untracked 
|  79|0x00000000e4f00000, 0x00000000e5000000, 0x00000000e5000000|100%| O|  |TAMS 0x00000000e5000000, 0x00000000e4f00000| Untracked 
|  80|0x00000000e5000000, 0x00000000e5100000, 0x00000000e5100000|100%| O|  |TAMS 0x00000000e5100000, 0x00000000e5000000| Untracked 
|  81|0x00000000e5100000, 0x00000000e5200000, 0x00000000e5200000|100%| O|  |TAMS 0x00000000e5200000, 0x00000000e5100000| Untracked 
|  82|0x00000000e5200000, 0x00000000e5300000, 0x00000000e5300000|100%| O|  |TAMS 0x00000000e5300000, 0x00000000e5200000| Untracked 
|  83|0x00000000e5300000, 0x00000000e5400000, 0x00000000e5400000|100%| O|  |TAMS 0x00000000e5400000, 0x00000000e5300000| Untracked 
|  84|0x00000000e5400000, 0x00000000e5500000, 0x00000000e5500000|100%| O|  |TAMS 0x00000000e5500000, 0x00000000e5400000| Untracked 
|  85|0x00000000e5500000, 0x00000000e5600000, 0x00000000e5600000|100%| O|  |TAMS 0x00000000e5600000, 0x00000000e5500000| Untracked 
|  86|0x00000000e5600000, 0x00000000e5700000, 0x00000000e5700000|100%| O|  |TAMS 0x00000000e5700000, 0x00000000e5600000| Untracked 
|  87|0x00000000e5700000, 0x00000000e5800000, 0x00000000e5800000|100%| O|  |TAMS 0x00000000e5800000, 0x00000000e5700000| Untracked 
|  88|0x00000000e5800000, 0x00000000e5900000, 0x00000000e5900000|100%| O|  |TAMS 0x00000000e5900000, 0x00000000e5800000| Untracked 
|  89|0x00000000e5900000, 0x00000000e5a00000, 0x00000000e5a00000|100%| O|  |TAMS 0x00000000e5a00000, 0x00000000e5900000| Untracked 
|  90|0x00000000e5a00000, 0x00000000e5b00000, 0x00000000e5b00000|100%| O|  |TAMS 0x00000000e5b00000, 0x00000000e5a00000| Untracked 
|  91|0x00000000e5b00000, 0x00000000e5c00000, 0x00000000e5c00000|100%| O|  |TAMS 0x00000000e5c00000, 0x00000000e5b00000| Untracked 
|  92|0x00000000e5c00000, 0x00000000e5d00000, 0x00000000e5d00000|100%| O|  |TAMS 0x00000000e5d00000, 0x00000000e5c00000| Untracked 
|  93|0x00000000e5d00000, 0x00000000e5e00000, 0x00000000e5e00000|100%| O|  |TAMS 0x00000000e5e00000, 0x00000000e5d00000| Untracked 
|  94|0x00000000e5e00000, 0x00000000e5f00000, 0x00000000e5f00000|100%| O|  |TAMS 0x00000000e5f00000, 0x00000000e5e00000| Untracked 
|  95|0x00000000e5f00000, 0x00000000e6000000, 0x00000000e6000000|100%| O|  |TAMS 0x00000000e6000000, 0x00000000e5f00000| Untracked 
|  96|0x00000000e6000000, 0x00000000e6100000, 0x00000000e6100000|100%| O|  |TAMS 0x00000000e6100000, 0x00000000e6000000| Untracked 
|  97|0x00000000e6100000, 0x00000000e6200000, 0x00000000e6200000|100%| O|  |TAMS 0x00000000e6200000, 0x00000000e6100000| Untracked 
|  98|0x00000000e6200000, 0x00000000e6300000, 0x00000000e6300000|100%| O|  |TAMS 0x00000000e6300000, 0x00000000e6200000| Untracked 
|  99|0x00000000e6300000, 0x00000000e6400000, 0x00000000e6400000|100%| O|  |TAMS 0x00000000e6400000, 0x00000000e6300000| Untracked 
| 100|0x00000000e6400000, 0x00000000e6500000, 0x00000000e6500000|100%| O|  |TAMS 0x00000000e6500000, 0x00000000e6400000| Untracked 
| 101|0x00000000e6500000, 0x00000000e6600000, 0x00000000e6600000|100%| O|  |TAMS 0x00000000e6600000, 0x00000000e6500000| Untracked 
| 102|0x00000000e6600000, 0x00000000e6700000, 0x00000000e6700000|100%| O|  |TAMS 0x00000000e6700000, 0x00000000e6600000| Untracked 
| 103|0x00000000e6700000, 0x00000000e6800000, 0x00000000e6800000|100%| O|  |TAMS 0x00000000e6800000, 0x00000000e6700000| Untracked 
| 104|0x00000000e6800000, 0x00000000e6900000, 0x00000000e6900000|100%| O|  |TAMS 0x00000000e6900000, 0x00000000e6800000| Untracked 
| 105|0x00000000e6900000, 0x00000000e6a00000, 0x00000000e6a00000|100%| O|  |TAMS 0x00000000e6a00000, 0x00000000e6900000| Untracked 
| 106|0x00000000e6a00000, 0x00000000e6b00000, 0x00000000e6b00000|100%| O|  |TAMS 0x00000000e6b00000, 0x00000000e6a00000| Untracked 
| 107|0x00000000e6b00000, 0x00000000e6c00000, 0x00000000e6c00000|100%| O|  |TAMS 0x00000000e6c00000, 0x00000000e6b00000| Untracked 
| 108|0x00000000e6c00000, 0x00000000e6d00000, 0x00000000e6d00000|100%| O|  |TAMS 0x00000000e6d00000, 0x00000000e6c00000| Untracked 
| 109|0x00000000e6d00000, 0x00000000e6e00000, 0x00000000e6e00000|100%| O|  |TAMS 0x00000000e6e00000, 0x00000000e6d00000| Untracked 
| 110|0x00000000e6e00000, 0x00000000e6f00000, 0x00000000e6f00000|100%| O|  |TAMS 0x00000000e6f00000, 0x00000000e6e00000| Untracked 
| 111|0x00000000e6f00000, 0x00000000e7000000, 0x00000000e7000000|100%| O|  |TAMS 0x00000000e7000000, 0x00000000e6f00000| Untracked 
| 112|0x00000000e7000000, 0x00000000e7100000, 0x00000000e7100000|100%| O|  |TAMS 0x00000000e7100000, 0x00000000e7000000| Untracked 
| 113|0x00000000e7100000, 0x00000000e7200000, 0x00000000e7200000|100%| O|  |TAMS 0x00000000e7200000, 0x00000000e7100000| Untracked 
| 114|0x00000000e7200000, 0x00000000e7300000, 0x00000000e7300000|100%| O|  |TAMS 0x00000000e7300000, 0x00000000e7200000| Untracked 
| 115|0x00000000e7300000, 0x00000000e7400000, 0x00000000e7400000|100%| O|  |TAMS 0x00000000e7400000, 0x00000000e7300000| Untracked 
| 116|0x00000000e7400000, 0x00000000e7500000, 0x00000000e7500000|100%| O|  |TAMS 0x00000000e7500000, 0x00000000e7400000| Untracked 
| 117|0x00000000e7500000, 0x00000000e7600000, 0x00000000e7600000|100%| O|  |TAMS 0x00000000e7600000, 0x00000000e7500000| Untracked 
| 118|0x00000000e7600000, 0x00000000e7700000, 0x00000000e7700000|100%| O|  |TAMS 0x00000000e7700000, 0x00000000e7600000| Untracked 
| 119|0x00000000e7700000, 0x00000000e7800000, 0x00000000e7800000|100%| O|  |TAMS 0x00000000e7800000, 0x00000000e7700000| Untracked 
| 120|0x00000000e7800000, 0x00000000e7900000, 0x00000000e7900000|100%| O|  |TAMS 0x00000000e7900000, 0x00000000e7800000| Untracked 
| 121|0x00000000e7900000, 0x00000000e7a00000, 0x00000000e7a00000|100%| O|  |TAMS 0x00000000e7a00000, 0x00000000e7900000| Untracked 
| 122|0x00000000e7a00000, 0x00000000e7b00000, 0x00000000e7b00000|100%| O|  |TAMS 0x00000000e7b00000, 0x00000000e7a00000| Untracked 
| 123|0x00000000e7b00000, 0x00000000e7c00000, 0x00000000e7c00000|100%| O|  |TAMS 0x00000000e7c00000, 0x00000000e7b00000| Untracked 
| 124|0x00000000e7c00000, 0x00000000e7d00000, 0x00000000e7d00000|100%|HS|  |TAMS 0x00000000e7d00000, 0x00000000e7c00000| Complete 
| 125|0x00000000e7d00000, 0x00000000e7e00000, 0x00000000e7e00000|100%|HC|  |TAMS 0x00000000e7e00000, 0x00000000e7d00000| Complete 
| 126|0x00000000e7e00000, 0x00000000e7f00000, 0x00000000e7f00000|100%| O|  |TAMS 0x00000000e7f00000, 0x00000000e7e00000| Untracked 
| 127|0x00000000e7f00000, 0x00000000e8000000, 0x00000000e8000000|100%| O|  |TAMS 0x00000000e8000000, 0x00000000e7f00000| Untracked 
| 128|0x00000000e8000000, 0x00000000e8100000, 0x00000000e8100000|100%| O|  |TAMS 0x00000000e8100000, 0x00000000e8000000| Untracked 
| 129|0x00000000e8100000, 0x00000000e8200000, 0x00000000e8200000|100%| O|  |TAMS 0x00000000e8200000, 0x00000000e8100000| Untracked 
| 130|0x00000000e8200000, 0x00000000e8300000, 0x00000000e8300000|100%| O|  |TAMS 0x00000000e8300000, 0x00000000e8200000| Untracked 
| 131|0x00000000e8300000, 0x00000000e8400000, 0x00000000e8400000|100%| O|  |TAMS 0x00000000e8400000, 0x00000000e8300000| Untracked 
| 132|0x00000000e8400000, 0x00000000e8500000, 0x00000000e8500000|100%| O|  |TAMS 0x00000000e8500000, 0x00000000e8400000| Untracked 
| 133|0x00000000e8500000, 0x00000000e8600000, 0x00000000e8600000|100%| O|  |TAMS 0x00000000e8600000, 0x00000000e8500000| Untracked 
| 134|0x00000000e8600000, 0x00000000e8700000, 0x00000000e8700000|100%| O|  |TAMS 0x00000000e8700000, 0x00000000e8600000| Untracked 
| 135|0x00000000e8700000, 0x00000000e8800000, 0x00000000e8800000|100%| O|  |TAMS 0x00000000e8800000, 0x00000000e8700000| Untracked 
| 136|0x00000000e8800000, 0x00000000e8900000, 0x00000000e8900000|100%| O|  |TAMS 0x00000000e8900000, 0x00000000e8800000| Untracked 
| 137|0x00000000e8900000, 0x00000000e8a00000, 0x00000000e8a00000|100%| O|  |TAMS 0x00000000e8a00000, 0x00000000e8900000| Untracked 
| 138|0x00000000e8a00000, 0x00000000e8b00000, 0x00000000e8b00000|100%| O|  |TAMS 0x00000000e8b00000, 0x00000000e8a00000| Untracked 
| 139|0x00000000e8b00000, 0x00000000e8c00000, 0x00000000e8c00000|100%| O|  |TAMS 0x00000000e8c00000, 0x00000000e8b00000| Untracked 
| 140|0x00000000e8c00000, 0x00000000e8d00000, 0x00000000e8d00000|100%| O|  |TAMS 0x00000000e8d00000, 0x00000000e8c00000| Untracked 
| 141|0x00000000e8d00000, 0x00000000e8e00000, 0x00000000e8e00000|100%| O|  |TAMS 0x00000000e8e00000, 0x00000000e8d00000| Untracked 
| 142|0x00000000e8e00000, 0x00000000e8eaee00, 0x00000000e8f00000| 68%| O|  |TAMS 0x00000000e8eaee00, 0x00000000e8e00000| Untracked 
| 143|0x00000000e8f00000, 0x00000000e8f00000, 0x00000000e9000000|  0%| F|  |TAMS 0x00000000e8f00000, 0x00000000e8f00000| Untracked 
| 144|0x00000000e9000000, 0x00000000e9000000, 0x00000000e9100000|  0%| F|  |TAMS 0x00000000e9000000, 0x00000000e9000000| Untracked 
| 145|0x00000000e9100000, 0x00000000e9100000, 0x00000000e9200000|  0%| F|  |TAMS 0x00000000e9100000, 0x00000000e9100000| Untracked 
| 146|0x00000000e9200000, 0x00000000e9200000, 0x00000000e9300000|  0%| F|  |TAMS 0x00000000e9200000, 0x00000000e9200000| Untracked 
| 147|0x00000000e9300000, 0x00000000e9300000, 0x00000000e9400000|  0%| F|  |TAMS 0x00000000e9300000, 0x00000000e9300000| Untracked 
| 148|0x00000000e9400000, 0x00000000e9400000, 0x00000000e9500000|  0%| F|  |TAMS 0x00000000e9400000, 0x00000000e9400000| Untracked 
| 149|0x00000000e9500000, 0x00000000e9500000, 0x00000000e9600000|  0%| F|  |TAMS 0x00000000e9500000, 0x00000000e9500000| Untracked 
| 150|0x00000000e9600000, 0x00000000e9600000, 0x00000000e9700000|  0%| F|  |TAMS 0x00000000e9600000, 0x00000000e9600000| Untracked 
| 151|0x00000000e9700000, 0x00000000e9700000, 0x00000000e9800000|  0%| F|  |TAMS 0x00000000e9700000, 0x00000000e9700000| Untracked 
| 152|0x00000000e9800000, 0x00000000e9800000, 0x00000000e9900000|  0%| F|  |TAMS 0x00000000e9800000, 0x00000000e9800000| Untracked 
| 153|0x00000000e9900000, 0x00000000e9900000, 0x00000000e9a00000|  0%| F|  |TAMS 0x00000000e9900000, 0x00000000e9900000| Untracked 
| 154|0x00000000e9a00000, 0x00000000e9a00000, 0x00000000e9b00000|  0%| F|  |TAMS 0x00000000e9a00000, 0x00000000e9a00000| Untracked 
| 155|0x00000000e9b00000, 0x00000000e9b00000, 0x00000000e9c00000|  0%| F|  |TAMS 0x00000000e9b00000, 0x00000000e9b00000| Untracked 
| 156|0x00000000e9c00000, 0x00000000e9c00000, 0x00000000e9d00000|  0%| F|  |TAMS 0x00000000e9c00000, 0x00000000e9c00000| Untracked 
| 157|0x00000000e9d00000, 0x00000000e9d00000, 0x00000000e9e00000|  0%| F|  |TAMS 0x00000000e9d00000, 0x00000000e9d00000| Untracked 
| 158|0x00000000e9e00000, 0x00000000e9e00000, 0x00000000e9f00000|  0%| F|  |TAMS 0x00000000e9e00000, 0x00000000e9e00000| Untracked 
| 159|0x00000000e9f00000, 0x00000000e9f00000, 0x00000000ea000000|  0%| F|  |TAMS 0x00000000e9f00000, 0x00000000e9f00000| Untracked 
| 160|0x00000000ea000000, 0x00000000ea000000, 0x00000000ea100000|  0%| F|  |TAMS 0x00000000ea000000, 0x00000000ea000000| Untracked 
| 161|0x00000000ea100000, 0x00000000ea100000, 0x00000000ea200000|  0%| F|  |TAMS 0x00000000ea100000, 0x00000000ea100000| Untracked 
| 162|0x00000000ea200000, 0x00000000ea200000, 0x00000000ea300000|  0%| F|  |TAMS 0x00000000ea200000, 0x00000000ea200000| Untracked 
| 163|0x00000000ea300000, 0x00000000ea300000, 0x00000000ea400000|  0%| F|  |TAMS 0x00000000ea300000, 0x00000000ea300000| Untracked 
| 164|0x00000000ea400000, 0x00000000ea400000, 0x00000000ea500000|  0%| F|  |TAMS 0x00000000ea400000, 0x00000000ea400000| Untracked 
| 165|0x00000000ea500000, 0x00000000ea500000, 0x00000000ea600000|  0%| F|  |TAMS 0x00000000ea500000, 0x00000000ea500000| Untracked 
| 166|0x00000000ea600000, 0x00000000ea600000, 0x00000000ea700000|  0%| F|  |TAMS 0x00000000ea600000, 0x00000000ea600000| Untracked 
| 167|0x00000000ea700000, 0x00000000ea700000, 0x00000000ea800000|  0%| F|  |TAMS 0x00000000ea700000, 0x00000000ea700000| Untracked 
| 168|0x00000000ea800000, 0x00000000ea900000, 0x00000000ea900000|100%| S|CS|TAMS 0x00000000ea800000, 0x00000000ea800000| Complete 
| 169|0x00000000ea900000, 0x00000000eaa00000, 0x00000000eaa00000|100%| S|CS|TAMS 0x00000000ea900000, 0x00000000ea900000| Complete 
| 170|0x00000000eaa00000, 0x00000000eab00000, 0x00000000eab00000|100%| S|CS|TAMS 0x00000000eaa00000, 0x00000000eaa00000| Complete 
| 171|0x00000000eab00000, 0x00000000eab00000, 0x00000000eac00000|  0%| F|  |TAMS 0x00000000eab00000, 0x00000000eab00000| Untracked 
| 172|0x00000000eac00000, 0x00000000eac00000, 0x00000000ead00000|  0%| F|  |TAMS 0x00000000eac00000, 0x00000000eac00000| Untracked 
| 173|0x00000000ead00000, 0x00000000ead00000, 0x00000000eae00000|  0%| F|  |TAMS 0x00000000ead00000, 0x00000000ead00000| Untracked 
| 174|0x00000000eae00000, 0x00000000eae00000, 0x00000000eaf00000|  0%| F|  |TAMS 0x00000000eae00000, 0x00000000eae00000| Untracked 
| 175|0x00000000eaf00000, 0x00000000eb000000, 0x00000000eb000000|100%| S|CS|TAMS 0x00000000eaf00000, 0x00000000eaf00000| Complete 
| 176|0x00000000eb000000, 0x00000000eb100000, 0x00000000eb100000|100%| S|CS|TAMS 0x00000000eb000000, 0x00000000eb000000| Complete 
| 177|0x00000000eb100000, 0x00000000eb100000, 0x00000000eb200000|  0%| F|  |TAMS 0x00000000eb100000, 0x00000000eb100000| Untracked 
| 178|0x00000000eb200000, 0x00000000eb300000, 0x00000000eb300000|100%| S|CS|TAMS 0x00000000eb200000, 0x00000000eb200000| Complete 
| 179|0x00000000eb300000, 0x00000000eb400000, 0x00000000eb400000|100%| S|CS|TAMS 0x00000000eb300000, 0x00000000eb300000| Complete 
| 180|0x00000000eb400000, 0x00000000eb500000, 0x00000000eb500000|100%| S|CS|TAMS 0x00000000eb400000, 0x00000000eb400000| Complete 
| 181|0x00000000eb500000, 0x00000000eb500000, 0x00000000eb600000|  0%| F|  |TAMS 0x00000000eb500000, 0x00000000eb500000| Untracked 
| 182|0x00000000eb600000, 0x00000000eb700000, 0x00000000eb700000|100%| S|CS|TAMS 0x00000000eb600000, 0x00000000eb600000| Complete 
| 183|0x00000000eb700000, 0x00000000eb700000, 0x00000000eb800000|  0%| F|  |TAMS 0x00000000eb700000, 0x00000000eb700000| Untracked 
| 184|0x00000000eb800000, 0x00000000eb800000, 0x00000000eb900000|  0%| F|  |TAMS 0x00000000eb800000, 0x00000000eb800000| Untracked 
| 185|0x00000000eb900000, 0x00000000eb900000, 0x00000000eba00000|  0%| F|  |TAMS 0x00000000eb900000, 0x00000000eb900000| Untracked 
| 186|0x00000000eba00000, 0x00000000eba00000, 0x00000000ebb00000|  0%| F|  |TAMS 0x00000000eba00000, 0x00000000eba00000| Untracked 
| 187|0x00000000ebb00000, 0x00000000ebb00000, 0x00000000ebc00000|  0%| F|  |TAMS 0x00000000ebb00000, 0x00000000ebb00000| Untracked 
| 188|0x00000000ebc00000, 0x00000000ebc00000, 0x00000000ebd00000|  0%| F|  |TAMS 0x00000000ebc00000, 0x00000000ebc00000| Untracked 
| 189|0x00000000ebd00000, 0x00000000ebd00000, 0x00000000ebe00000|  0%| F|  |TAMS 0x00000000ebd00000, 0x00000000ebd00000| Untracked 
| 190|0x00000000ebe00000, 0x00000000ebe00000, 0x00000000ebf00000|  0%| F|  |TAMS 0x00000000ebe00000, 0x00000000ebe00000| Untracked 
| 191|0x00000000ebf00000, 0x00000000ebf00000, 0x00000000ec000000|  0%| F|  |TAMS 0x00000000ebf00000, 0x00000000ebf00000| Untracked 
| 192|0x00000000ec000000, 0x00000000ec000000, 0x00000000ec100000|  0%| F|  |TAMS 0x00000000ec000000, 0x00000000ec000000| Untracked 
| 193|0x00000000ec100000, 0x00000000ec100000, 0x00000000ec200000|  0%| F|  |TAMS 0x00000000ec100000, 0x00000000ec100000| Untracked 
| 194|0x00000000ec200000, 0x00000000ec200000, 0x00000000ec300000|  0%| F|  |TAMS 0x00000000ec200000, 0x00000000ec200000| Untracked 
| 195|0x00000000ec300000, 0x00000000ec300000, 0x00000000ec400000|  0%| F|  |TAMS 0x00000000ec300000, 0x00000000ec300000| Untracked 
| 196|0x00000000ec400000, 0x00000000ec400000, 0x00000000ec500000|  0%| F|  |TAMS 0x00000000ec400000, 0x00000000ec400000| Untracked 
| 197|0x00000000ec500000, 0x00000000ec500000, 0x00000000ec600000|  0%| F|  |TAMS 0x00000000ec500000, 0x00000000ec500000| Untracked 
| 198|0x00000000ec600000, 0x00000000ec600000, 0x00000000ec700000|  0%| F|  |TAMS 0x00000000ec600000, 0x00000000ec600000| Untracked 
| 199|0x00000000ec700000, 0x00000000ec700000, 0x00000000ec800000|  0%| F|  |TAMS 0x00000000ec700000, 0x00000000ec700000| Untracked 
| 200|0x00000000ec800000, 0x00000000ec800000, 0x00000000ec900000|  0%| F|  |TAMS 0x00000000ec800000, 0x00000000ec800000| Untracked 
| 201|0x00000000ec900000, 0x00000000ec900000, 0x00000000eca00000|  0%| F|  |TAMS 0x00000000ec900000, 0x00000000ec900000| Untracked 
| 202|0x00000000eca00000, 0x00000000eca00000, 0x00000000ecb00000|  0%| F|  |TAMS 0x00000000eca00000, 0x00000000eca00000| Untracked 
| 203|0x00000000ecb00000, 0x00000000ecb00000, 0x00000000ecc00000|  0%| F|  |TAMS 0x00000000ecb00000, 0x00000000ecb00000| Untracked 
| 204|0x00000000ecc00000, 0x00000000ecc00000, 0x00000000ecd00000|  0%| F|  |TAMS 0x00000000ecc00000, 0x00000000ecc00000| Untracked 
| 205|0x00000000ecd00000, 0x00000000ecd00000, 0x00000000ece00000|  0%| F|  |TAMS 0x00000000ecd00000, 0x00000000ecd00000| Untracked 
| 206|0x00000000ece00000, 0x00000000ece00000, 0x00000000ecf00000|  0%| F|  |TAMS 0x00000000ece00000, 0x00000000ece00000| Untracked 
| 207|0x00000000ecf00000, 0x00000000ecf00000, 0x00000000ed000000|  0%| F|  |TAMS 0x00000000ecf00000, 0x00000000ecf00000| Untracked 
| 208|0x00000000ed000000, 0x00000000ed000000, 0x00000000ed100000|  0%| F|  |TAMS 0x00000000ed000000, 0x00000000ed000000| Untracked 
| 209|0x00000000ed100000, 0x00000000ed100000, 0x00000000ed200000|  0%| F|  |TAMS 0x00000000ed100000, 0x00000000ed100000| Untracked 
| 210|0x00000000ed200000, 0x00000000ed200000, 0x00000000ed300000|  0%| F|  |TAMS 0x00000000ed200000, 0x00000000ed200000| Untracked 
| 211|0x00000000ed300000, 0x00000000ed300000, 0x00000000ed400000|  0%| F|  |TAMS 0x00000000ed300000, 0x00000000ed300000| Untracked 
| 212|0x00000000ed400000, 0x00000000ed400000, 0x00000000ed500000|  0%| F|  |TAMS 0x00000000ed400000, 0x00000000ed400000| Untracked 
| 213|0x00000000ed500000, 0x00000000ed500000, 0x00000000ed600000|  0%| F|  |TAMS 0x00000000ed500000, 0x00000000ed500000| Untracked 
| 214|0x00000000ed600000, 0x00000000ed600000, 0x00000000ed700000|  0%| F|  |TAMS 0x00000000ed600000, 0x00000000ed600000| Untracked 
| 215|0x00000000ed700000, 0x00000000ed700000, 0x00000000ed800000|  0%| F|  |TAMS 0x00000000ed700000, 0x00000000ed700000| Untracked 
| 216|0x00000000ed800000, 0x00000000ed800000, 0x00000000ed900000|  0%| F|  |TAMS 0x00000000ed800000, 0x00000000ed800000| Untracked 
| 217|0x00000000ed900000, 0x00000000ed900000, 0x00000000eda00000|  0%| F|  |TAMS 0x00000000ed900000, 0x00000000ed900000| Untracked 
| 218|0x00000000eda00000, 0x00000000eda00000, 0x00000000edb00000|  0%| F|  |TAMS 0x00000000eda00000, 0x00000000eda00000| Untracked 
| 219|0x00000000edb00000, 0x00000000edb00000, 0x00000000edc00000|  0%| F|  |TAMS 0x00000000edb00000, 0x00000000edb00000| Untracked 
| 220|0x00000000edc00000, 0x00000000edc00000, 0x00000000edd00000|  0%| F|  |TAMS 0x00000000edc00000, 0x00000000edc00000| Untracked 
| 221|0x00000000edd00000, 0x00000000edd00000, 0x00000000ede00000|  0%| F|  |TAMS 0x00000000edd00000, 0x00000000edd00000| Untracked 
| 222|0x00000000ede00000, 0x00000000ede00000, 0x00000000edf00000|  0%| F|  |TAMS 0x00000000ede00000, 0x00000000ede00000| Untracked 
| 223|0x00000000edf00000, 0x00000000edf00000, 0x00000000ee000000|  0%| F|  |TAMS 0x00000000edf00000, 0x00000000edf00000| Untracked 
| 224|0x00000000ee000000, 0x00000000ee000000, 0x00000000ee100000|  0%| F|  |TAMS 0x00000000ee000000, 0x00000000ee000000| Untracked 
| 225|0x00000000ee100000, 0x00000000ee100000, 0x00000000ee200000|  0%| F|  |TAMS 0x00000000ee100000, 0x00000000ee100000| Untracked 
| 226|0x00000000ee200000, 0x00000000ee200000, 0x00000000ee300000|  0%| F|  |TAMS 0x00000000ee200000, 0x00000000ee200000| Untracked 
| 227|0x00000000ee300000, 0x00000000ee300000, 0x00000000ee400000|  0%| F|  |TAMS 0x00000000ee300000, 0x00000000ee300000| Untracked 
| 228|0x00000000ee400000, 0x00000000ee400000, 0x00000000ee500000|  0%| F|  |TAMS 0x00000000ee400000, 0x00000000ee400000| Untracked 
| 229|0x00000000ee500000, 0x00000000ee500000, 0x00000000ee600000|  0%| F|  |TAMS 0x00000000ee500000, 0x00000000ee500000| Untracked 
| 230|0x00000000ee600000, 0x00000000ee600000, 0x00000000ee700000|  0%| F|  |TAMS 0x00000000ee600000, 0x00000000ee600000| Untracked 
| 231|0x00000000ee700000, 0x00000000ee700000, 0x00000000ee800000|  0%| F|  |TAMS 0x00000000ee700000, 0x00000000ee700000| Untracked 
| 232|0x00000000ee800000, 0x00000000ee800000, 0x00000000ee900000|  0%| F|  |TAMS 0x00000000ee800000, 0x00000000ee800000| Untracked 
| 233|0x00000000ee900000, 0x00000000ee900000, 0x00000000eea00000|  0%| F|  |TAMS 0x00000000ee900000, 0x00000000ee900000| Untracked 
| 234|0x00000000eea00000, 0x00000000eea00000, 0x00000000eeb00000|  0%| F|  |TAMS 0x00000000eea00000, 0x00000000eea00000| Untracked 
| 235|0x00000000eeb00000, 0x00000000eeb00000, 0x00000000eec00000|  0%| F|  |TAMS 0x00000000eeb00000, 0x00000000eeb00000| Untracked 
| 236|0x00000000eec00000, 0x00000000eec00000, 0x00000000eed00000|  0%| F|  |TAMS 0x00000000eec00000, 0x00000000eec00000| Untracked 
| 237|0x00000000eed00000, 0x00000000eed00000, 0x00000000eee00000|  0%| F|  |TAMS 0x00000000eed00000, 0x00000000eed00000| Untracked 
| 238|0x00000000eee00000, 0x00000000eee00000, 0x00000000eef00000|  0%| F|  |TAMS 0x00000000eee00000, 0x00000000eee00000| Untracked 
| 239|0x00000000eef00000, 0x00000000eef00000, 0x00000000ef000000|  0%| F|  |TAMS 0x00000000eef00000, 0x00000000eef00000| Untracked 
| 240|0x00000000ef000000, 0x00000000ef000000, 0x00000000ef100000|  0%| F|  |TAMS 0x00000000ef000000, 0x00000000ef000000| Untracked 
| 241|0x00000000ef100000, 0x00000000ef100000, 0x00000000ef200000|  0%| F|  |TAMS 0x00000000ef100000, 0x00000000ef100000| Untracked 
| 242|0x00000000ef200000, 0x00000000ef200000, 0x00000000ef300000|  0%| F|  |TAMS 0x00000000ef200000, 0x00000000ef200000| Untracked 
| 243|0x00000000ef300000, 0x00000000ef300000, 0x00000000ef400000|  0%| F|  |TAMS 0x00000000ef300000, 0x00000000ef300000| Untracked 
| 244|0x00000000ef400000, 0x00000000ef400000, 0x00000000ef500000|  0%| F|  |TAMS 0x00000000ef400000, 0x00000000ef400000| Untracked 
| 245|0x00000000ef500000, 0x00000000ef580800, 0x00000000ef600000| 50%| E|  |TAMS 0x00000000ef500000, 0x00000000ef500000| Complete 
| 246|0x00000000ef600000, 0x00000000ef700000, 0x00000000ef700000|100%| E|CS|TAMS 0x00000000ef600000, 0x00000000ef600000| Complete 
| 247|0x00000000ef700000, 0x00000000ef800000, 0x00000000ef800000|100%| E|CS|TAMS 0x00000000ef700000, 0x00000000ef700000| Complete 
| 248|0x00000000ef800000, 0x00000000ef900000, 0x00000000ef900000|100%| E|CS|TAMS 0x00000000ef800000, 0x00000000ef800000| Complete 
| 249|0x00000000ef900000, 0x00000000efa00000, 0x00000000efa00000|100%| E|CS|TAMS 0x00000000ef900000, 0x00000000ef900000| Complete 
| 250|0x00000000efa00000, 0x00000000efb00000, 0x00000000efb00000|100%| E|CS|TAMS 0x00000000efa00000, 0x00000000efa00000| Complete 
| 251|0x00000000efb00000, 0x00000000efc00000, 0x00000000efc00000|100%| E|CS|TAMS 0x00000000efb00000, 0x00000000efb00000| Complete 
| 252|0x00000000efc00000, 0x00000000efd00000, 0x00000000efd00000|100%| E|CS|TAMS 0x00000000efc00000, 0x00000000efc00000| Complete 
| 253|0x00000000efd00000, 0x00000000efe00000, 0x00000000efe00000|100%| E|CS|TAMS 0x00000000efd00000, 0x00000000efd00000| Complete 
| 254|0x00000000efe00000, 0x00000000eff00000, 0x00000000eff00000|100%| E|CS|TAMS 0x00000000efe00000, 0x00000000efe00000| Complete 
| 255|0x00000000eff00000, 0x00000000f0000000, 0x00000000f0000000|100%| E|CS|TAMS 0x00000000eff00000, 0x00000000eff00000| Complete 

Card table byte_map: [0x000001e4e95f0000,0x000001e4e96f0000] _byte_map_base: 0x000001e4e8ef0000

Marking Bits (Prev, Next): (CMBitMap*) 0x000001e4d23602a8, (CMBitMap*) 0x000001e4d23602e0
 Prev Bits: [0x000001e4e97f0000, 0x000001e4e9ff0000)
 Next Bits: [0x000001e4e9ff0000, 0x000001e4ea7f0000)

Polling page: 0x000001e4d1a30000

Metaspace:

Usage:
  Non-class:     66.29 MB capacity,    64.96 MB ( 98%) used,     1.09 MB (  2%) free+waste,   252.31 KB ( <1%) overhead. 
      Class:      9.91 MB capacity,     9.06 MB ( 91%) used,   754.99 KB (  7%) free+waste,   112.50 KB (  1%) overhead. 
       Both:     76.20 MB capacity,    74.02 MB ( 97%) used,     1.82 MB (  2%) free+waste,   364.81 KB ( <1%) overhead. 

Virtual space:
  Non-class space:       68.00 MB reserved,      66.50 MB ( 98%) committed 
      Class space:      248.00 MB reserved,      10.00 MB (  4%) committed 
             Both:      316.00 MB reserved,      76.50 MB ( 24%) committed 

Chunk freelists:
   Non-Class:  2.63 KB
       Class:  0 bytes
        Both:  2.63 KB

CodeHeap 'non-profiled nmethods': size=120064Kb used=12378Kb max_used=12378Kb free=107685Kb
 bounds [0x000001e4e20b0000, 0x000001e4e2cd0000, 0x000001e4e95f0000]
CodeHeap 'profiled nmethods': size=120000Kb used=36239Kb max_used=36239Kb free=83760Kb
 bounds [0x000001e4dab80000, 0x000001e4dcf00000, 0x000001e4e20b0000]
CodeHeap 'non-nmethods': size=5696Kb used=2261Kb max_used=2315Kb free=3434Kb
 bounds [0x000001e4da5f0000, 0x000001e4da860000, 0x000001e4dab80000]
 total_blobs=21266 nmethods=14364 adapters=759
 compilation: enabled
              stopped_count=0, restarted_count=0
 full_count=0

Compilation events (10 events):
Event: 63.658 Thread 0x000001e4ed751000 15772       3       org.gradle.internal.snapshot.FileSystemSnapshotHierarchyVisitor::leaveDirectory (1 bytes)
Event: 63.658 Thread 0x000001e4ed751000 nmethod 15772 0x000001e4db095790 code [0x000001e4db095940, 0x000001e4db095a98]
Event: 63.658 Thread 0x000001e4ed751000 15773       3       org.gradle.internal.snapshot.SingletonChildMap::visitChildren (21 bytes)
Event: 63.659 Thread 0x000001e4ed751000 nmethod 15773 0x000001e4dceeaf10 code [0x000001e4dceeb0e0, 0x000001e4dceeb370]
Event: 63.659 Thread 0x000001e4ed751000 15774       3       org.gradle.internal.snapshot.AbstractIncompleteFileSystemNode$$Lambda$240/0x0000000100413040::accept (16 bytes)
Event: 63.659 Thread 0x000001e4ed751000 nmethod 15774 0x000001e4dceeb490 code [0x000001e4dceeb660, 0x000001e4dceebad0]
Event: 63.659 Thread 0x000001e4ed751000 15775       3       org.gradle.internal.snapshot.AbstractIncompleteFileSystemNode::lambda$accept$0 (8 bytes)
Event: 63.659 Thread 0x000001e4ed751000 nmethod 15775 0x000001e4dceebc10 code [0x000001e4dceebdc0, 0x000001e4dceebfd0]
Event: 63.660 Thread 0x000001e4ed751000 15776       3       java.util.concurrent.ConcurrentHashMap$ValuesView::iterator (34 bytes)
Event: 63.661 Thread 0x000001e4ed751000 nmethod 15776 0x000001e4dceec090 code [0x000001e4dceec280, 0x000001e4dceec680]

GC Heap History (10 events):
Event: 52.052 GC heap before
{Heap before GC invocations=53 (full 0):
 garbage-first heap   total 262144K, used 223199K [0x00000000e0000000, 0x0000000100000000)
  region size 1024K, 79 young (80896K), 3 survivors (3072K)
 Metaspace       used 71494K, capacity 73492K, committed 73728K, reserved 319488K
  class space    used 8892K, capacity 9723K, committed 9728K, reserved 253952K
}
Event: 52.058 GC heap after
{Heap after GC invocations=54 (full 0):
 garbage-first heap   total 262144K, used 143862K [0x00000000e0000000, 0x0000000100000000)
  region size 1024K, 2 young (2048K), 2 survivors (2048K)
 Metaspace       used 71494K, capacity 73492K, committed 73728K, reserved 319488K
  class space    used 8892K, capacity 9723K, committed 9728K, reserved 253952K
}
Event: 52.283 GC heap before
{Heap before GC invocations=54 (full 0):
 garbage-first heap   total 262144K, used 223734K [0x00000000e0000000, 0x0000000100000000)
  region size 1024K, 80 young (81920K), 2 survivors (2048K)
 Metaspace       used 71494K, capacity 73492K, committed 73728K, reserved 319488K
  class space    used 8892K, capacity 9723K, committed 9728K, reserved 253952K
}
Event: 52.292 GC heap after
{Heap after GC invocations=55 (full 0):
 garbage-first heap   total 262144K, used 146933K [0x00000000e0000000, 0x0000000100000000)
  region size 1024K, 5 young (5120K), 5 survivors (5120K)
 Metaspace       used 71494K, capacity 73492K, committed 73728K, reserved 319488K
  class space    used 8892K, capacity 9723K, committed 9728K, reserved 253952K
}
Event: 55.229 GC heap before
{Heap before GC invocations=56 (full 0):
 garbage-first heap   total 262144K, used 223733K [0x00000000e0000000, 0x0000000100000000)
  region size 1024K, 80 young (81920K), 5 survivors (5120K)
 Metaspace       used 73832K, capacity 75973K, committed 76032K, reserved 321536K
  class space    used 9083K, capacity 9965K, committed 9984K, reserved 253952K
}
Event: 55.247 GC heap after
{Heap after GC invocations=57 (full 0):
 garbage-first heap   total 262144K, used 149697K [0x00000000e0000000, 0x0000000100000000)
  region size 1024K, 7 young (7168K), 7 survivors (7168K)
 Metaspace       used 73832K, capacity 75973K, committed 76032K, reserved 321536K
  class space    used 9083K, capacity 9965K, committed 9984K, reserved 253952K
}
Event: 57.769 GC heap before
{Heap before GC invocations=57 (full 0):
 garbage-first heap   total 262144K, used 225473K [0x00000000e0000000, 0x0000000100000000)
  region size 1024K, 81 young (82944K), 7 survivors (7168K)
 Metaspace       used 74183K, capacity 76381K, committed 76544K, reserved 321536K
  class space    used 9092K, capacity 9972K, committed 9984K, reserved 253952K
}
Event: 57.789 GC heap after
{Heap after GC invocations=58 (full 0):
 garbage-first heap   total 262144K, used 151518K [0x00000000e0000000, 0x0000000100000000)
  region size 1024K, 6 young (6144K), 6 survivors (6144K)
 Metaspace       used 74183K, capacity 76381K, committed 76544K, reserved 321536K
  class space    used 9092K, capacity 9972K, committed 9984K, reserved 253952K
}
Event: 61.603 GC heap before
{Heap before GC invocations=59 (full 0):
 garbage-first heap   total 262144K, used 225246K [0x00000000e0000000, 0x0000000100000000)
  region size 1024K, 79 young (80896K), 6 survivors (6144K)
 Metaspace       used 74712K, capacity 76968K, committed 77184K, reserved 321536K
  class space    used 9157K, capacity 10037K, committed 10112K, reserved 253952K
}
Event: 61.631 GC heap after
{Heap after GC invocations=60 (full 0):
 garbage-first heap   total 262144K, used 155323K [0x00000000e0000000, 0x0000000100000000)
  region size 1024K, 9 young (9216K), 9 survivors (9216K)
 Metaspace       used 74712K, capacity 76968K, committed 77184K, reserved 321536K
  class space    used 9157K, capacity 10037K, committed 10112K, reserved 253952K
}

Deoptimization events (10 events):
Event: 61.601 Thread 0x000001e4efd10800 Uncommon trap: reason=unstable_if action=reinterpret pc=0x000001e4e2730260 method=java.nio.file.Files.walkFileTree(Ljava/nio/file/Path;Ljava/util/Set;ILjava/nio/file/FileVisitor;)Ljava/nio/file/Path; @ 231 c2
Event: 61.647 Thread 0x000001e4ee436000 Uncommon trap: reason=profile_predicate action=maybe_recompile pc=0x000001e4e2ca2708 method=java.lang.Class.searchMethods([Ljava/lang/reflect/Method;Ljava/lang/String;[Ljava/lang/Class;)Ljava/lang/reflect/Method; @ 18 c2
Event: 63.567 Thread 0x000001e4efd10800 Uncommon trap: reason=bimorphic_or_optimized_type_check action=maybe_recompile pc=0x000001e4e226999c method=java.util.Collections$SetFromMap.remove(Ljava/lang/Object;)Z @ 5 c2
Event: 63.569 Thread 0x000001e4efd10800 Uncommon trap: reason=bimorphic_or_optimized_type_check action=maybe_recompile pc=0x000001e4e226999c method=java.util.Collections$SetFromMap.remove(Ljava/lang/Object;)Z @ 5 c2
Event: 63.569 Thread 0x000001e4efd10800 Uncommon trap: reason=bimorphic_or_optimized_type_check action=maybe_recompile pc=0x000001e4e226999c method=java.util.Collections$SetFromMap.remove(Ljava/lang/Object;)Z @ 5 c2
Event: 63.651 Thread 0x000001e4efd10800 Uncommon trap: reason=unstable_if action=reinterpret pc=0x000001e4e288206c method=java.util.Formatter$Conversion.isGeneral(C)Z @ 1 c2
Event: 63.651 Thread 0x000001e4efd10800 Uncommon trap: reason=unstable_if action=reinterpret pc=0x000001e4e215b25c method=java.util.Formatter$Conversion.isGeneral(C)Z @ 1 c2
Event: 63.652 Thread 0x000001e4efd10800 Uncommon trap: reason=unstable_if action=reinterpret pc=0x000001e4e28872c4 method=java.util.Locale.equals(Ljava/lang/Object;)Z @ 2 c2
Event: 63.652 Thread 0x000001e4efd10800 Uncommon trap: reason=unstable_if action=reinterpret pc=0x000001e4e21c9eb0 method=java.util.Formatter$Conversion.isGeneral(C)Z @ 1 c2
Event: 63.672 Thread 0x000001e4efd10800 Uncommon trap: reason=unstable_if action=reinterpret pc=0x000001e4e2cc0884 method=org.gradle.internal.snapshot.VfsRelativePath.compareToFirstSegment(Ljava/lang/String;Lorg/gradle/internal/snapshot/CaseSensitivity;)I @ 156 c2

Classes redefined (0 events):
No events

Internal exceptions (10 events):
Event: 61.599 Thread 0x000001e4ee436000 Implicit null exception at 0x000001e4e28683f6 to 0x000001e4e286afaa
Event: 61.599 Thread 0x000001e4ee436000 Implicit null exception at 0x000001e4e27ee517 to 0x000001e4e27ee8f6
Event: 61.600 Thread 0x000001e4ee436000 Exception <a 'java/lang/NoSuchMethodError'{0x00000000eb7f7328}: <clinit>> (0x00000000eb7f7328) thrown at [t:/workspace/open/src/hotspot/share/prims/jni.cpp, line 1364]
Event: 61.641 Thread 0x000001e4ee436000 Exception <a 'java/lang/NoSuchMethodError'{0x00000000eff9d230}: <clinit>> (0x00000000eff9d230) thrown at [t:/workspace/open/src/hotspot/share/prims/jni.cpp, line 1364]
Event: 61.642 Thread 0x000001e4ee436000 Exception <a 'java/lang/NoSuchMethodError'{0x00000000eff9ec70}: <clinit>> (0x00000000eff9ec70) thrown at [t:/workspace/open/src/hotspot/share/prims/jni.cpp, line 1364]
Event: 61.642 Thread 0x000001e4ee436000 Exception <a 'java/lang/NoSuchMethodError'{0x00000000effa04e8}: <clinit>> (0x00000000effa04e8) thrown at [t:/workspace/open/src/hotspot/share/prims/jni.cpp, line 1364]
Event: 61.642 Thread 0x000001e4ee436000 Exception <a 'java/lang/NoSuchMethodError'{0x00000000effa1f08}: <clinit>> (0x00000000effa1f08) thrown at [t:/workspace/open/src/hotspot/share/prims/jni.cpp, line 1364]
Event: 61.646 Thread 0x000001e4ee436000 Exception <a 'java/lang/NoSuchMethodError'{0x00000000effc1c00}: <clinit>> (0x00000000effc1c00) thrown at [t:/workspace/open/src/hotspot/share/prims/jni.cpp, line 1364]
Event: 61.647 Thread 0x000001e4ee436000 Implicit null exception at 0x000001e4e2ca21e9 to 0x000001e4e2ca26cc
Event: 61.648 Thread 0x000001e4ee436000 Exception <a 'java/lang/NoSuchMethodError'{0x00000000effd8ea0}: <clinit>> (0x00000000effd8ea0) thrown at [t:/workspace/open/src/hotspot/share/prims/jni.cpp, line 1364]

Events (10 events):
Event: 63.678 loading class com/google/common/collect/EnumMultiset
Event: 63.678 loading class com/google/common/collect/EnumMultiset done
Event: 63.678 loading class com/google/common/collect/EnumMultiset
Event: 63.678 loading class com/google/common/collect/EnumMultiset done
Event: 63.678 loading class org/gradle/internal/watch/vfs/impl/DefaultFileSystemWatchingStatistics$VirtualFileSystemStatistics
Event: 63.678 loading class org/gradle/internal/watch/vfs/impl/DefaultFileSystemWatchingStatistics$VirtualFileSystemStatistics done
Event: 63.679 loading class org/gradle/internal/watch/vfs/impl/WatchingVirtualFileSystem$2$1
Event: 63.679 loading class org/gradle/internal/watch/vfs/impl/WatchingVirtualFileSystem$2$1 done
Event: 63.679 loading class org/gradle/internal/watch/vfs/BuildFinishedFileSystemWatchingBuildOperationType$Result
Event: 63.679 loading class org/gradle/internal/watch/vfs/BuildFinishedFileSystemWatchingBuildOperationType$Result done


Dynamic libraries:
0x00007ff64bcb0000 - 0x00007ff64bcf5000 	C:\Program Files\Java\jdk-11\bin\java.exe
0x00007ffeaeaa0000 - 0x00007ffeaec90000 	C:\Windows\SYSTEM32\ntdll.dll
0x00007ffeae800000 - 0x00007ffeae8b3000 	C:\Windows\System32\KERNEL32.DLL
0x00007ffeabb60000 - 0x00007ffeabe05000 	C:\Windows\System32\KERNELBASE.dll
0x00007ffeae8c0000 - 0x00007ffeaea54000 	C:\Windows\System32\USER32.dll
0x00007ffeabf30000 - 0x00007ffeabf51000 	C:\Windows\System32\win32u.dll
0x00007ffeae7d0000 - 0x00007ffeae7f6000 	C:\Windows\System32\GDI32.dll
0x00007ffeac9a0000 - 0x00007ffeacb38000 	C:\Windows\System32\gdi32full.dll
0x00007ffeac030000 - 0x00007ffeac0ce000 	C:\Windows\System32\msvcp_win.dll
0x00007ffeac0d0000 - 0x00007ffeac1ca000 	C:\Windows\System32\ucrtbase.dll
0x00007ffea9ce0000 - 0x00007ffea9f64000 	C:\Windows\WinSxS\amd64_microsoft.windows.common-controls_6595b64144ccf1df_6.0.18362.2037_none_9e7c226de460245a\COMCTL32.dll
0x00007ffeae1e0000 - 0x00007ffeae27e000 	C:\Windows\System32\msvcrt.dll
0x00007ffeada20000 - 0x00007ffeadd56000 	C:\Windows\System32\combase.dll
0x00007ffead6e0000 - 0x00007ffead7fb000 	C:\Windows\System32\RPCRT4.dll
0x00007ffeabea0000 - 0x00007ffeabf24000 	C:\Windows\System32\bcryptPrimitives.dll
0x00007ffead880000 - 0x00007ffead8ae000 	C:\Windows\System32\IMM32.DLL
0x00007ffe79ed0000 - 0x00007ffe79f38000 	C:\WWCNT\SYSTEM\printhk64.dll
0x00007ffead970000 - 0x00007ffeada15000 	C:\Windows\System32\ADVAPI32.dll
0x00007ffeae580000 - 0x00007ffeae618000 	C:\Windows\System32\sechost.dll
0x00007ffeaa0d0000 - 0x00007ffeaa101000 	C:\Windows\SYSTEM32\ntmarta.dll
0x00007ffeab800000 - 0x00007ffeab838000 	C:\Program Files\Citrix\System32\MfApHook64.dll
0x00007ffeab740000 - 0x00007ffeab752000 	C:\Program Files\Citrix\IcaService\FullScreenHook64.dll
0x00007ffe8b390000 - 0x00007ffe8b43a000 	C:\Program Files\Java\jdk-11\bin\MSVCP140.dll
0x00007ffe959f0000 - 0x00007ffe95a06000 	C:\Program Files\Java\jdk-11\bin\VCRUNTIME140.dll
0x00007ffeaadc0000 - 0x00007ffeaadea000 	C:\Program Files\Citrix\ICAService\ShellHook64.dll
0x00007ffead540000 - 0x00007ffead592000 	C:\Windows\System32\SHLWAPI.dll
0x00007ffeab010000 - 0x00007ffeab11a000 	C:\Program Files\Citrix\IcaService\SCardHook64.dll
0x00007ffeaabd0000 - 0x00007ffeaabf0000 	C:\Program Files\Citrix\ICAService\cxinjime64.dll
0x00007ffe50280000 - 0x00007ffe50dc1000 	C:\Program Files\Java\jdk-11\bin\server\jvm.dll
0x00007ffead8b0000 - 0x00007ffead8b8000 	C:\Windows\System32\PSAPI.DLL
0x00007ffe97ca0000 - 0x00007ffe97ca9000 	C:\Windows\SYSTEM32\WSOCK32.dll
0x00007ffeae280000 - 0x00007ffeae2ef000 	C:\Windows\System32\WS2_32.dll
0x00007ffea7e00000 - 0x00007ffea7e24000 	C:\Windows\SYSTEM32\WINMM.dll
0x00007ffeab5f0000 - 0x00007ffeab5fa000 	C:\Windows\SYSTEM32\VERSION.dll
0x00007ffea7d40000 - 0x00007ffea7d6d000 	C:\Windows\SYSTEM32\WINMMBASE.dll
0x00007ffeac950000 - 0x00007ffeac99a000 	C:\Windows\System32\cfgmgr32.dll
0x00007ffeab9f0000 - 0x00007ffeaba01000 	C:\Windows\System32\kernel.appcore.dll
0x00007ffe8f960000 - 0x00007ffe8f971000 	C:\Program Files\Java\jdk-11\bin\verify.dll
0x00007ffea9520000 - 0x00007ffea9714000 	C:\Windows\SYSTEM32\DBGHELP.DLL
0x00007ffe96c80000 - 0x00007ffe96caa000 	C:\Windows\SYSTEM32\dbgcore.DLL
0x00007ffe8e6c0000 - 0x00007ffe8e6e8000 	C:\Program Files\Java\jdk-11\bin\java.dll
0x00007ffe8e6a0000 - 0x00007ffe8e6b6000 	C:\Program Files\Java\jdk-11\bin\zip.dll
0x00007ffea2f60000 - 0x00007ffea2f6a000 	C:\Program Files\Java\jdk-11\bin\jimage.dll
0x00007ffeacb40000 - 0x00007ffead227000 	C:\Windows\System32\SHELL32.dll
0x00007ffead5b0000 - 0x00007ffead659000 	C:\Windows\System32\shcore.dll
0x00007ffeac1d0000 - 0x00007ffeac94c000 	C:\Windows\System32\windows.storage.dll
0x00007ffeab9d0000 - 0x00007ffeab9ee000 	C:\Windows\System32\profapi.dll
0x00007ffeab980000 - 0x00007ffeab9ca000 	C:\Windows\System32\powrprof.dll
0x00007ffeab950000 - 0x00007ffeab960000 	C:\Windows\System32\UMPDC.dll
0x00007ffeabf60000 - 0x00007ffeabf77000 	C:\Windows\System32\cryptsp.dll
0x00007ffe8e4d0000 - 0x00007ffe8e4e9000 	C:\Program Files\Java\jdk-11\bin\net.dll
0x00007ffea3700000 - 0x00007ffea37f9000 	C:\Windows\SYSTEM32\WINHTTP.dll
0x00007ffeaa870000 - 0x00007ffeaa8d7000 	C:\Windows\system32\mswsock.dll
0x00007ffe8d670000 - 0x00007ffe8d683000 	C:\Program Files\Java\jdk-11\bin\nio.dll
0x00007ffe8c180000 - 0x00007ffe8c1a7000 	C:\Users\83868\.gradle\native\8bec1ad78214c89d9ad589b4d07fe93259594b29d510b10fafb7a158f7737e5d\windows-amd64\native-platform.dll
0x00007ffe5b890000 - 0x00007ffe5b9cd000 	C:\Users\83868\.gradle\native\53dbd7edfb1c66fb8903c78663c9afc45aea4f116125fa6feffd364cf09443e8\windows-amd64\native-platform-file-events.dll
0x00007ffe9b3e0000 - 0x00007ffe9b3e9000 	C:\Program Files\Java\jdk-11\bin\management.dll
0x00007ffe9aea0000 - 0x00007ffe9aeac000 	C:\Program Files\Java\jdk-11\bin\management_ext.dll
0x00007ffeaa3f0000 - 0x00007ffeaa423000 	C:\Windows\system32\rsaenh.dll
0x000001e4d2270000 - 0x000001e4d2296000 	C:\Windows\System32\bcrypt.dll
0x00007ffeab870000 - 0x00007ffeab895000 	C:\Windows\SYSTEM32\USERENV.dll
0x00007ffeaaa40000 - 0x00007ffeaaa4c000 	C:\Windows\SYSTEM32\CRYPTBASE.dll
0x00007ffeaa580000 - 0x00007ffeaa5ba000 	C:\Windows\SYSTEM32\IPHLPAPI.DLL
0x00007ffeae570000 - 0x00007ffeae578000 	C:\Windows\System32\NSI.dll
0x00007ffea6570000 - 0x00007ffea6586000 	C:\Windows\SYSTEM32\dhcpcsvc6.DLL
0x00007ffea6550000 - 0x00007ffea656c000 	C:\Windows\SYSTEM32\dhcpcsvc.DLL
0x00007ffeaa5c0000 - 0x00007ffeaa68a000 	C:\Windows\SYSTEM32\DNSAPI.dll

dbghelp: loaded successfully - version: 4.0.5 - missing functions: none
symbol engine: initialized successfully - sym options: 0x614 - pdb path: .;C:\Program Files\Java\jdk-11\bin;C:\Windows\SYSTEM32;C:\Windows\WinSxS\amd64_microsoft.windows.common-controls_6595b64144ccf1df_6.0.18362.2037_none_9e7c226de460245a;C:\WWCNT\SYSTEM;C:\Program Files\Citrix\System32;C:\Program Files\Citrix\IcaService;C:\Program Files\Java\jdk-11\bin\server;C:\Users\83868\.gradle\native\8bec1ad78214c89d9ad589b4d07fe93259594b29d510b10fafb7a158f7737e5d\windows-amd64;C:\Users\83868\.gradle\native\53dbd7edfb1c66fb8903c78663c9afc45aea4f116125fa6feffd364cf09443e8\windows-amd64

VM Arguments:
jvm_args: --add-opens=java.base/java.util=ALL-UNNAMED --add-opens=java.base/java.lang=ALL-UNNAMED --add-opens=java.base/java.lang.invoke=ALL-UNNAMED --add-opens=java.base/java.util=ALL-UNNAMED --add-opens=java.prefs/java.util.prefs=ALL-UNNAMED --add-opens=java.prefs/java.util.prefs=ALL-UNNAMED --add-opens=java.base/java.nio.charset=ALL-UNNAMED --add-opens=java.base/java.net=ALL-UNNAMED --add-opens=java.base/java.util.concurrent.atomic=ALL-UNNAMED -XX:MaxMetaspaceSize=256m -XX:+HeapDumpOnOutOfMemoryError -Xms256m -Xmx512m -Dfile.encoding=x-windows-949 -Duser.country=KR -Duser.language=ko -Duser.variant 
java_command: org.gradle.launcher.daemon.bootstrap.GradleDaemon 7.1.1
java_class_path (initial): C:\Users\83868\.gradle\wrapper\dists\gradle-7.1.1-bin\f29rtwfnc96ub43tt7p47zsru\gradle-7.1.1\lib\gradle-launcher-7.1.1.jar
Launcher Type: SUN_STANDARD

[Global flags]
     intx CICompilerCount                          = 3                                         {product} {ergonomic}
   size_t CompressedClassSpaceSize                 = 260046848                                 {product} {ergonomic}
     uint ConcGCThreads                            = 1                                         {product} {ergonomic}
     uint G1ConcRefinementThreads                  = 4                                         {product} {ergonomic}
   size_t G1HeapRegionSize                         = 1048576                                   {product} {ergonomic}
    uintx GCDrainStackTargetSize                   = 64                                        {product} {ergonomic}
     bool HeapDumpOnOutOfMemoryError               = true                                   {manageable} {command line}
   size_t InitialHeapSize                          = 268435456                                 {product} {command line}
   size_t MarkStackSize                            = 4194304                                   {product} {ergonomic}
   size_t MaxHeapSize                              = 536870912                                 {product} {command line}
   size_t MaxMetaspaceSize                         = 268435456                                 {product} {command line}
   size_t MaxNewSize                               = 321912832                                 {product} {ergonomic}
   size_t MinHeapDeltaBytes                        = 1048576                                   {product} {ergonomic}
    uintx NonNMethodCodeHeapSize                   = 5830092                                {pd product} {ergonomic}
    uintx NonProfiledCodeHeapSize                  = 122914074                              {pd product} {ergonomic}
    uintx ProfiledCodeHeapSize                     = 122914074                              {pd product} {ergonomic}
    uintx ReservedCodeCacheSize                    = 251658240                              {pd product} {ergonomic}
     bool SegmentedCodeCache                       = true                                      {product} {ergonomic}
     bool UseCompressedClassPointers               = true                                 {lp64_product} {ergonomic}
     bool UseCompressedOops                        = true                                 {lp64_product} {ergonomic}
     bool UseG1GC                                  = true                                      {product} {ergonomic}
     bool UseLargePagesIndividualAllocation        = false                                  {pd product} {ergonomic}

Logging:
Log output configuration:
 #0: stdout all=warning uptime,level,tags
 #1: stderr all=off uptime,level,tags

Environment Variables:
PATH=C:\Program Files (x86)\Common Files\Oracle\Java\javapath;C:\Program Files\Citrix\ICAService\;C:\Program Files\Citrix\System32\;C:\Users\83868\AppData\Local\Microsoft\WindowsApps;C:\Windows;C:\Windows\system32;C:\Windows\System32\OpenSSH\;C:\Windows\System32\Wbem;C:\Windows\System32\WindowsPowerShell\v1.0\;C:\Program Files\Citrix\ICAService;C:\Program Files\Citrix\System32;C:\Program Files\Citrix\Virtual Desktop Agent;C:\Program Files (x86)\Microsoft SQL Server\150\DTS\Binn\;C:\Program Files\Azure Data Studio\bin;C:\Program Files\Git\cmd;C:\Program Files\nodejs\;C:\Program Files (x86)\Google\Cloud SDK\google-cloud-sdk\bin;C:\Users\83868\AppData\Local\Microsoft\WindowsApps;;C:\Program Files\Azure Data Studio\bin;C:\Program Files\JetBrains\IntelliJ IDEA 2021.2.1\bin;;C:\Users\83868\AppData\Local\Programs\Microsoft VS Code\bin;C:\Users\83868\AppData\Roaming\npm;C:\Users\83868\AppData\Local\Programs\Fiddler
USERNAME=83868
OS=Windows_NT
PROCESSOR_IDENTIFIER=Intel64 Family 6 Model 85 Stepping 7, GenuineIntel



---------------  S Y S T E M  ---------------

OS: Windows 10 , 64 bit Build 18362 (10.0.18362.2037)

CPU:total 4 (initial active 4) (2 cores per cpu, 1 threads per core) family 6 model 85 stepping 7, cmov, cx8, fxsr, mmx, sse, sse2, sse3, ssse3, sse4.1, sse4.2, popcnt, avx, avx2, aes, clmul, erms, 3dnowpref, lzcnt, tsc, tscinvbit, bmi1, bmi2, adx, fma

Memory: 4k page, system-wide physical 16382M (6367M free)
TotalPageFile size 17406M (AvailPageFile size 7558M)
current process WorkingSet (physical memory assigned to process): 513M, peak: 522M
current process commit charge ("private bytes"): 548M, peak: 554M

vm_info: OpenJDK 64-Bit Server VM (11+28) for windows-amd64 JRE (11+28), built on Aug 23 2018 03:04:58 by "mach5one" with MS VC++ 15.5 (VS2017)

END.
