#
# A fatal error has been detected by the Java Runtime Environment:
#
#  EXCEPTION_ACCESS_VIOLATION (0xc0000005) at pc=0x000001f8e5cdc4be, pid=1612, tid=9004
#
# JRE version: OpenJDK Runtime Environment (11.0+28) (build 11+28)
# Java VM: OpenJDK 64-Bit Server VM (11+28, mixed mode, tiered, compressed oops, g1 gc, windows-amd64)
# Problematic frame:
# C  [native-platform-file-events.dll+0x1c4be]
#
# No core dump will be written. Minidumps are not enabled by default on client versions of Windows
#
# If you would like to submit a bug report, please visit:
#   http://bugreport.java.com/bugreport/crash.jsp
# The crash happened outside the Java Virtual Machine in native code.
# See problematic frame for where to report the bug.
#

---------------  S U M M A R Y ------------

Command Line: --add-opens=java.base/java.util=ALL-UNNAMED --add-opens=java.base/java.lang=ALL-UNNAMED --add-opens=java.base/java.lang.invoke=ALL-UNNAMED --add-opens=java.base/java.util=ALL-UNNAMED --add-opens=java.prefs/java.util.prefs=ALL-UNNAMED --add-opens=java.prefs/java.util.prefs=ALL-UNNAMED --add-opens=java.base/java.nio.charset=ALL-UNNAMED --add-opens=java.base/java.net=ALL-UNNAMED --add-opens=java.base/java.util.concurrent.atomic=ALL-UNNAMED -XX:MaxMetaspaceSize=256m -XX:+HeapDumpOnOutOfMemoryError -Xms256m -Xmx512m -Dfile.encoding=x-windows-949 -Duser.country=KR -Duser.language=ko -Duser.variant org.gradle.launcher.daemon.bootstrap.GradleDaemon 7.1.1

Host: Intel(R) Xeon(R) Gold 6240R CPU @ 2.40GHz, 4 cores, 15G,  Windows 10 , 64 bit Build 18362 (10.0.18362.2037)
Time: Mon May  9 09:59:09 2022 ¢¥eCN©öI¡¾©ö C¡ÍA¨ª¨öA elapsed time: 47 seconds (0d 0h 0m 47s)

---------------  T H R E A D  ---------------

Current thread (0x000001f8e46c8800):  JavaThread "File watcher server" daemon [_thread_in_native, id=9004, stack(0x0000001467900000,0x0000001467a00000)]

Stack: [0x0000001467900000,0x0000001467a00000],  sp=0x00000014679fe770,  free space=1017k
Native frames: (J=compiled Java code, j=interpreted, Vv=VM code, C=native code)
C  [native-platform-file-events.dll+0x1c4be]

Java frames: (J=compiled Java code, j=interpreted, Vv=VM code)
j  net.rubygrapefruit.platform.internal.jni.AbstractFileEventFunctions$NativeFileWatcher.executeRunLoop0(Ljava/lang/Object;)V+0
j  net.rubygrapefruit.platform.internal.jni.AbstractFileEventFunctions$NativeFileWatcher.access$100(Lnet/rubygrapefruit/platform/internal/jni/AbstractFileEventFunctions$NativeFileWatcher;Ljava/lang/Object;)V+2
j  net.rubygrapefruit.platform.internal.jni.AbstractFileEventFunctions$NativeFileWatcher$1.run()V+26
v  ~StubRoutines::call_stub

siginfo: EXCEPTION_ACCESS_VIOLATION (0xc0000005), reading address 0xffffffffffffffff


Register to memory mapping:

RIP=0x000001f8e5cdc4be native-platform-file-events.dll
RAX=0x2473636974736974 is an unknown value
RBX=0x0000000000000001 is an unknown value
RCX=0x2473636974736974 is an unknown value
RDX=0x00000014679fe7c8 is pointing into the stack for thread: 0x000001f8e46c8800
RSP=0x00000014679fe770 is pointing into the stack for thread: 0x000001f8e46c8800
RBP=0x00000014679ff128 is pointing into the stack for thread: 0x000001f8e46c8800
RSI=0x0 is NULL
RDI=
[error occurred during error reporting (printing register info), id 0xc0000005, EXCEPTION_ACCESS_VIOLATION (0xc0000005) at pc=0x00007ffb4e673836]

Registers:
RAX=0x2473636974736974, RBX=0x0000000000000001, RCX=0x2473636974736974, RDX=0x00000014679fe7c8
RSP=0x00000014679fe770, RBP=0x00000014679ff128, RSI=0x0000000000000000, RDI=0x00000000ffffffff
R8 =0x00000014679fe7d0, R9 =0x000000007ffed000, R10=0x0000000000000001, R11=0xfffffffffd14569c
R12=0x0000000000000000, R13=0x000001f8e9448808, R14=0x00000014679ff150, R15=0x000001f8e46c8800
RIP=0x000001f8e5cdc4be, EFLAGS=0x0000000000010202

Top of Stack: (sp=0x00000014679fe770)
0x00000014679fe770:   000077e04e808918 000077e04e75f9f8
0x00000014679fe780:   000077e04e808918 000001f8e5cf7be5
0x00000014679fe790:   00000014679fe848 00000014679fe7c8
0x00000014679fe7a0:   0000001400000000 00000014679fe7d8
0x00000014679fe7b0:   00000014679f0001 00000132e210a536
0x00000014679fe7c0:   00000014679fe7d0 0000000000000000
0x00000014679fe7d0:   000077e04e75f9f8 000077e04e808918
0x00000014679fe7e0:   00000014679ff150 000001f8e5cf7777
0x00000014679fe7f0:   00000014679fe848 00000014679fe840
0x00000014679fe800:   000001f8e4d13d60 00000000ef3808d8
0x00000014679fe810:   0000000000000000 000001f8e5ce8bee
0x00000014679fe820:   000077e04e808918 0000000000000000
0x00000014679fe830:   00000014675fc600 00000014679fe8b0
0x00000014679fe840:   0000b1cba650651a 0000000000000000
0x00000014679fe850:   000001f8d0929910 000001f8e5cdc6ec
0x00000014679fe860:   2473636974736974 0000001400000003 

Instructions: (pc=0x000001f8e5cdc4be)
0x000001f8e5cdc49e:   05 a5 7d 10 00 48 33 c4 48 89 84 24 d0 00 00 00
0x000001f8e5cdc4ae:   c7 44 24 30 00 00 00 00 48 8b 84 24 f0 00 00 00
0x000001f8e5cdc4be:   83 78 68 03 0f 84 02 01 00 00 48 8b 84 24 f0 00
0x000001f8e5cdc4ce:   00 00 48 8b 48 28 ff 15 36 ab 11 00 89 44 24 38 



---------------  P R O C E S S  ---------------

Threads class SMR info:
_java_thread_list=0x000001f8ed02e320, length=77, elements={
0x000001f8c8663800, 0x000001f8e397f000, 0x000001f8e3980000, 0x000001f8e3a0e000,
0x000001f8e3a10000, 0x000001f8e3a13000, 0x000001f8e3a16000, 0x000001f8e3a97800,
0x000001f8e3b83000, 0x000001f8e3bce800, 0x000001f8e5b67800, 0x000001f8e6c66800,
0x000001f8e7d09800, 0x000001f8e5c6a000, 0x000001f8e591c800, 0x000001f8e7152800,
0x000001f8e69b8000, 0x000001f8e4df9800, 0x000001f8e7509800, 0x000001f8e5b05000,
0x000001f8e46c3000, 0x000001f8e46c4800, 0x000001f8e46c6000, 0x000001f8e46c9800,
0x000001f8e46c8800, 0x000001f8e46c5800, 0x000001f8e46c8000, 0x000001f8e46c7000,
0x000001f8e5ab2800, 0x000001f8e5ab6800, 0x000001f8e5ab5000, 0x000001f8e5ab4000,
0x000001f8e5ab7000, 0x000001f8e5ab1800, 0x000001f8e5ab8000, 0x000001f8e5ab9000,
0x000001f8e5ab3000, 0x000001f8e5ab9800, 0x000001f8e5abf800, 0x000001f8e5abd000,
0x000001f8e5aba800, 0x000001f8e5abb800, 0x000001f8e5abe800, 0x000001f8e5abd800,
0x000001f8e5abc000, 0x000001f8e7a13800, 0x000001f8e7a11000, 0x000001f8e7a11800,
0x000001f8e7a16000, 0x000001f8e7a14000, 0x000001f8e7a16800, 0x000001f8e7a15000,
0x000001f8e7a17800, 0x000001f8e7a18000, 0x000001f8e7a12800, 0x000001f8e7a1a000,
0x000001f8e7a1d000, 0x000001f8e7a1a800, 0x000001f8e7a1e000, 0x000001f8e7a1c800,
0x000001f8e7a1e800, 0x000001f8e7a19000, 0x000001f8e7a1f800, 0x000001f8e7a1b800,
0x000001f8e981e800, 0x000001f8e9822000, 0x000001f8e981f800, 0x000001f8e981d000,
0x000001f8e9820800, 0x000001f8e9821000, 0x000001f8e981c800, 0x000001f8e9823000,
0x000001f8e981e000, 0x000001f8e504b000, 0x000001f8e504c000, 0x000001f8e504c800,
0x000001f8e504e800
}

Java Threads: ( => current thread )
  0x000001f8c8663800 JavaThread "main" [_thread_blocked, id=12100, stack(0x0000001465b00000,0x0000001465c00000)]
  0x000001f8e397f000 JavaThread "Reference Handler" daemon [_thread_blocked, id=4192, stack(0x0000001466200000,0x0000001466300000)]
  0x000001f8e3980000 JavaThread "Finalizer" daemon [_thread_blocked, id=15660, stack(0x0000001466300000,0x0000001466400000)]
  0x000001f8e3a0e000 JavaThread "Signal Dispatcher" daemon [_thread_blocked, id=2924, stack(0x0000001466400000,0x0000001466500000)]
  0x000001f8e3a10000 JavaThread "Attach Listener" daemon [_thread_blocked, id=7836, stack(0x0000001466500000,0x0000001466600000)]
  0x000001f8e3a13000 JavaThread "C2 CompilerThread0" daemon [_thread_blocked, id=14188, stack(0x0000001466600000,0x0000001466700000)]
  0x000001f8e3a16000 JavaThread "C1 CompilerThread0" daemon [_thread_blocked, id=10452, stack(0x0000001466700000,0x0000001466800000)]
  0x000001f8e3a97800 JavaThread "Sweeper thread" daemon [_thread_blocked, id=13452, stack(0x0000001466800000,0x0000001466900000)]
  0x000001f8e3b83000 JavaThread "Common-Cleaner" daemon [_thread_blocked, id=15132, stack(0x0000001466900000,0x0000001466a00000)]
  0x000001f8e3bce800 JavaThread "Service Thread" daemon [_thread_blocked, id=532, stack(0x0000001466a00000,0x0000001466b00000)]
  0x000001f8e5b67800 JavaThread "Daemon health stats" [_thread_blocked, id=1748, stack(0x0000001467000000,0x0000001467100000)]
  0x000001f8e6c66800 JavaThread "Incoming local TCP Connector on port 49797" [_thread_in_native, id=8028, stack(0x0000001466f00000,0x0000001467000000)]
  0x000001f8e7d09800 JavaThread "Daemon periodic checks" [_thread_blocked, id=13132, stack(0x0000001467100000,0x0000001467200000)]
  0x000001f8e5c6a000 JavaThread "Daemon" [_thread_blocked, id=3300, stack(0x0000001467200000,0x0000001467300000)]
  0x000001f8e591c800 JavaThread "Handler for socket connection from /127.0.0.1:49797 to /127.0.0.1:49798" [_thread_in_native, id=10300, stack(0x0000001467300000,0x0000001467400000)]
  0x000001f8e7152800 JavaThread "Cancel handler" [_thread_blocked, id=3380, stack(0x0000001467400000,0x0000001467500000)]
  0x000001f8e69b8000 JavaThread "Daemon worker" [_thread_in_native, id=6648, stack(0x0000001467500000,0x0000001467600000)]
  0x000001f8e4df9800 JavaThread "Asynchronous log dispatcher for DefaultDaemonConnection: socket connection from /127.0.0.1:49797 to /127.0.0.1:49798" [_thread_blocked, id=1540, stack(0x0000001467600000,0x0000001467700000)]
  0x000001f8e7509800 JavaThread "Stdin handler" [_thread_blocked, id=1912, stack(0x0000001467700000,0x0000001467800000)]
  0x000001f8e5b05000 JavaThread "Daemon client event forwarder" [_thread_blocked, id=12992, stack(0x0000001467800000,0x0000001467900000)]
  0x000001f8e46c3000 JavaThread "Cache worker for journal cache (C:\Users\83868\.gradle\caches\journal-1)" [_thread_blocked, id=10812, stack(0x0000001467a00000,0x0000001467b00000)]
  0x000001f8e46c4800 JavaThread "File lock request listener" [_thread_in_native, id=2620, stack(0x0000001467b00000,0x0000001467c00000)]
  0x000001f8e46c6000 JavaThread "Cache worker for file hash cache (C:\Users\83868\.gradle\caches\7.1.1\fileHashes)" [_thread_blocked, id=14228, stack(0x0000001467c00000,0x0000001467d00000)]
  0x000001f8e46c9800 JavaThread "Cache worker for file hash cache (D:\Work\Subscription\Backend\.gradle\7.1.1\fileHashes)" [_thread_blocked, id=16020, stack(0x0000001467d00000,0x0000001467e00000)]
=>0x000001f8e46c8800 JavaThread "File watcher server" daemon [_thread_in_native, id=9004, stack(0x0000001467900000,0x0000001467a00000)]
  0x000001f8e46c5800 JavaThread "File watcher consumer" daemon [_thread_blocked, id=4376, stack(0x0000001467e00000,0x0000001467f00000)]
  0x000001f8e46c8000 JavaThread "Cache worker for checksums cache (D:\Work\Subscription\Backend\.gradle\checksums)" [_thread_blocked, id=12856, stack(0x0000001467f00000,0x0000001468000000)]
  0x000001f8e46c7000 JavaThread "Cache worker for cache directory md-rule (C:\Users\83868\.gradle\caches\7.1.1\md-rule)" [_thread_blocked, id=16176, stack(0x0000001468100000,0x0000001468200000)]
  0x000001f8e5ab2800 JavaThread "Cache worker for execution history cache (C:\Users\83868\.gradle\caches\7.1.1\executionHistory)" [_thread_blocked, id=14508, stack(0x0000001468300000,0x0000001468400000)]
  0x000001f8e5ab6800 JavaThread "jar transforms" [_thread_blocked, id=10540, stack(0x0000001468400000,0x0000001468500000)]
  0x000001f8e5ab5000 JavaThread "jar transforms Thread 2" [_thread_blocked, id=10740, stack(0x0000001468500000,0x0000001468600000)]
  0x000001f8e5ab4000 JavaThread "Cache worker for file content cache (C:\Users\83868\.gradle\caches\7.1.1\fileContent)" [_thread_blocked, id=7132, stack(0x0000001468600000,0x0000001468700000)]
  0x000001f8e5ab7000 JavaThread "jar transforms Thread 3" [_thread_blocked, id=10668, stack(0x0000001468700000,0x0000001468800000)]
  0x000001f8e5ab1800 JavaThread "jar transforms Thread 4" [_thread_blocked, id=816, stack(0x0000001468800000,0x0000001468900000)]
  0x000001f8e5ab8000 JavaThread "Cache worker for dependencies-accessors (D:\Work\Subscription\Backend\.gradle\7.1.1\dependencies-accessors)" [_thread_blocked, id=17068, stack(0x0000001468900000,0x0000001468a00000)]
  0x000001f8e5ab9000 JavaThread "Cache worker for Build Output Cleanup Cache (D:\Work\Subscription\Backend\.gradle\buildOutputCleanup)" [_thread_blocked, id=4156, stack(0x0000001468a00000,0x0000001468b00000)]
  0x000001f8e5ab3000 JavaThread "Unconstrained build operations" [_thread_blocked, id=13864, stack(0x0000001468b00000,0x0000001468c00000)]
  0x000001f8e5ab9800 JavaThread "Unconstrained build operations Thread 2" [_thread_blocked, id=16464, stack(0x0000001468c00000,0x0000001468d00000)]
  0x000001f8e5abf800 JavaThread "Unconstrained build operations Thread 3" [_thread_blocked, id=16996, stack(0x0000001468d00000,0x0000001468e00000)]
  0x000001f8e5abd000 JavaThread "Unconstrained build operations Thread 4" [_thread_blocked, id=6016, stack(0x0000001468e00000,0x0000001468f00000)]
  0x000001f8e5aba800 JavaThread "Unconstrained build operations Thread 5" [_thread_blocked, id=16572, stack(0x0000001468f00000,0x0000001469000000)]
  0x000001f8e5abb800 JavaThread "Unconstrained build operations Thread 6" [_thread_blocked, id=13852, stack(0x0000001469000000,0x0000001469100000)]
  0x000001f8e5abe800 JavaThread "Unconstrained build operations Thread 7" [_thread_blocked, id=3844, stack(0x0000001469100000,0x0000001469200000)]
  0x000001f8e5abd800 JavaThread "Unconstrained build operations Thread 8" [_thread_blocked, id=17152, stack(0x0000001469200000,0x0000001469300000)]
  0x000001f8e5abc000 JavaThread "Unconstrained build operations Thread 9" [_thread_blocked, id=16128, stack(0x0000001469300000,0x0000001469400000)]
  0x000001f8e7a13800 JavaThread "Unconstrained build operations Thread 10" [_thread_blocked, id=5972, stack(0x0000001469400000,0x0000001469500000)]
  0x000001f8e7a11000 JavaThread "Unconstrained build operations Thread 11" [_thread_blocked, id=16416, stack(0x0000001469500000,0x0000001469600000)]
  0x000001f8e7a11800 JavaThread "Unconstrained build operations Thread 12" [_thread_blocked, id=4504, stack(0x0000001469600000,0x0000001469700000)]
  0x000001f8e7a16000 JavaThread "Unconstrained build operations Thread 13" [_thread_blocked, id=7864, stack(0x0000001469700000,0x0000001469800000)]
  0x000001f8e7a14000 JavaThread "Unconstrained build operations Thread 14" [_thread_blocked, id=12968, stack(0x0000001469800000,0x0000001469900000)]
  0x000001f8e7a16800 JavaThread "Unconstrained build operations Thread 15" [_thread_blocked, id=9148, stack(0x0000001469900000,0x0000001469a00000)]
  0x000001f8e7a15000 JavaThread "Unconstrained build operations Thread 16" [_thread_blocked, id=7868, stack(0x0000001469a00000,0x0000001469b00000)]
  0x000001f8e7a17800 JavaThread "Unconstrained build operations Thread 17" [_thread_blocked, id=14348, stack(0x0000001469b00000,0x0000001469c00000)]
  0x000001f8e7a18000 JavaThread "Unconstrained build operations Thread 18" [_thread_blocked, id=16604, stack(0x0000001469c00000,0x0000001469d00000)]
  0x000001f8e7a12800 JavaThread "Unconstrained build operations Thread 19" [_thread_blocked, id=13940, stack(0x0000001469d00000,0x0000001469e00000)]
  0x000001f8e7a1a000 JavaThread "Unconstrained build operations Thread 20" [_thread_blocked, id=15704, stack(0x0000001469e00000,0x0000001469f00000)]
  0x000001f8e7a1d000 JavaThread "Memory manager" [_thread_blocked, id=17004, stack(0x0000001469f00000,0x000000146a000000)]
  0x000001f8e7a1a800 JavaThread "Unconstrained build operations Thread 21" [_thread_blocked, id=676, stack(0x000000146a000000,0x000000146a100000)]
  0x000001f8e7a1e000 JavaThread "Unconstrained build operations Thread 22" [_thread_blocked, id=16268, stack(0x000000146a100000,0x000000146a200000)]
  0x000001f8e7a1c800 JavaThread "Unconstrained build operations Thread 23" [_thread_blocked, id=9804, stack(0x000000146a200000,0x000000146a300000)]
  0x000001f8e7a1e800 JavaThread "Unconstrained build operations Thread 24" [_thread_blocked, id=7048, stack(0x000000146a300000,0x000000146a400000)]
  0x000001f8e7a19000 JavaThread "Unconstrained build operations Thread 25" [_thread_blocked, id=9912, stack(0x000000146a400000,0x000000146a500000)]
  0x000001f8e7a1f800 JavaThread "Unconstrained build operations Thread 26" [_thread_blocked, id=10436, stack(0x000000146a500000,0x000000146a600000)]
  0x000001f8e7a1b800 JavaThread "Unconstrained build operations Thread 27" [_thread_blocked, id=6280, stack(0x000000146a600000,0x000000146a700000)]
  0x000001f8e981e800 JavaThread "Unconstrained build operations Thread 28" [_thread_blocked, id=15408, stack(0x000000146a700000,0x000000146a800000)]
  0x000001f8e9822000 JavaThread "Unconstrained build operations Thread 29" [_thread_blocked, id=7692, stack(0x000000146a800000,0x000000146a900000)]
  0x000001f8e981f800 JavaThread "Unconstrained build operations Thread 30" [_thread_blocked, id=16980, stack(0x000000146a900000,0x000000146aa00000)]
  0x000001f8e981d000 JavaThread "Unconstrained build operations Thread 31" [_thread_blocked, id=9332, stack(0x000000146aa00000,0x000000146ab00000)]
  0x000001f8e9820800 JavaThread "Unconstrained build operations Thread 32" [_thread_blocked, id=17388, stack(0x000000146ab00000,0x000000146ac00000)]
  0x000001f8e9821000 JavaThread "Unconstrained build operations Thread 33" [_thread_blocked, id=4516, stack(0x000000146ac00000,0x000000146ad00000)]
  0x000001f8e981c800 JavaThread "Unconstrained build operations Thread 34" [_thread_blocked, id=8280, stack(0x000000146ad00000,0x000000146ae00000)]
  0x000001f8e9823000 JavaThread "Unconstrained build operations Thread 35" [_thread_blocked, id=17312, stack(0x000000146ae00000,0x000000146af00000)]
  0x000001f8e981e000 JavaThread "Unconstrained build operations Thread 36" [_thread_blocked, id=14892, stack(0x000000146af00000,0x000000146b000000)]
  0x000001f8e504b000 JavaThread "Unconstrained build operations Thread 37" [_thread_blocked, id=17280, stack(0x000000146b000000,0x000000146b100000)]
  0x000001f8e504c000 JavaThread "Unconstrained build operations Thread 38" [_thread_blocked, id=12212, stack(0x000000146b100000,0x000000146b200000)]
  0x000001f8e504c800 JavaThread "Unconstrained build operations Thread 39" [_thread_blocked, id=8804, stack(0x000000146b200000,0x000000146b300000)]
  0x000001f8e504e800 JavaThread "Unconstrained build operations Thread 40" [_thread_blocked, id=14772, stack(0x000000146b300000,0x000000146b400000)]

Other Threads:
  0x000001f8e397e800 VMThread "VM Thread" [stack: 0x0000001466100000,0x0000001466200000] [id=12952]
  0x000001f8e3bd9800 WatcherThread [stack: 0x0000001466b00000,0x0000001466c00000] [id=13056]
  0x000001f8c867c000 GCTaskThread "GC Thread#0" [stack: 0x0000001465c00000,0x0000001465d00000] [id=16976]
  0x000001f8e491d800 GCTaskThread "GC Thread#1" [stack: 0x0000001466c00000,0x0000001466d00000] [id=5984]
  0x000001f8e4583000 GCTaskThread "GC Thread#2" [stack: 0x0000001466d00000,0x0000001466e00000] [id=14052]
  0x000001f8e3d4d000 GCTaskThread "GC Thread#3" [stack: 0x0000001466e00000,0x0000001466f00000] [id=8656]
  0x000001f8c869f000 ConcurrentGCThread "G1 Main Marker" [stack: 0x0000001465d00000,0x0000001465e00000] [id=12844]
  0x000001f8c86a0000 ConcurrentGCThread "G1 Conc#0" [stack: 0x0000001465e00000,0x0000001465f00000] [id=556]
  0x000001f8e3012800 ConcurrentGCThread "G1 Refine#0" [stack: 0x0000001465f00000,0x0000001466000000] [id=16184]
  0x000001f8e3013800 ConcurrentGCThread "G1 Young RemSet Sampling" [stack: 0x0000001466000000,0x0000001466100000] [id=17092]

Threads with active compile tasks:

VM state:not at safepoint (normal execution)

VM Mutex/Monitor currently owned by a thread: None

Heap address: 0x00000000e0000000, size: 512 MB, Compressed Oops mode: 32-bit
Narrow klass base: 0x0000000000000000, Narrow klass shift: 3
Compressed class space size: 260046848 Address: 0x0000000100000000

Heap:
 garbage-first heap   total 262144K, used 119101K [0x00000000e0000000, 0x0000000100000000)
  region size 1024K, 71 young (72704K), 9 survivors (9216K)
 Metaspace       used 61082K, capacity 62913K, committed 62976K, reserved 309248K
  class space    used 7720K, capacity 8411K, committed 8448K, reserved 253952K
Heap Regions: E=young(eden), S=young(survivor), O=old, HS=humongous(starts), HC=humongous(continues), CS=collection set, F=free, A=archive, TAMS=top-at-mark-start (previous, next)
|   0|0x00000000e0000000, 0x00000000e0100000, 0x00000000e0100000|100%|HS|  |TAMS 0x00000000e0100000, 0x00000000e0000000| Complete 
|   1|0x00000000e0100000, 0x00000000e0200000, 0x00000000e0200000|100%|HC|  |TAMS 0x00000000e0200000, 0x00000000e0100000| Complete 
|   2|0x00000000e0200000, 0x00000000e0300000, 0x00000000e0300000|100%|HC|  |TAMS 0x00000000e0300000, 0x00000000e0200000| Complete 
|   3|0x00000000e0300000, 0x00000000e0400000, 0x00000000e0400000|100%| O|  |TAMS 0x00000000e0400000, 0x00000000e0300000| Untracked 
|   4|0x00000000e0400000, 0x00000000e0500000, 0x00000000e0500000|100%| O|  |TAMS 0x00000000e0500000, 0x00000000e0400000| Untracked 
|   5|0x00000000e0500000, 0x00000000e0600000, 0x00000000e0600000|100%| O|  |TAMS 0x00000000e0600000, 0x00000000e0500000| Untracked 
|   6|0x00000000e0600000, 0x00000000e0700000, 0x00000000e0700000|100%| O|  |TAMS 0x00000000e0700000, 0x00000000e0600000| Untracked 
|   7|0x00000000e0700000, 0x00000000e0800000, 0x00000000e0800000|100%| O|  |TAMS 0x00000000e0800000, 0x00000000e0700000| Untracked 
|   8|0x00000000e0800000, 0x00000000e0900000, 0x00000000e0900000|100%| O|  |TAMS 0x00000000e0900000, 0x00000000e0800000| Untracked 
|   9|0x00000000e0900000, 0x00000000e0a00000, 0x00000000e0a00000|100%| O|  |TAMS 0x00000000e0a00000, 0x00000000e0900000| Untracked 
|  10|0x00000000e0a00000, 0x00000000e0b00000, 0x00000000e0b00000|100%| O|  |TAMS 0x00000000e0b00000, 0x00000000e0a00000| Untracked 
|  11|0x00000000e0b00000, 0x00000000e0c00000, 0x00000000e0c00000|100%| O|  |TAMS 0x00000000e0c00000, 0x00000000e0b00000| Untracked 
|  12|0x00000000e0c00000, 0x00000000e0d00000, 0x00000000e0d00000|100%| O|  |TAMS 0x00000000e0d00000, 0x00000000e0c00000| Untracked 
|  13|0x00000000e0d00000, 0x00000000e0e00000, 0x00000000e0e00000|100%| O|  |TAMS 0x00000000e0e00000, 0x00000000e0d00000| Untracked 
|  14|0x00000000e0e00000, 0x00000000e0f00000, 0x00000000e0f00000|100%| O|  |TAMS 0x00000000e0f00000, 0x00000000e0e00000| Untracked 
|  15|0x00000000e0f00000, 0x00000000e1000000, 0x00000000e1000000|100%| O|  |TAMS 0x00000000e1000000, 0x00000000e0f00000| Untracked 
|  16|0x00000000e1000000, 0x00000000e1100000, 0x00000000e1100000|100%| O|  |TAMS 0x00000000e1100000, 0x00000000e1000000| Untracked 
|  17|0x00000000e1100000, 0x00000000e1200000, 0x00000000e1200000|100%| O|  |TAMS 0x00000000e1200000, 0x00000000e1100000| Untracked 
|  18|0x00000000e1200000, 0x00000000e1300000, 0x00000000e1300000|100%| O|  |TAMS 0x00000000e1300000, 0x00000000e1200000| Untracked 
|  19|0x00000000e1300000, 0x00000000e1400000, 0x00000000e1400000|100%| O|  |TAMS 0x00000000e1400000, 0x00000000e1300000| Untracked 
|  20|0x00000000e1400000, 0x00000000e1500000, 0x00000000e1500000|100%| O|  |TAMS 0x00000000e1500000, 0x00000000e1400000| Untracked 
|  21|0x00000000e1500000, 0x00000000e1600000, 0x00000000e1600000|100%| O|  |TAMS 0x00000000e1600000, 0x00000000e1500000| Untracked 
|  22|0x00000000e1600000, 0x00000000e1700000, 0x00000000e1700000|100%| O|  |TAMS 0x00000000e1700000, 0x00000000e1600000| Untracked 
|  23|0x00000000e1700000, 0x00000000e1800000, 0x00000000e1800000|100%| O|  |TAMS 0x00000000e1800000, 0x00000000e1700000| Untracked 
|  24|0x00000000e1800000, 0x00000000e1900000, 0x00000000e1900000|100%| O|  |TAMS 0x00000000e1900000, 0x00000000e1800000| Untracked 
|  25|0x00000000e1900000, 0x00000000e1a00000, 0x00000000e1a00000|100%| O|  |TAMS 0x00000000e1a00000, 0x00000000e1900000| Untracked 
|  26|0x00000000e1a00000, 0x00000000e1b00000, 0x00000000e1b00000|100%| O|  |TAMS 0x00000000e1b00000, 0x00000000e1a00000| Untracked 
|  27|0x00000000e1b00000, 0x00000000e1c00000, 0x00000000e1c00000|100%| O|  |TAMS 0x00000000e1c00000, 0x00000000e1b00000| Untracked 
|  28|0x00000000e1c00000, 0x00000000e1d00000, 0x00000000e1d00000|100%| O|  |TAMS 0x00000000e1d00000, 0x00000000e1c00000| Untracked 
|  29|0x00000000e1d00000, 0x00000000e1e00000, 0x00000000e1e00000|100%| O|  |TAMS 0x00000000e1e00000, 0x00000000e1d00000| Untracked 
|  30|0x00000000e1e00000, 0x00000000e1f00000, 0x00000000e1f00000|100%| O|  |TAMS 0x00000000e1f00000, 0x00000000e1e00000| Untracked 
|  31|0x00000000e1f00000, 0x00000000e2000000, 0x00000000e2000000|100%| O|  |TAMS 0x00000000e2000000, 0x00000000e1f00000| Untracked 
|  32|0x00000000e2000000, 0x00000000e2100000, 0x00000000e2100000|100%| O|  |TAMS 0x00000000e2100000, 0x00000000e2000000| Untracked 
|  33|0x00000000e2100000, 0x00000000e2200000, 0x00000000e2200000|100%| O|  |TAMS 0x00000000e2200000, 0x00000000e2100000| Untracked 
|  34|0x00000000e2200000, 0x00000000e2300000, 0x00000000e2300000|100%| O|  |TAMS 0x00000000e2300000, 0x00000000e2200000| Untracked 
|  35|0x00000000e2300000, 0x00000000e2400000, 0x00000000e2400000|100%| O|  |TAMS 0x00000000e2400000, 0x00000000e2300000| Untracked 
|  36|0x00000000e2400000, 0x00000000e2500000, 0x00000000e2500000|100%| O|  |TAMS 0x00000000e2500000, 0x00000000e2400000| Untracked 
|  37|0x00000000e2500000, 0x00000000e2600000, 0x00000000e2600000|100%| O|  |TAMS 0x00000000e2600000, 0x00000000e2500000| Untracked 
|  38|0x00000000e2600000, 0x00000000e2700000, 0x00000000e2700000|100%| O|  |TAMS 0x00000000e2700000, 0x00000000e2600000| Untracked 
|  39|0x00000000e2700000, 0x00000000e2800000, 0x00000000e2800000|100%| O|  |TAMS 0x00000000e2800000, 0x00000000e2700000| Untracked 
|  40|0x00000000e2800000, 0x00000000e2900000, 0x00000000e2900000|100%| O|  |TAMS 0x00000000e2900000, 0x00000000e2800000| Untracked 
|  41|0x00000000e2900000, 0x00000000e2a00000, 0x00000000e2a00000|100%| O|  |TAMS 0x00000000e2a00000, 0x00000000e2900000| Untracked 
|  42|0x00000000e2a00000, 0x00000000e2b00000, 0x00000000e2b00000|100%| O|  |TAMS 0x00000000e2b00000, 0x00000000e2a00000| Untracked 
|  43|0x00000000e2b00000, 0x00000000e2c00000, 0x00000000e2c00000|100%| O|  |TAMS 0x00000000e2c00000, 0x00000000e2b00000| Untracked 
|  44|0x00000000e2c00000, 0x00000000e2c4f400, 0x00000000e2d00000| 30%| O|  |TAMS 0x00000000e2c4f400, 0x00000000e2c00000| Untracked 
|  45|0x00000000e2d00000, 0x00000000e2e00000, 0x00000000e2e00000|100%|HS|  |TAMS 0x00000000e2d00000, 0x00000000e2d00000| Complete 
|  46|0x00000000e2e00000, 0x00000000e2f00000, 0x00000000e2f00000|100%|HS|  |TAMS 0x00000000e2e00000, 0x00000000e2e00000| Complete 
|  47|0x00000000e2f00000, 0x00000000e2f00000, 0x00000000e3000000|  0%| F|  |TAMS 0x00000000e2f00000, 0x00000000e2f00000| Untracked 
|  48|0x00000000e3000000, 0x00000000e3000000, 0x00000000e3100000|  0%| F|  |TAMS 0x00000000e3000000, 0x00000000e3000000| Untracked 
|  49|0x00000000e3100000, 0x00000000e3100000, 0x00000000e3200000|  0%| F|  |TAMS 0x00000000e3100000, 0x00000000e3100000| Untracked 
|  50|0x00000000e3200000, 0x00000000e3300000, 0x00000000e3300000|100%|HS|  |TAMS 0x00000000e3200000, 0x00000000e3200000| Complete 
|  51|0x00000000e3300000, 0x00000000e3300000, 0x00000000e3400000|  0%| F|  |TAMS 0x00000000e3300000, 0x00000000e3300000| Untracked 
|  52|0x00000000e3400000, 0x00000000e3400000, 0x00000000e3500000|  0%| F|  |TAMS 0x00000000e3400000, 0x00000000e3400000| Untracked 
|  53|0x00000000e3500000, 0x00000000e3500000, 0x00000000e3600000|  0%| F|  |TAMS 0x00000000e3500000, 0x00000000e3500000| Untracked 
|  54|0x00000000e3600000, 0x00000000e3600000, 0x00000000e3700000|  0%| F|  |TAMS 0x00000000e3600000, 0x00000000e3600000| Untracked 
|  55|0x00000000e3700000, 0x00000000e3700000, 0x00000000e3800000|  0%| F|  |TAMS 0x00000000e3700000, 0x00000000e3700000| Untracked 
|  56|0x00000000e3800000, 0x00000000e3800000, 0x00000000e3900000|  0%| F|  |TAMS 0x00000000e3800000, 0x00000000e3800000| Untracked 
|  57|0x00000000e3900000, 0x00000000e3900000, 0x00000000e3a00000|  0%| F|  |TAMS 0x00000000e3900000, 0x00000000e3900000| Untracked 
|  58|0x00000000e3a00000, 0x00000000e3a00000, 0x00000000e3b00000|  0%| F|  |TAMS 0x00000000e3a00000, 0x00000000e3a00000| Untracked 
|  59|0x00000000e3b00000, 0x00000000e3b00000, 0x00000000e3c00000|  0%| F|  |TAMS 0x00000000e3b00000, 0x00000000e3b00000| Untracked 
|  60|0x00000000e3c00000, 0x00000000e3c00000, 0x00000000e3d00000|  0%| F|  |TAMS 0x00000000e3c00000, 0x00000000e3c00000| Untracked 
|  61|0x00000000e3d00000, 0x00000000e3d00000, 0x00000000e3e00000|  0%| F|  |TAMS 0x00000000e3d00000, 0x00000000e3d00000| Untracked 
|  62|0x00000000e3e00000, 0x00000000e3e00000, 0x00000000e3f00000|  0%| F|  |TAMS 0x00000000e3e00000, 0x00000000e3e00000| Untracked 
|  63|0x00000000e3f00000, 0x00000000e3f00000, 0x00000000e4000000|  0%| F|  |TAMS 0x00000000e3f00000, 0x00000000e3f00000| Untracked 
|  64|0x00000000e4000000, 0x00000000e4000000, 0x00000000e4100000|  0%| F|  |TAMS 0x00000000e4000000, 0x00000000e4000000| Untracked 
|  65|0x00000000e4100000, 0x00000000e4100000, 0x00000000e4200000|  0%| F|  |TAMS 0x00000000e4100000, 0x00000000e4100000| Untracked 
|  66|0x00000000e4200000, 0x00000000e4200000, 0x00000000e4300000|  0%| F|  |TAMS 0x00000000e4200000, 0x00000000e4200000| Untracked 
|  67|0x00000000e4300000, 0x00000000e4300000, 0x00000000e4400000|  0%| F|  |TAMS 0x00000000e4300000, 0x00000000e4300000| Untracked 
|  68|0x00000000e4400000, 0x00000000e4400000, 0x00000000e4500000|  0%| F|  |TAMS 0x00000000e4400000, 0x00000000e4400000| Untracked 
|  69|0x00000000e4500000, 0x00000000e4500000, 0x00000000e4600000|  0%| F|  |TAMS 0x00000000e4500000, 0x00000000e4500000| Untracked 
|  70|0x00000000e4600000, 0x00000000e4600000, 0x00000000e4700000|  0%| F|  |TAMS 0x00000000e4600000, 0x00000000e4600000| Untracked 
|  71|0x00000000e4700000, 0x00000000e4700000, 0x00000000e4800000|  0%| F|  |TAMS 0x00000000e4700000, 0x00000000e4700000| Untracked 
|  72|0x00000000e4800000, 0x00000000e4800000, 0x00000000e4900000|  0%| F|  |TAMS 0x00000000e4800000, 0x00000000e4800000| Untracked 
|  73|0x00000000e4900000, 0x00000000e4900000, 0x00000000e4a00000|  0%| F|  |TAMS 0x00000000e4900000, 0x00000000e4900000| Untracked 
|  74|0x00000000e4a00000, 0x00000000e4a00000, 0x00000000e4b00000|  0%| F|  |TAMS 0x00000000e4a00000, 0x00000000e4a00000| Untracked 
|  75|0x00000000e4b00000, 0x00000000e4b00000, 0x00000000e4c00000|  0%| F|  |TAMS 0x00000000e4b00000, 0x00000000e4b00000| Untracked 
|  76|0x00000000e4c00000, 0x00000000e4c00000, 0x00000000e4d00000|  0%| F|  |TAMS 0x00000000e4c00000, 0x00000000e4c00000| Untracked 
|  77|0x00000000e4d00000, 0x00000000e4d00000, 0x00000000e4e00000|  0%| F|  |TAMS 0x00000000e4d00000, 0x00000000e4d00000| Untracked 
|  78|0x00000000e4e00000, 0x00000000e4e00000, 0x00000000e4f00000|  0%| F|  |TAMS 0x00000000e4e00000, 0x00000000e4e00000| Untracked 
|  79|0x00000000e4f00000, 0x00000000e4f00000, 0x00000000e5000000|  0%| F|  |TAMS 0x00000000e4f00000, 0x00000000e4f00000| Untracked 
|  80|0x00000000e5000000, 0x00000000e5000000, 0x00000000e5100000|  0%| F|  |TAMS 0x00000000e5000000, 0x00000000e5000000| Untracked 
|  81|0x00000000e5100000, 0x00000000e5100000, 0x00000000e5200000|  0%| F|  |TAMS 0x00000000e5100000, 0x00000000e5100000| Untracked 
|  82|0x00000000e5200000, 0x00000000e5200000, 0x00000000e5300000|  0%| F|  |TAMS 0x00000000e5200000, 0x00000000e5200000| Untracked 
|  83|0x00000000e5300000, 0x00000000e5300000, 0x00000000e5400000|  0%| F|  |TAMS 0x00000000e5300000, 0x00000000e5300000| Untracked 
|  84|0x00000000e5400000, 0x00000000e5400000, 0x00000000e5500000|  0%| F|  |TAMS 0x00000000e5400000, 0x00000000e5400000| Untracked 
|  85|0x00000000e5500000, 0x00000000e5500000, 0x00000000e5600000|  0%| F|  |TAMS 0x00000000e5500000, 0x00000000e5500000| Untracked 
|  86|0x00000000e5600000, 0x00000000e5600000, 0x00000000e5700000|  0%| F|  |TAMS 0x00000000e5600000, 0x00000000e5600000| Untracked 
|  87|0x00000000e5700000, 0x00000000e5700000, 0x00000000e5800000|  0%| F|  |TAMS 0x00000000e5700000, 0x00000000e5700000| Untracked 
|  88|0x00000000e5800000, 0x00000000e5800000, 0x00000000e5900000|  0%| F|  |TAMS 0x00000000e5800000, 0x00000000e5800000| Untracked 
|  89|0x00000000e5900000, 0x00000000e5900000, 0x00000000e5a00000|  0%| F|  |TAMS 0x00000000e5900000, 0x00000000e5900000| Untracked 
|  90|0x00000000e5a00000, 0x00000000e5a00000, 0x00000000e5b00000|  0%| F|  |TAMS 0x00000000e5a00000, 0x00000000e5a00000| Untracked 
|  91|0x00000000e5b00000, 0x00000000e5b00000, 0x00000000e5c00000|  0%| F|  |TAMS 0x00000000e5b00000, 0x00000000e5b00000| Untracked 
|  92|0x00000000e5c00000, 0x00000000e5c00000, 0x00000000e5d00000|  0%| F|  |TAMS 0x00000000e5c00000, 0x00000000e5c00000| Untracked 
|  93|0x00000000e5d00000, 0x00000000e5d00000, 0x00000000e5e00000|  0%| F|  |TAMS 0x00000000e5d00000, 0x00000000e5d00000| Untracked 
|  94|0x00000000e5e00000, 0x00000000e5e00000, 0x00000000e5f00000|  0%| F|  |TAMS 0x00000000e5e00000, 0x00000000e5e00000| Untracked 
|  95|0x00000000e5f00000, 0x00000000e5f00000, 0x00000000e6000000|  0%| F|  |TAMS 0x00000000e5f00000, 0x00000000e5f00000| Untracked 
|  96|0x00000000e6000000, 0x00000000e6100000, 0x00000000e6100000|100%| S|CS|TAMS 0x00000000e6000000, 0x00000000e6000000| Complete 
|  97|0x00000000e6100000, 0x00000000e6200000, 0x00000000e6200000|100%| S|CS|TAMS 0x00000000e6100000, 0x00000000e6100000| Complete 
|  98|0x00000000e6200000, 0x00000000e6300000, 0x00000000e6300000|100%| S|CS|TAMS 0x00000000e6200000, 0x00000000e6200000| Complete 
|  99|0x00000000e6300000, 0x00000000e6400000, 0x00000000e6400000|100%| S|CS|TAMS 0x00000000e6300000, 0x00000000e6300000| Complete 
| 100|0x00000000e6400000, 0x00000000e6500000, 0x00000000e6500000|100%| S|CS|TAMS 0x00000000e6400000, 0x00000000e6400000| Complete 
| 101|0x00000000e6500000, 0x00000000e6500000, 0x00000000e6600000|  0%| F|  |TAMS 0x00000000e6500000, 0x00000000e6500000| Untracked 
| 102|0x00000000e6600000, 0x00000000e6600000, 0x00000000e6700000|  0%| F|  |TAMS 0x00000000e6600000, 0x00000000e6600000| Untracked 
| 103|0x00000000e6700000, 0x00000000e6700000, 0x00000000e6800000|  0%| F|  |TAMS 0x00000000e6700000, 0x00000000e6700000| Untracked 
| 104|0x00000000e6800000, 0x00000000e6800000, 0x00000000e6900000|  0%| F|  |TAMS 0x00000000e6800000, 0x00000000e6800000| Untracked 
| 105|0x00000000e6900000, 0x00000000e6a00000, 0x00000000e6a00000|100%| S|CS|TAMS 0x00000000e6900000, 0x00000000e6900000| Complete 
| 106|0x00000000e6a00000, 0x00000000e6b00000, 0x00000000e6b00000|100%| S|CS|TAMS 0x00000000e6a00000, 0x00000000e6a00000| Complete 
| 107|0x00000000e6b00000, 0x00000000e6c00000, 0x00000000e6c00000|100%| S|CS|TAMS 0x00000000e6b00000, 0x00000000e6b00000| Complete 
| 108|0x00000000e6c00000, 0x00000000e6d00000, 0x00000000e6d00000|100%| S|CS|TAMS 0x00000000e6c00000, 0x00000000e6c00000| Complete 
| 109|0x00000000e6d00000, 0x00000000e6d00000, 0x00000000e6e00000|  0%| F|  |TAMS 0x00000000e6d00000, 0x00000000e6d00000| Untracked 
| 110|0x00000000e6e00000, 0x00000000e6e00000, 0x00000000e6f00000|  0%| F|  |TAMS 0x00000000e6e00000, 0x00000000e6e00000| Untracked 
| 111|0x00000000e6f00000, 0x00000000e6f00000, 0x00000000e7000000|  0%| F|  |TAMS 0x00000000e6f00000, 0x00000000e6f00000| Untracked 
| 112|0x00000000e7000000, 0x00000000e7000000, 0x00000000e7100000|  0%| F|  |TAMS 0x00000000e7000000, 0x00000000e7000000| Untracked 
| 113|0x00000000e7100000, 0x00000000e7100000, 0x00000000e7200000|  0%| F|  |TAMS 0x00000000e7100000, 0x00000000e7100000| Untracked 
| 114|0x00000000e7200000, 0x00000000e7200000, 0x00000000e7300000|  0%| F|  |TAMS 0x00000000e7200000, 0x00000000e7200000| Untracked 
| 115|0x00000000e7300000, 0x00000000e7300000, 0x00000000e7400000|  0%| F|  |TAMS 0x00000000e7300000, 0x00000000e7300000| Untracked 
| 116|0x00000000e7400000, 0x00000000e7400000, 0x00000000e7500000|  0%| F|  |TAMS 0x00000000e7400000, 0x00000000e7400000| Untracked 
| 117|0x00000000e7500000, 0x00000000e7500000, 0x00000000e7600000|  0%| F|  |TAMS 0x00000000e7500000, 0x00000000e7500000| Untracked 
| 118|0x00000000e7600000, 0x00000000e7600000, 0x00000000e7700000|  0%| F|  |TAMS 0x00000000e7600000, 0x00000000e7600000| Untracked 
| 119|0x00000000e7700000, 0x00000000e7700000, 0x00000000e7800000|  0%| F|  |TAMS 0x00000000e7700000, 0x00000000e7700000| Untracked 
| 120|0x00000000e7800000, 0x00000000e7800000, 0x00000000e7900000|  0%| F|  |TAMS 0x00000000e7800000, 0x00000000e7800000| Untracked 
| 121|0x00000000e7900000, 0x00000000e7900000, 0x00000000e7a00000|  0%| F|  |TAMS 0x00000000e7900000, 0x00000000e7900000| Untracked 
| 122|0x00000000e7a00000, 0x00000000e7a00000, 0x00000000e7b00000|  0%| F|  |TAMS 0x00000000e7a00000, 0x00000000e7a00000| Untracked 
| 123|0x00000000e7b00000, 0x00000000e7b00000, 0x00000000e7c00000|  0%| F|  |TAMS 0x00000000e7b00000, 0x00000000e7b00000| Untracked 
| 124|0x00000000e7c00000, 0x00000000e7c00000, 0x00000000e7d00000|  0%| F|  |TAMS 0x00000000e7c00000, 0x00000000e7c00000| Untracked 
| 125|0x00000000e7d00000, 0x00000000e7d00000, 0x00000000e7e00000|  0%| F|  |TAMS 0x00000000e7d00000, 0x00000000e7d00000| Untracked 
| 126|0x00000000e7e00000, 0x00000000e7e00000, 0x00000000e7f00000|  0%| F|  |TAMS 0x00000000e7e00000, 0x00000000e7e00000| Untracked 
| 127|0x00000000e7f00000, 0x00000000e7f00000, 0x00000000e8000000|  0%| F|  |TAMS 0x00000000e7f00000, 0x00000000e7f00000| Untracked 
| 128|0x00000000e8000000, 0x00000000e8000000, 0x00000000e8100000|  0%| F|  |TAMS 0x00000000e8000000, 0x00000000e8000000| Untracked 
| 129|0x00000000e8100000, 0x00000000e8100000, 0x00000000e8200000|  0%| F|  |TAMS 0x00000000e8100000, 0x00000000e8100000| Untracked 
| 130|0x00000000e8200000, 0x00000000e8200000, 0x00000000e8300000|  0%| F|  |TAMS 0x00000000e8200000, 0x00000000e8200000| Untracked 
| 131|0x00000000e8300000, 0x00000000e8300000, 0x00000000e8400000|  0%| F|  |TAMS 0x00000000e8300000, 0x00000000e8300000| Untracked 
| 132|0x00000000e8400000, 0x00000000e8400000, 0x00000000e8500000|  0%| F|  |TAMS 0x00000000e8400000, 0x00000000e8400000| Untracked 
| 133|0x00000000e8500000, 0x00000000e8500000, 0x00000000e8600000|  0%| F|  |TAMS 0x00000000e8500000, 0x00000000e8500000| Untracked 
| 134|0x00000000e8600000, 0x00000000e8600000, 0x00000000e8700000|  0%| F|  |TAMS 0x00000000e8600000, 0x00000000e8600000| Untracked 
| 135|0x00000000e8700000, 0x00000000e8700000, 0x00000000e8800000|  0%| F|  |TAMS 0x00000000e8700000, 0x00000000e8700000| Untracked 
| 136|0x00000000e8800000, 0x00000000e8800000, 0x00000000e8900000|  0%| F|  |TAMS 0x00000000e8800000, 0x00000000e8800000| Untracked 
| 137|0x00000000e8900000, 0x00000000e8900000, 0x00000000e8a00000|  0%| F|  |TAMS 0x00000000e8900000, 0x00000000e8900000| Untracked 
| 138|0x00000000e8a00000, 0x00000000e8a00000, 0x00000000e8b00000|  0%| F|  |TAMS 0x00000000e8a00000, 0x00000000e8a00000| Untracked 
| 139|0x00000000e8b00000, 0x00000000e8b00000, 0x00000000e8c00000|  0%| F|  |TAMS 0x00000000e8b00000, 0x00000000e8b00000| Untracked 
| 140|0x00000000e8c00000, 0x00000000e8c00000, 0x00000000e8d00000|  0%| F|  |TAMS 0x00000000e8c00000, 0x00000000e8c00000| Untracked 
| 141|0x00000000e8d00000, 0x00000000e8d00000, 0x00000000e8e00000|  0%| F|  |TAMS 0x00000000e8d00000, 0x00000000e8d00000| Untracked 
| 142|0x00000000e8e00000, 0x00000000e8e00000, 0x00000000e8f00000|  0%| F|  |TAMS 0x00000000e8e00000, 0x00000000e8e00000| Untracked 
| 143|0x00000000e8f00000, 0x00000000e8f00000, 0x00000000e9000000|  0%| F|  |TAMS 0x00000000e8f00000, 0x00000000e8f00000| Untracked 
| 144|0x00000000e9000000, 0x00000000e9000000, 0x00000000e9100000|  0%| F|  |TAMS 0x00000000e9000000, 0x00000000e9000000| Untracked 
| 145|0x00000000e9100000, 0x00000000e9100000, 0x00000000e9200000|  0%| F|  |TAMS 0x00000000e9100000, 0x00000000e9100000| Untracked 
| 146|0x00000000e9200000, 0x00000000e9200000, 0x00000000e9300000|  0%| F|  |TAMS 0x00000000e9200000, 0x00000000e9200000| Untracked 
| 147|0x00000000e9300000, 0x00000000e9300000, 0x00000000e9400000|  0%| F|  |TAMS 0x00000000e9300000, 0x00000000e9300000| Untracked 
| 148|0x00000000e9400000, 0x00000000e9400000, 0x00000000e9500000|  0%| F|  |TAMS 0x00000000e9400000, 0x00000000e9400000| Untracked 
| 149|0x00000000e9500000, 0x00000000e9500000, 0x00000000e9600000|  0%| F|  |TAMS 0x00000000e9500000, 0x00000000e9500000| Untracked 
| 150|0x00000000e9600000, 0x00000000e9600000, 0x00000000e9700000|  0%| F|  |TAMS 0x00000000e9600000, 0x00000000e9600000| Untracked 
| 151|0x00000000e9700000, 0x00000000e9700000, 0x00000000e9800000|  0%| F|  |TAMS 0x00000000e9700000, 0x00000000e9700000| Untracked 
| 152|0x00000000e9800000, 0x00000000e9800000, 0x00000000e9900000|  0%| F|  |TAMS 0x00000000e9800000, 0x00000000e9800000| Untracked 
| 153|0x00000000e9900000, 0x00000000e9900000, 0x00000000e9a00000|  0%| F|  |TAMS 0x00000000e9900000, 0x00000000e9900000| Untracked 
| 154|0x00000000e9a00000, 0x00000000e9a00000, 0x00000000e9b00000|  0%| F|  |TAMS 0x00000000e9a00000, 0x00000000e9a00000| Untracked 
| 155|0x00000000e9b00000, 0x00000000e9b00000, 0x00000000e9c00000|  0%| F|  |TAMS 0x00000000e9b00000, 0x00000000e9b00000| Untracked 
| 156|0x00000000e9c00000, 0x00000000e9c00000, 0x00000000e9d00000|  0%| F|  |TAMS 0x00000000e9c00000, 0x00000000e9c00000| Untracked 
| 157|0x00000000e9d00000, 0x00000000e9d00000, 0x00000000e9e00000|  0%| F|  |TAMS 0x00000000e9d00000, 0x00000000e9d00000| Untracked 
| 158|0x00000000e9e00000, 0x00000000e9e00000, 0x00000000e9f00000|  0%| F|  |TAMS 0x00000000e9e00000, 0x00000000e9e00000| Untracked 
| 159|0x00000000e9f00000, 0x00000000e9f00000, 0x00000000ea000000|  0%| F|  |TAMS 0x00000000e9f00000, 0x00000000e9f00000| Untracked 
| 160|0x00000000ea000000, 0x00000000ea000000, 0x00000000ea100000|  0%| F|  |TAMS 0x00000000ea000000, 0x00000000ea000000| Untracked 
| 161|0x00000000ea100000, 0x00000000ea100000, 0x00000000ea200000|  0%| F|  |TAMS 0x00000000ea100000, 0x00000000ea100000| Untracked 
| 162|0x00000000ea200000, 0x00000000ea200000, 0x00000000ea300000|  0%| F|  |TAMS 0x00000000ea200000, 0x00000000ea200000| Untracked 
| 163|0x00000000ea300000, 0x00000000ea300000, 0x00000000ea400000|  0%| F|  |TAMS 0x00000000ea300000, 0x00000000ea300000| Untracked 
| 164|0x00000000ea400000, 0x00000000ea400000, 0x00000000ea500000|  0%| F|  |TAMS 0x00000000ea400000, 0x00000000ea400000| Untracked 
| 165|0x00000000ea500000, 0x00000000ea500000, 0x00000000ea600000|  0%| F|  |TAMS 0x00000000ea500000, 0x00000000ea500000| Untracked 
| 166|0x00000000ea600000, 0x00000000ea600000, 0x00000000ea700000|  0%| F|  |TAMS 0x00000000ea600000, 0x00000000ea600000| Untracked 
| 167|0x00000000ea700000, 0x00000000ea700000, 0x00000000ea800000|  0%| F|  |TAMS 0x00000000ea700000, 0x00000000ea700000| Untracked 
| 168|0x00000000ea800000, 0x00000000ea800000, 0x00000000ea900000|  0%| F|  |TAMS 0x00000000ea800000, 0x00000000ea800000| Untracked 
| 169|0x00000000ea900000, 0x00000000ea900000, 0x00000000eaa00000|  0%| F|  |TAMS 0x00000000ea900000, 0x00000000ea900000| Untracked 
| 170|0x00000000eaa00000, 0x00000000eaa00000, 0x00000000eab00000|  0%| F|  |TAMS 0x00000000eaa00000, 0x00000000eaa00000| Untracked 
| 171|0x00000000eab00000, 0x00000000eab00000, 0x00000000eac00000|  0%| F|  |TAMS 0x00000000eab00000, 0x00000000eab00000| Untracked 
| 172|0x00000000eac00000, 0x00000000eac00000, 0x00000000ead00000|  0%| F|  |TAMS 0x00000000eac00000, 0x00000000eac00000| Untracked 
| 173|0x00000000ead00000, 0x00000000ead00000, 0x00000000eae00000|  0%| F|  |TAMS 0x00000000ead00000, 0x00000000ead00000| Untracked 
| 174|0x00000000eae00000, 0x00000000eae00000, 0x00000000eaf00000|  0%| F|  |TAMS 0x00000000eae00000, 0x00000000eae00000| Untracked 
| 175|0x00000000eaf00000, 0x00000000eaf00000, 0x00000000eb000000|  0%| F|  |TAMS 0x00000000eaf00000, 0x00000000eaf00000| Untracked 
| 176|0x00000000eb000000, 0x00000000eb000000, 0x00000000eb100000|  0%| F|  |TAMS 0x00000000eb000000, 0x00000000eb000000| Untracked 
| 177|0x00000000eb100000, 0x00000000eb100000, 0x00000000eb200000|  0%| F|  |TAMS 0x00000000eb100000, 0x00000000eb100000| Untracked 
| 178|0x00000000eb200000, 0x00000000eb200000, 0x00000000eb300000|  0%| F|  |TAMS 0x00000000eb200000, 0x00000000eb200000| Untracked 
| 179|0x00000000eb300000, 0x00000000eb300000, 0x00000000eb400000|  0%| F|  |TAMS 0x00000000eb300000, 0x00000000eb300000| Untracked 
| 180|0x00000000eb400000, 0x00000000eb400000, 0x00000000eb500000|  0%| F|  |TAMS 0x00000000eb400000, 0x00000000eb400000| Untracked 
| 181|0x00000000eb500000, 0x00000000eb500000, 0x00000000eb600000|  0%| F|  |TAMS 0x00000000eb500000, 0x00000000eb500000| Untracked 
| 182|0x00000000eb600000, 0x00000000eb600000, 0x00000000eb700000|  0%| F|  |TAMS 0x00000000eb600000, 0x00000000eb600000| Untracked 
| 183|0x00000000eb700000, 0x00000000eb700000, 0x00000000eb800000|  0%| F|  |TAMS 0x00000000eb700000, 0x00000000eb700000| Untracked 
| 184|0x00000000eb800000, 0x00000000eb800000, 0x00000000eb900000|  0%| F|  |TAMS 0x00000000eb800000, 0x00000000eb800000| Untracked 
| 185|0x00000000eb900000, 0x00000000eb900000, 0x00000000eba00000|  0%| F|  |TAMS 0x00000000eb900000, 0x00000000eb900000| Untracked 
| 186|0x00000000eba00000, 0x00000000eba00000, 0x00000000ebb00000|  0%| F|  |TAMS 0x00000000eba00000, 0x00000000eba00000| Untracked 
| 187|0x00000000ebb00000, 0x00000000ebb00000, 0x00000000ebc00000|  0%| F|  |TAMS 0x00000000ebb00000, 0x00000000ebb00000| Untracked 
| 188|0x00000000ebc00000, 0x00000000ebc00000, 0x00000000ebd00000|  0%| F|  |TAMS 0x00000000ebc00000, 0x00000000ebc00000| Untracked 
| 189|0x00000000ebd00000, 0x00000000ebd00000, 0x00000000ebe00000|  0%| F|  |TAMS 0x00000000ebd00000, 0x00000000ebd00000| Untracked 
| 190|0x00000000ebe00000, 0x00000000ebe00000, 0x00000000ebf00000|  0%| F|  |TAMS 0x00000000ebe00000, 0x00000000ebe00000| Untracked 
| 191|0x00000000ebf00000, 0x00000000ebf00000, 0x00000000ec000000|  0%| F|  |TAMS 0x00000000ebf00000, 0x00000000ebf00000| Untracked 
| 192|0x00000000ec000000, 0x00000000ec000000, 0x00000000ec100000|  0%| F|  |TAMS 0x00000000ec000000, 0x00000000ec000000| Untracked 
| 193|0x00000000ec100000, 0x00000000ec100000, 0x00000000ec200000|  0%| F|  |TAMS 0x00000000ec100000, 0x00000000ec100000| Untracked 
| 194|0x00000000ec200000, 0x00000000ec2ea0b0, 0x00000000ec300000| 91%| E|  |TAMS 0x00000000ec200000, 0x00000000ec200000| Complete 
| 195|0x00000000ec300000, 0x00000000ec400000, 0x00000000ec400000|100%| E|CS|TAMS 0x00000000ec300000, 0x00000000ec300000| Complete 
| 196|0x00000000ec400000, 0x00000000ec500000, 0x00000000ec500000|100%| E|CS|TAMS 0x00000000ec400000, 0x00000000ec400000| Complete 
| 197|0x00000000ec500000, 0x00000000ec600000, 0x00000000ec600000|100%| E|CS|TAMS 0x00000000ec500000, 0x00000000ec500000| Complete 
| 198|0x00000000ec600000, 0x00000000ec700000, 0x00000000ec700000|100%| E|CS|TAMS 0x00000000ec600000, 0x00000000ec600000| Complete 
| 199|0x00000000ec700000, 0x00000000ec800000, 0x00000000ec800000|100%| E|CS|TAMS 0x00000000ec700000, 0x00000000ec700000| Complete 
| 200|0x00000000ec800000, 0x00000000ec900000, 0x00000000ec900000|100%| E|CS|TAMS 0x00000000ec800000, 0x00000000ec800000| Complete 
| 201|0x00000000ec900000, 0x00000000eca00000, 0x00000000eca00000|100%| E|  |TAMS 0x00000000ec900000, 0x00000000ec900000| Complete 
| 202|0x00000000eca00000, 0x00000000ecb00000, 0x00000000ecb00000|100%| E|CS|TAMS 0x00000000eca00000, 0x00000000eca00000| Complete 
| 203|0x00000000ecb00000, 0x00000000ecc00000, 0x00000000ecc00000|100%| E|CS|TAMS 0x00000000ecb00000, 0x00000000ecb00000| Complete 
| 204|0x00000000ecc00000, 0x00000000ecd00000, 0x00000000ecd00000|100%| E|CS|TAMS 0x00000000ecc00000, 0x00000000ecc00000| Complete 
| 205|0x00000000ecd00000, 0x00000000ece00000, 0x00000000ece00000|100%| E|CS|TAMS 0x00000000ecd00000, 0x00000000ecd00000| Complete 
| 206|0x00000000ece00000, 0x00000000ecf00000, 0x00000000ecf00000|100%| E|CS|TAMS 0x00000000ece00000, 0x00000000ece00000| Complete 
| 207|0x00000000ecf00000, 0x00000000ed000000, 0x00000000ed000000|100%| E|CS|TAMS 0x00000000ecf00000, 0x00000000ecf00000| Complete 
| 208|0x00000000ed000000, 0x00000000ed100000, 0x00000000ed100000|100%| E|CS|TAMS 0x00000000ed000000, 0x00000000ed000000| Complete 
| 209|0x00000000ed100000, 0x00000000ed200000, 0x00000000ed200000|100%| E|CS|TAMS 0x00000000ed100000, 0x00000000ed100000| Complete 
| 210|0x00000000ed200000, 0x00000000ed300000, 0x00000000ed300000|100%| E|CS|TAMS 0x00000000ed200000, 0x00000000ed200000| Complete 
| 211|0x00000000ed300000, 0x00000000ed400000, 0x00000000ed400000|100%| E|CS|TAMS 0x00000000ed300000, 0x00000000ed300000| Complete 
| 212|0x00000000ed400000, 0x00000000ed500000, 0x00000000ed500000|100%| E|CS|TAMS 0x00000000ed400000, 0x00000000ed400000| Complete 
| 213|0x00000000ed500000, 0x00000000ed600000, 0x00000000ed600000|100%| E|CS|TAMS 0x00000000ed500000, 0x00000000ed500000| Complete 
| 214|0x00000000ed600000, 0x00000000ed700000, 0x00000000ed700000|100%| E|CS|TAMS 0x00000000ed600000, 0x00000000ed600000| Complete 
| 215|0x00000000ed700000, 0x00000000ed800000, 0x00000000ed800000|100%| E|CS|TAMS 0x00000000ed700000, 0x00000000ed700000| Complete 
| 216|0x00000000ed800000, 0x00000000ed900000, 0x00000000ed900000|100%| E|CS|TAMS 0x00000000ed800000, 0x00000000ed800000| Complete 
| 217|0x00000000ed900000, 0x00000000eda00000, 0x00000000eda00000|100%| E|CS|TAMS 0x00000000ed900000, 0x00000000ed900000| Complete 
| 218|0x00000000eda00000, 0x00000000edb00000, 0x00000000edb00000|100%| E|CS|TAMS 0x00000000eda00000, 0x00000000eda00000| Complete 
| 219|0x00000000edb00000, 0x00000000edc00000, 0x00000000edc00000|100%| E|CS|TAMS 0x00000000edb00000, 0x00000000edb00000| Complete 
| 220|0x00000000edc00000, 0x00000000edd00000, 0x00000000edd00000|100%| E|CS|TAMS 0x00000000edc00000, 0x00000000edc00000| Complete 
| 221|0x00000000edd00000, 0x00000000ede00000, 0x00000000ede00000|100%| E|CS|TAMS 0x00000000edd00000, 0x00000000edd00000| Complete 
| 222|0x00000000ede00000, 0x00000000edf00000, 0x00000000edf00000|100%| E|CS|TAMS 0x00000000ede00000, 0x00000000ede00000| Complete 
| 223|0x00000000edf00000, 0x00000000ee000000, 0x00000000ee000000|100%| E|CS|TAMS 0x00000000edf00000, 0x00000000edf00000| Complete 
| 224|0x00000000ee000000, 0x00000000ee100000, 0x00000000ee100000|100%| E|CS|TAMS 0x00000000ee000000, 0x00000000ee000000| Complete 
| 225|0x00000000ee100000, 0x00000000ee200000, 0x00000000ee200000|100%| E|CS|TAMS 0x00000000ee100000, 0x00000000ee100000| Complete 
| 226|0x00000000ee200000, 0x00000000ee300000, 0x00000000ee300000|100%| E|CS|TAMS 0x00000000ee200000, 0x00000000ee200000| Complete 
| 227|0x00000000ee300000, 0x00000000ee400000, 0x00000000ee400000|100%| E|CS|TAMS 0x00000000ee300000, 0x00000000ee300000| Complete 
| 228|0x00000000ee400000, 0x00000000ee500000, 0x00000000ee500000|100%| E|CS|TAMS 0x00000000ee400000, 0x00000000ee400000| Complete 
| 229|0x00000000ee500000, 0x00000000ee600000, 0x00000000ee600000|100%| E|CS|TAMS 0x00000000ee500000, 0x00000000ee500000| Complete 
| 230|0x00000000ee600000, 0x00000000ee700000, 0x00000000ee700000|100%| E|CS|TAMS 0x00000000ee600000, 0x00000000ee600000| Complete 
| 231|0x00000000ee700000, 0x00000000ee800000, 0x00000000ee800000|100%| E|CS|TAMS 0x00000000ee700000, 0x00000000ee700000| Complete 
| 232|0x00000000ee800000, 0x00000000ee900000, 0x00000000ee900000|100%| E|CS|TAMS 0x00000000ee800000, 0x00000000ee800000| Complete 
| 233|0x00000000ee900000, 0x00000000eea00000, 0x00000000eea00000|100%| E|CS|TAMS 0x00000000ee900000, 0x00000000ee900000| Complete 
| 234|0x00000000eea00000, 0x00000000eeb00000, 0x00000000eeb00000|100%| E|CS|TAMS 0x00000000eea00000, 0x00000000eea00000| Complete 
| 235|0x00000000eeb00000, 0x00000000eec00000, 0x00000000eec00000|100%| E|CS|TAMS 0x00000000eeb00000, 0x00000000eeb00000| Complete 
| 236|0x00000000eec00000, 0x00000000eed00000, 0x00000000eed00000|100%| E|CS|TAMS 0x00000000eec00000, 0x00000000eec00000| Complete 
| 237|0x00000000eed00000, 0x00000000eee00000, 0x00000000eee00000|100%| E|CS|TAMS 0x00000000eed00000, 0x00000000eed00000| Complete 
| 238|0x00000000eee00000, 0x00000000eef00000, 0x00000000eef00000|100%| E|CS|TAMS 0x00000000eee00000, 0x00000000eee00000| Complete 
| 239|0x00000000eef00000, 0x00000000ef000000, 0x00000000ef000000|100%| E|CS|TAMS 0x00000000eef00000, 0x00000000eef00000| Complete 
| 240|0x00000000ef000000, 0x00000000ef100000, 0x00000000ef100000|100%| E|CS|TAMS 0x00000000ef000000, 0x00000000ef000000| Complete 
| 241|0x00000000ef100000, 0x00000000ef200000, 0x00000000ef200000|100%| E|CS|TAMS 0x00000000ef100000, 0x00000000ef100000| Complete 
| 242|0x00000000ef200000, 0x00000000ef300000, 0x00000000ef300000|100%| E|CS|TAMS 0x00000000ef200000, 0x00000000ef200000| Complete 
| 243|0x00000000ef300000, 0x00000000ef400000, 0x00000000ef400000|100%| E|CS|TAMS 0x00000000ef300000, 0x00000000ef300000| Complete 
| 244|0x00000000ef400000, 0x00000000ef500000, 0x00000000ef500000|100%| E|CS|TAMS 0x00000000ef400000, 0x00000000ef400000| Complete 
| 245|0x00000000ef500000, 0x00000000ef600000, 0x00000000ef600000|100%| E|CS|TAMS 0x00000000ef500000, 0x00000000ef500000| Complete 
| 246|0x00000000ef600000, 0x00000000ef700000, 0x00000000ef700000|100%| E|CS|TAMS 0x00000000ef600000, 0x00000000ef600000| Complete 
| 247|0x00000000ef700000, 0x00000000ef800000, 0x00000000ef800000|100%| E|CS|TAMS 0x00000000ef700000, 0x00000000ef700000| Complete 
| 248|0x00000000ef800000, 0x00000000ef900000, 0x00000000ef900000|100%| E|CS|TAMS 0x00000000ef800000, 0x00000000ef800000| Complete 
| 249|0x00000000ef900000, 0x00000000efa00000, 0x00000000efa00000|100%| E|CS|TAMS 0x00000000ef900000, 0x00000000ef900000| Complete 
| 250|0x00000000efa00000, 0x00000000efb00000, 0x00000000efb00000|100%| E|CS|TAMS 0x00000000efa00000, 0x00000000efa00000| Complete 
| 251|0x00000000efb00000, 0x00000000efc00000, 0x00000000efc00000|100%| E|CS|TAMS 0x00000000efb00000, 0x00000000efb00000| Complete 
| 252|0x00000000efc00000, 0x00000000efd00000, 0x00000000efd00000|100%| E|CS|TAMS 0x00000000efc00000, 0x00000000efc00000| Complete 
| 253|0x00000000efd00000, 0x00000000efe00000, 0x00000000efe00000|100%| E|CS|TAMS 0x00000000efd00000, 0x00000000efd00000| Complete 
| 254|0x00000000efe00000, 0x00000000eff00000, 0x00000000eff00000|100%| E|CS|TAMS 0x00000000efe00000, 0x00000000efe00000| Complete 
| 255|0x00000000eff00000, 0x00000000f0000000, 0x00000000f0000000|100%| E|CS|TAMS 0x00000000eff00000, 0x00000000eff00000| Complete 

Card table byte_map: [0x000001f8df920000,0x000001f8dfa20000] _byte_map_base: 0x000001f8df220000

Marking Bits (Prev, Next): (CMBitMap*) 0x000001f8c868b140, (CMBitMap*) 0x000001f8c868b108
 Prev Bits: [0x000001f8e0320000, 0x000001f8e0b20000)
 Next Bits: [0x000001f8dfb20000, 0x000001f8e0320000)

Polling page: 0x000001f8c7d50000

Metaspace:

Usage:
  Non-class:     53.29 MB capacity,    52.11 MB ( 98%) used,  1001.89 KB (  2%) free+waste,   200.94 KB ( <1%) overhead. 
      Class:      8.21 MB capacity,     7.54 MB ( 92%) used,   598.80 KB (  7%) free+waste,    92.06 KB (  1%) overhead. 
       Both:     61.50 MB capacity,    59.65 MB ( 97%) used,     1.56 MB (  3%) free+waste,   293.00 KB ( <1%) overhead. 

Virtual space:
  Non-class space:       54.00 MB reserved,      53.50 MB (>99%) committed 
      Class space:      248.00 MB reserved,       8.25 MB (  3%) committed 
             Both:      302.00 MB reserved,      61.75 MB ( 20%) committed 

Chunk freelists:
   Non-Class:  3.25 KB
       Class:  640 bytes
        Both:  3.88 KB

CodeHeap 'non-profiled nmethods': size=120064Kb used=6159Kb max_used=6159Kb free=113904Kb
 bounds [0x000001f8d83e0000, 0x000001f8d89f0000, 0x000001f8df920000]
CodeHeap 'profiled nmethods': size=120000Kb used=22156Kb max_used=22156Kb free=97843Kb
 bounds [0x000001f8d0eb0000, 0x000001f8d2460000, 0x000001f8d83e0000]
CodeHeap 'non-nmethods': size=5696Kb used=2241Kb max_used=2294Kb free=3454Kb
 bounds [0x000001f8d0920000, 0x000001f8d0b90000, 0x000001f8d0eb0000]
 total_blobs=13176 nmethods=9643 adapters=729
 compilation: enabled
              stopped_count=0, restarted_count=0
 full_count=0

Compilation events (10 events):
Event: 47.442 Thread 0x000001f8e3a16000 9889       3       org.gradle.internal.watch.registry.impl.WatchableHierarchies$RemoveUnwatchedFiles::shouldBeRemoved (55 bytes)
Event: 47.442 Thread 0x000001f8e3a13000 9882       4       org.gradle.internal.logging.text.AbstractLineChoppingStyledTextOutput$1::execute (130 bytes)
Event: 47.443 Thread 0x000001f8e3a16000 nmethod 9889 0x000001f8d2452b90 code [0x000001f8d2452d80, 0x000001f8d2453440]
Event: 47.443 Thread 0x000001f8e3a16000 9890       3       org.gradle.internal.watch.registry.impl.WatchableHierarchies::isInWatchableHierarchy (11 bytes)
Event: 47.443 Thread 0x000001f8e3a16000 nmethod 9890 0x000001f8d2453690 code [0x000001f8d2453860, 0x000001f8d2453a90]
Event: 47.443 Thread 0x000001f8e3a16000 9891       3       org.gradle.internal.snapshot.DirectorySnapshot$$Lambda$836/0x00000001007e2040::accept (16 bytes)
Event: 47.443 Thread 0x000001f8e3a16000 nmethod 9891 0x000001f8d2453b90 code [0x000001f8d2453d60, 0x000001f8d24541d0]
Event: 47.443 Thread 0x000001f8e3a16000 9892       3       org.gradle.internal.snapshot.DirectorySnapshot::lambda$accept$1 (9 bytes)
Event: 47.443 Thread 0x000001f8e3a16000 nmethod 9892 0x000001f8d2454310 code [0x000001f8d24544c0, 0x000001f8d24546d0]
Event: 47.448 Thread 0x000001f8e3a13000 nmethod 9882 0x000001f8d89e2010 code [0x000001f8d89e2200, 0x000001f8d89e2868]

GC Heap History (10 events):
Event: 23.186 GC heap before
{Heap before GC invocations=14 (full 0):
 garbage-first heap   total 262144K, used 195901K [0x00000000e0000000, 0x0000000100000000)
  region size 1024K, 143 young (146432K), 8 survivors (8192K)
 Metaspace       used 59079K, capacity 60923K, committed 61176K, reserved 307200K
  class space    used 7549K, capacity 8231K, committed 8320K, reserved 253952K
}
Event: 23.192 GC heap after
{Heap after GC invocations=15 (full 0):
 garbage-first heap   total 262144K, used 54589K [0x00000000e0000000, 0x0000000100000000)
  region size 1024K, 8 young (8192K), 8 survivors (8192K)
 Metaspace       used 59079K, capacity 60923K, committed 61176K, reserved 307200K
  class space    used 7549K, capacity 8231K, committed 8320K, reserved 253952K
}
Event: 31.844 GC heap before
{Heap before GC invocations=15 (full 0):
 garbage-first heap   total 262144K, used 201021K [0x00000000e0000000, 0x0000000100000000)
  region size 1024K, 146 young (149504K), 8 survivors (8192K)
 Metaspace       used 59357K, capacity 61185K, committed 61432K, reserved 307200K
  class space    used 7567K, capacity 8245K, committed 8320K, reserved 253952K
}
Event: 31.851 GC heap after
{Heap after GC invocations=16 (full 0):
 garbage-first heap   total 262144K, used 54976K [0x00000000e0000000, 0x0000000100000000)
  region size 1024K, 9 young (9216K), 9 survivors (9216K)
 Metaspace       used 59357K, capacity 61185K, committed 61432K, reserved 307200K
  class space    used 7567K, capacity 8245K, committed 8320K, reserved 253952K
}
Event: 32.075 GC heap before
{Heap before GC invocations=16 (full 0):
 garbage-first heap   total 262144K, used 206528K [0x00000000e0000000, 0x0000000100000000)
  region size 1024K, 150 young (153600K), 9 survivors (9216K)
 Metaspace       used 59374K, capacity 61186K, committed 61432K, reserved 307200K
  class space    used 7567K, capacity 8245K, committed 8320K, reserved 253952K
}
Event: 32.083 GC heap after
{Heap after GC invocations=17 (full 0):
 garbage-first heap   total 262144K, used 56005K [0x00000000e0000000, 0x0000000100000000)
  region size 1024K, 10 young (10240K), 10 survivors (10240K)
 Metaspace       used 59374K, capacity 61186K, committed 61432K, reserved 307200K
  class space    used 7567K, capacity 8245K, committed 8320K, reserved 253952K
}
Event: 32.372 GC heap before
{Heap before GC invocations=17 (full 0):
 garbage-first heap   total 262144K, used 208581K [0x00000000e0000000, 0x0000000100000000)
  region size 1024K, 153 young (156672K), 10 survivors (10240K)
 Metaspace       used 59403K, capacity 61186K, committed 61432K, reserved 307200K
  class space    used 7569K, capacity 8245K, committed 8320K, reserved 253952K
}
Event: 32.380 GC heap after
{Heap after GC invocations=18 (full 0):
 garbage-first heap   total 262144K, used 55013K [0x00000000e0000000, 0x0000000100000000)
  region size 1024K, 9 young (9216K), 9 survivors (9216K)
 Metaspace       used 59403K, capacity 61186K, committed 61432K, reserved 307200K
  class space    used 7569K, capacity 8245K, committed 8320K, reserved 253952K
}
Event: 36.288 GC heap before
{Heap before GC invocations=18 (full 0):
 garbage-first heap   total 262144K, used 207589K [0x00000000e0000000, 0x0000000100000000)
  region size 1024K, 153 young (156672K), 9 survivors (9216K)
 Metaspace       used 60187K, capacity 62052K, committed 62080K, reserved 309248K
  class space    used 7626K, capacity 8316K, committed 8320K, reserved 253952K
}
Event: 36.297 GC heap after
{Heap after GC invocations=19 (full 0):
 garbage-first heap   total 262144K, used 55613K [0x00000000e0000000, 0x0000000100000000)
  region size 1024K, 9 young (9216K), 9 survivors (9216K)
 Metaspace       used 60187K, capacity 62052K, committed 62080K, reserved 309248K
  class space    used 7626K, capacity 8316K, committed 8320K, reserved 253952K
}

Deoptimization events (10 events):
Event: 32.656 Thread 0x000001f8e69b8000 Uncommon trap: reason=speculate_class_check action=maybe_recompile pc=0x000001f8d84adbc8 method=java.util.zip.InflaterInputStream.read([BII)I @ 100 c2
Event: 32.656 Thread 0x000001f8e69b8000 Uncommon trap: reason=speculate_class_check action=maybe_recompile pc=0x000001f8d84adbc8 method=java.util.zip.InflaterInputStream.read([BII)I @ 100 c2
Event: 32.656 Thread 0x000001f8e69b8000 Uncommon trap: reason=speculate_class_check action=maybe_recompile pc=0x000001f8d84adbc8 method=java.util.zip.InflaterInputStream.read([BII)I @ 100 c2
Event: 32.902 Thread 0x000001f8e69b8000 Uncommon trap: reason=class_check action=maybe_recompile pc=0x000001f8d890fdd0 method=org.gradle.api.internal.file.pattern.PatternMatcherFactory$DefaultPatternMatcher.test([Ljava/lang/String;Z)Z @ 17 c2
Event: 32.909 Thread 0x000001f8e69b8000 Uncommon trap: reason=class_check action=maybe_recompile pc=0x000001f8d890fdd0 method=org.gradle.api.internal.file.pattern.PatternMatcherFactory$DefaultPatternMatcher.test([Ljava/lang/String;Z)Z @ 17 c2
Event: 32.914 Thread 0x000001f8e69b8000 Uncommon trap: reason=class_check action=maybe_recompile pc=0x000001f8d890fdd0 method=org.gradle.api.internal.file.pattern.PatternMatcherFactory$DefaultPatternMatcher.test([Ljava/lang/String;Z)Z @ 17 c2
Event: 35.395 Thread 0x000001f8e7d09800 Uncommon trap: reason=speculate_class_check action=maybe_recompile pc=0x000001f8d87e4c64 method=java.util.AbstractList.listIterator()Ljava/util/ListIterator; @ 2 c2
Event: 45.394 Thread 0x000001f8e7d09800 Uncommon trap: reason=speculate_class_check action=maybe_recompile pc=0x000001f8d87e4c64 method=java.util.AbstractList.listIterator()Ljava/util/ListIterator; @ 2 c2
Event: 47.454 Thread 0x000001f8e69b8000 Uncommon trap: reason=unstable_if action=reinterpret pc=0x000001f8d897c908 method=org.gradle.internal.snapshot.VfsRelativePath.compareToFirstSegment(Ljava/lang/String;Lorg/gradle/internal/snapshot/CaseSensitivity;)I @ 156 c2
Event: 47.454 Thread 0x000001f8e69b8000 Uncommon trap: reason=class_check action=maybe_recompile pc=0x000001f8d899f4fc method=org.gradle.internal.snapshot.ChildMap$Entry.handleAncestorDescendantOrExactMatch(Lorg/gradle/internal/snapshot/VfsRelativePath;Lorg/gradle/internal/snapshot/CaseSensitiv

Classes redefined (0 events):
No events

Internal exceptions (10 events):
Event: 32.475 Thread 0x000001f8e69b8000 Exception <a 'java/lang/NoSuchMethodError'{0x00000000ec909ae0}: java.lang.invoke.DirectMethodHandle$Holder.invokeVirtual(Ljava/lang/Object;Ljava/lang/Object;Ljava/lang/Object;)I> (0x00000000ec909ae0) thrown at [t:/workspace/open/src/hotspot/share/interpre
Event: 32.540 Thread 0x000001f8e69b8000 Exception <a 'java/io/FileNotFoundException'{0x00000000ec7558c0}> (0x00000000ec7558c0) thrown at [t:/workspace/open/src/hotspot/share/prims/jni.cpp, line 615]
Event: 32.542 Thread 0x000001f8e69b8000 Exception <a 'java/io/FileNotFoundException'{0x00000000ec757eb8}> (0x00000000ec757eb8) thrown at [t:/workspace/open/src/hotspot/share/prims/jni.cpp, line 615]
Event: 32.577 Thread 0x000001f8e69b8000 Implicit null exception at 0x000001f8d22e7fd4 to 0x000001f8d22e8d60
Event: 32.577 Thread 0x000001f8e69b8000 Exception <a 'java/lang/NullPointerException'{0x00000000e9d59e98}> (0x00000000e9d59e98) thrown at [t:/workspace/open/src/hotspot/share/runtime/sharedRuntime.cpp, line 584]
Event: 36.253 Thread 0x000001f8e69b8000 Exception <a 'java/io/FileNotFoundException'{0x00000000e814ca50}> (0x00000000e814ca50) thrown at [t:/workspace/open/src/hotspot/share/prims/jni.cpp, line 615]
Event: 36.254 Thread 0x000001f8e69b8000 Exception <a 'java/io/FileNotFoundException'{0x00000000e814edf0}> (0x00000000e814edf0) thrown at [t:/workspace/open/src/hotspot/share/prims/jni.cpp, line 615]
Event: 36.309 Thread 0x000001f8e69b8000 Implicit null exception at 0x000001f8d22e7fd4 to 0x000001f8d22e8d60
Event: 36.309 Thread 0x000001f8e69b8000 Exception <a 'java/lang/NullPointerException'{0x00000000ee759328}> (0x00000000ee759328) thrown at [t:/workspace/open/src/hotspot/share/runtime/sharedRuntime.cpp, line 584]
Event: 47.456 Thread 0x000001f8e69b8000 Exception <a 'java/lang/ClassFormatError'{0x00000000ec223200}: Method "getStatistics" in class org/gradle/internal/watch/vfs/impl/DefaultFileSystemWatchingStatistics has illegal signature "(Lorg/gradle/internal/snapshot/SnapshotHierarchy;)Lorg/gradle/inte

Events (10 events):
Event: 47.454 Thread 0x000001f8e69b8000 Uncommon trap: trap_request=0xffffff4d fr.pc=0x000001f8d897c908 relative=0x00000000000008e8
Event: 47.454 Thread 0x000001f8e69b8000 DEOPT PACKING pc=0x000001f8d897c908 sp=0x00000014675fc0a0
Event: 47.454 Thread 0x000001f8e69b8000 DEOPT UNPACKING pc=0x000001f8d0948f2f sp=0x00000014675fbf48 mode 2
Event: 47.454 Thread 0x000001f8e69b8000 Uncommon trap: trap_request=0xffffffde fr.pc=0x000001f8d899f4fc relative=0x0000000000000ddc
Event: 47.454 Thread 0x000001f8e69b8000 DEOPT PACKING pc=0x000001f8d899f4fc sp=0x00000014675fc0a0
Event: 47.454 Thread 0x000001f8e69b8000 DEOPT UNPACKING pc=0x000001f8d0948f2f sp=0x00000014675fc090 mode 2
Event: 47.454 loading class org/gradle/internal/snapshot/SingletonChildMap$1
Event: 47.454 loading class org/gradle/internal/snapshot/SingletonChildMap$1 done
Event: 47.456 loading class org/gradle/internal/watch/vfs/impl/DefaultFileSystemWatchingStatistics
Event: 47.456 loading class org/gradle/internal/watch/vfs/impl/DefaultFileSystemWatchingStatistics done


Dynamic libraries:
0x00007ff6dadf0000 - 0x00007ff6dae35000 	C:\Program Files\Java\jdk-11\bin\java.exe
0x00007ffbbda80000 - 0x00007ffbbdc70000 	C:\Windows\SYSTEM32\ntdll.dll
0x00007ffbbd730000 - 0x00007ffbbd7e3000 	C:\Windows\System32\KERNEL32.DLL
0x00007ffbbac30000 - 0x00007ffbbaed5000 	C:\Windows\System32\KERNELBASE.dll
0x00007ffbbd520000 - 0x00007ffbbd6b4000 	C:\Windows\System32\USER32.dll
0x00007ffbbbaa0000 - 0x00007ffbbbac1000 	C:\Windows\System32\win32u.dll
0x00007ffbbc790000 - 0x00007ffbbc7b6000 	C:\Windows\System32\GDI32.dll
0x00007ffbbb850000 - 0x00007ffbbb9e8000 	C:\Windows\System32\gdi32full.dll
0x00007ffbbaee0000 - 0x00007ffbbaf7e000 	C:\Windows\System32\msvcp_win.dll
0x00007ffbba9f0000 - 0x00007ffbbaaea000 	C:\Windows\System32\ucrtbase.dll
0x00007ffbb8c90000 - 0x00007ffbb8f14000 	C:\Windows\WinSxS\amd64_microsoft.windows.common-controls_6595b64144ccf1df_6.0.18362.2037_none_9e7c226de460245a\COMCTL32.dll
0x00007ffbbcd90000 - 0x00007ffbbce2e000 	C:\Windows\System32\msvcrt.dll
0x00007ffbbc870000 - 0x00007ffbbcba6000 	C:\Windows\System32\combase.dll
0x00007ffbbcc70000 - 0x00007ffbbcd8b000 	C:\Windows\System32\RPCRT4.dll
0x00007ffbbaba0000 - 0x00007ffbbac24000 	C:\Windows\System32\bcryptPrimitives.dll
0x00007ffbbce30000 - 0x00007ffbbce5e000 	C:\Windows\System32\IMM32.DLL
0x00007ffba7b50000 - 0x00007ffba7bb8000 	C:\WWCNT\SYSTEM\printhk64.dll
0x00007ffbbbeb0000 - 0x00007ffbbbf55000 	C:\Windows\System32\ADVAPI32.dll
0x00007ffbbd990000 - 0x00007ffbbda28000 	C:\Windows\System32\sechost.dll
0x00007ffbb90b0000 - 0x00007ffbb90e1000 	C:\Windows\SYSTEM32\ntmarta.dll
0x00007ffbba7e0000 - 0x00007ffbba818000 	C:\Program Files\Citrix\System32\MfApHook64.dll
0x00007ffbba720000 - 0x00007ffbba732000 	C:\Program Files\Citrix\IcaService\FullScreenHook64.dll
0x00007ffb8a6a0000 - 0x00007ffb8a74a000 	C:\Program Files\Java\jdk-11\bin\MSVCP140.dll
0x00007ffb9aa20000 - 0x00007ffb9aa36000 	C:\Program Files\Java\jdk-11\bin\VCRUNTIME140.dll
0x00007ffbb9da0000 - 0x00007ffbb9dca000 	C:\Program Files\Citrix\ICAService\ShellHook64.dll
0x00007ffbbbb20000 - 0x00007ffbbbb72000 	C:\Windows\System32\SHLWAPI.dll
0x00007ffbb9ff0000 - 0x00007ffbba0fa000 	C:\Program Files\Citrix\IcaService\SCardHook64.dll
0x00007ffbb9bb0000 - 0x00007ffbb9bd0000 	C:\Program Files\Citrix\ICAService\cxinjime64.dll
0x00007ffb4e380000 - 0x00007ffb4eec1000 	C:\Program Files\Java\jdk-11\bin\server\jvm.dll
0x00007ffbbbc70000 - 0x00007ffbbbc78000 	C:\Windows\System32\PSAPI.DLL
0x00007ffba83f0000 - 0x00007ffba83f9000 	C:\Windows\SYSTEM32\WSOCK32.dll
0x00007ffbbd6c0000 - 0x00007ffbbd72f000 	C:\Windows\System32\WS2_32.dll
0x00007ffbb6d40000 - 0x00007ffbb6d64000 	C:\Windows\SYSTEM32\WINMM.dll
0x00007ffbba5d0000 - 0x00007ffbba5da000 	C:\Windows\SYSTEM32\VERSION.dll
0x00007ffbb6d10000 - 0x00007ffbb6d3d000 	C:\Windows\SYSTEM32\WINMMBASE.dll
0x00007ffbbbad0000 - 0x00007ffbbbb1a000 	C:\Windows\System32\cfgmgr32.dll
0x00007ffbba940000 - 0x00007ffbba951000 	C:\Windows\System32\kernel.appcore.dll
0x00007ffb93070000 - 0x00007ffb93081000 	C:\Program Files\Java\jdk-11\bin\verify.dll
0x00007ffbb8530000 - 0x00007ffbb8724000 	C:\Windows\SYSTEM32\DBGHELP.DLL
0x00007ffba5aa0000 - 0x00007ffba5aca000 	C:\Windows\SYSTEM32\dbgcore.DLL
0x00007ffb92b00000 - 0x00007ffb92b28000 	C:\Program Files\Java\jdk-11\bin\java.dll
0x00007ffb92e90000 - 0x00007ffb92ea6000 	C:\Program Files\Java\jdk-11\bin\zip.dll
0x00007ffb9df20000 - 0x00007ffb9df2a000 	C:\Program Files\Java\jdk-11\bin\jimage.dll
0x00007ffbbc0a0000 - 0x00007ffbbc787000 	C:\Windows\System32\SHELL32.dll
0x00007ffbbc7c0000 - 0x00007ffbbc869000 	C:\Windows\System32\shcore.dll
0x000001f8e3d70000 - 0x000001f8e44ec000 	C:\Windows\System32\windows.storage.dll
0x00007ffbba960000 - 0x00007ffbba97e000 	C:\Windows\System32\profapi.dll
0x00007ffbba9a0000 - 0x00007ffbba9ea000 	C:\Windows\System32\powrprof.dll
0x00007ffbba930000 - 0x00007ffbba940000 	C:\Windows\System32\UMPDC.dll
0x00007ffbbaaf0000 - 0x00007ffbbab07000 	C:\Windows\System32\cryptsp.dll
0x00007ffb92950000 - 0x00007ffb92969000 	C:\Program Files\Java\jdk-11\bin\net.dll
0x00007ffbb3dc0000 - 0x00007ffbb3eb9000 	C:\Windows\SYSTEM32\WINHTTP.dll
0x00007ffbb9850000 - 0x00007ffbb98b7000 	C:\Windows\system32\mswsock.dll
0x00007ffb916f0000 - 0x00007ffb91703000 	C:\Program Files\Java\jdk-11\bin\nio.dll
0x00007ffb96a40000 - 0x00007ffb96a67000 	C:\Users\83868\.gradle\native\8bec1ad78214c89d9ad589b4d07fe93259594b29d510b10fafb7a158f7737e5d\windows-amd64\native-platform.dll
0x000001f8e5cc0000 - 0x000001f8e5dfd000 	C:\Users\83868\.gradle\native\53dbd7edfb1c66fb8903c78663c9afc45aea4f116125fa6feffd364cf09443e8\windows-amd64\native-platform-file-events.dll
0x00007ffb9bc30000 - 0x00007ffb9bc39000 	C:\Program Files\Java\jdk-11\bin\management.dll
0x00007ffb9b4a0000 - 0x00007ffb9b4ac000 	C:\Program Files\Java\jdk-11\bin\management_ext.dll
0x00007ffbb93d0000 - 0x00007ffbb9403000 	C:\Windows\system32\rsaenh.dll
0x00007ffbbab10000 - 0x00007ffbbab36000 	C:\Windows\System32\bcrypt.dll
0x00007ffbba820000 - 0x00007ffbba845000 	C:\Windows\SYSTEM32\USERENV.dll
0x00007ffbb9a20000 - 0x00007ffbb9a2c000 	C:\Windows\SYSTEM32\CRYPTBASE.dll
0x00007ffbb9560000 - 0x00007ffbb959a000 	C:\Windows\SYSTEM32\IPHLPAPI.DLL
0x00007ffbbda30000 - 0x00007ffbbda38000 	C:\Windows\System32\NSI.dll
0x00007ffbb53b0000 - 0x00007ffbb53c6000 	C:\Windows\SYSTEM32\dhcpcsvc6.DLL
0x00007ffbb5270000 - 0x00007ffbb528c000 	C:\Windows\SYSTEM32\dhcpcsvc.DLL
0x00007ffbb95a0000 - 0x00007ffbb966a000 	C:\Windows\SYSTEM32\DNSAPI.dll

dbghelp: loaded successfully - version: 4.0.5 - missing functions: none
symbol engine: initialized successfully - sym options: 0x614 - pdb path: .;C:\Program Files\Java\jdk-11\bin;C:\Windows\SYSTEM32;C:\Windows\WinSxS\amd64_microsoft.windows.common-controls_6595b64144ccf1df_6.0.18362.2037_none_9e7c226de460245a;C:\WWCNT\SYSTEM;C:\Program Files\Citrix\System32;C:\Program Files\Citrix\IcaService;C:\Program Files\Java\jdk-11\bin\server;C:\Users\83868\.gradle\native\8bec1ad78214c89d9ad589b4d07fe93259594b29d510b10fafb7a158f7737e5d\windows-amd64;C:\Users\83868\.gradle\native\53dbd7edfb1c66fb8903c78663c9afc45aea4f116125fa6feffd364cf09443e8\windows-amd64

VM Arguments:
jvm_args: --add-opens=java.base/java.util=ALL-UNNAMED --add-opens=java.base/java.lang=ALL-UNNAMED --add-opens=java.base/java.lang.invoke=ALL-UNNAMED --add-opens=java.base/java.util=ALL-UNNAMED --add-opens=java.prefs/java.util.prefs=ALL-UNNAMED --add-opens=java.prefs/java.util.prefs=ALL-UNNAMED --add-opens=java.base/java.nio.charset=ALL-UNNAMED --add-opens=java.base/java.net=ALL-UNNAMED --add-opens=java.base/java.util.concurrent.atomic=ALL-UNNAMED -XX:MaxMetaspaceSize=256m -XX:+HeapDumpOnOutOfMemoryError -Xms256m -Xmx512m -Dfile.encoding=x-windows-949 -Duser.country=KR -Duser.language=ko -Duser.variant 
java_command: org.gradle.launcher.daemon.bootstrap.GradleDaemon 7.1.1
java_class_path (initial): C:\Users\83868\.gradle\wrapper\dists\gradle-7.1.1-bin\f29rtwfnc96ub43tt7p47zsru\gradle-7.1.1\lib\gradle-launcher-7.1.1.jar
Launcher Type: SUN_STANDARD

[Global flags]
     intx CICompilerCount                          = 3                                         {product} {ergonomic}
   size_t CompressedClassSpaceSize                 = 260046848                                 {product} {ergonomic}
     uint ConcGCThreads                            = 1                                         {product} {ergonomic}
     uint G1ConcRefinementThreads                  = 4                                         {product} {ergonomic}
   size_t G1HeapRegionSize                         = 1048576                                   {product} {ergonomic}
    uintx GCDrainStackTargetSize                   = 64                                        {product} {ergonomic}
     bool HeapDumpOnOutOfMemoryError               = true                                   {manageable} {command line}
   size_t InitialHeapSize                          = 268435456                                 {product} {command line}
   size_t MarkStackSize                            = 4194304                                   {product} {ergonomic}
   size_t MaxHeapSize                              = 536870912                                 {product} {command line}
   size_t MaxMetaspaceSize                         = 268435456                                 {product} {command line}
   size_t MaxNewSize                               = 321912832                                 {product} {ergonomic}
   size_t MinHeapDeltaBytes                        = 1048576                                   {product} {ergonomic}
    uintx NonNMethodCodeHeapSize                   = 5830092                                {pd product} {ergonomic}
    uintx NonProfiledCodeHeapSize                  = 122914074                              {pd product} {ergonomic}
    uintx ProfiledCodeHeapSize                     = 122914074                              {pd product} {ergonomic}
    uintx ReservedCodeCacheSize                    = 251658240                              {pd product} {ergonomic}
     bool SegmentedCodeCache                       = true                                      {product} {ergonomic}
     bool UseCompressedClassPointers               = true                                 {lp64_product} {ergonomic}
     bool UseCompressedOops                        = true                                 {lp64_product} {ergonomic}
     bool UseG1GC                                  = true                                      {product} {ergonomic}
     bool UseLargePagesIndividualAllocation        = false                                  {pd product} {ergonomic}

Logging:
Log output configuration:
 #0: stdout all=warning uptime,level,tags
 #1: stderr all=off uptime,level,tags

Environment Variables:
PATH=C:\Program Files (x86)\Common Files\Oracle\Java\javapath;C:\Program Files\Citrix\ICAService\;C:\Program Files\Citrix\System32\;C:\Users\83868\AppData\Local\Microsoft\WindowsApps;C:\Windows;C:\Windows\system32;C:\Windows\System32\OpenSSH\;C:\Windows\System32\Wbem;C:\Windows\System32\WindowsPowerShell\v1.0\;C:\Program Files\Citrix\ICAService;C:\Program Files\Citrix\System32;C:\Program Files\Citrix\Virtual Desktop Agent;C:\Program Files (x86)\Microsoft SQL Server\150\DTS\Binn\;C:\Program Files\Azure Data Studio\bin;C:\Program Files\Git\cmd;C:\Program Files\nodejs\;C:\Program Files (x86)\Google\Cloud SDK\google-cloud-sdk\bin;C:\Users\83868\AppData\Local\Microsoft\WindowsApps;;C:\Program Files\Azure Data Studio\bin;C:\Program Files\JetBrains\IntelliJ IDEA 2021.2.1\bin;;C:\Users\83868\AppData\Local\Programs\Microsoft VS Code\bin;C:\Users\83868\AppData\Roaming\npm;C:\Users\83868\AppData\Local\Programs\Fiddler
USERNAME=83868
OS=Windows_NT
PROCESSOR_IDENTIFIER=Intel64 Family 6 Model 85 Stepping 7, GenuineIntel



---------------  S Y S T E M  ---------------

OS: Windows 10 , 64 bit Build 18362 (10.0.18362.2037)

CPU:total 4 (initial active 4) (2 cores per cpu, 1 threads per core) family 6 model 85 stepping 7, cmov, cx8, fxsr, mmx, sse, sse2, sse3, ssse3, sse4.1, sse4.2, popcnt, avx, avx2, aes, clmul, erms, 3dnowpref, lzcnt, tsc, tscinvbit, bmi1, bmi2, adx, fma

Memory: 4k page, system-wide physical 16382M (7853M free)
TotalPageFile size 17406M (AvailPageFile size 8078M)
current process WorkingSet (physical memory assigned to process): 393M, peak: 410M
current process commit charge ("private bytes"): 465M, peak: 494M

vm_info: OpenJDK 64-Bit Server VM (11+28) for windows-amd64 JRE (11+28), built on Aug 23 2018 03:04:58 by "mach5one" with MS VC++ 15.5 (VS2017)

END.
